# Translating with checkpoint data/wmt/run/model_step_100000.pt
[2020-12-18 10:12:30,910 INFO] Translating shard 0.
/home/jefhe/anaconda3/envs/opennmt/lib/python3.8/site-packages/onmt/translate/beam_search.py:209: UserWarning: An output with one or more elements was resized since it had shape [785], which does not match the required output shape [157, 5].This behavior is deprecated, and in a future PyTorch release outputs will not be resized unless they have zero elements. You can explicitly reuse an out tensor t by resizing it, inplace, to zero elements with t.resize_(0). (Triggered internally at  /opt/conda/conda-bld/pytorch_1603729096996/work/aten/src/ATen/native/Resize.cpp:19.)
  torch.mul(self.topk_scores, length_penalty, out=self.topk_log_probs)
/home/jefhe/anaconda3/envs/opennmt/lib/python3.8/site-packages/onmt/translate/beam_search.py:209: UserWarning: An output with one or more elements was resized since it had shape [1305], which does not match the required output shape [261, 5].This behavior is deprecated, and in a future PyTorch release outputs will not be resized unless they have zero elements. You can explicitly reuse an out tensor t by resizing it, inplace, to zero elements with t.resize_(0). (Triggered internally at  /opt/conda/conda-bld/pytorch_1603729096996/work/aten/src/ATen/native/Resize.cpp:19.)
  torch.mul(self.topk_scores, length_penalty, out=self.topk_log_probs)
/home/jefhe/anaconda3/envs/opennmt/lib/python3.8/site-packages/onmt/translate/beam_search.py:209: UserWarning: An output with one or more elements was resized since it had shape [900], which does not match the required output shape [180, 5].This behavior is deprecated, and in a future PyTorch release outputs will not be resized unless they have zero elements. You can explicitly reuse an out tensor t by resizing it, inplace, to zero elements with t.resize_(0). (Triggered internally at  /opt/conda/conda-bld/pytorch_1603729096996/work/aten/src/ATen/native/Resize.cpp:19.)
  torch.mul(self.topk_scores, length_penalty, out=self.topk_log_probs)
/home/jefhe/anaconda3/envs/opennmt/lib/python3.8/site-packages/onmt/translate/beam_search.py:209: UserWarning: An output with one or more elements was resized since it had shape [1120], which does not match the required output shape [224, 5].This behavior is deprecated, and in a future PyTorch release outputs will not be resized unless they have zero elements. You can explicitly reuse an out tensor t by resizing it, inplace, to zero elements with t.resize_(0). (Triggered internally at  /opt/conda/conda-bld/pytorch_1603729096996/work/aten/src/ATen/native/Resize.cpp:19.)
  torch.mul(self.topk_scores, length_penalty, out=self.topk_log_probs)
/home/jefhe/anaconda3/envs/opennmt/lib/python3.8/site-packages/onmt/translate/beam_search.py:209: UserWarning: An output with one or more elements was resized since it had shape [1150], which does not match the required output shape [230, 5].This behavior is deprecated, and in a future PyTorch release outputs will not be resized unless they have zero elements. You can explicitly reuse an out tensor t by resizing it, inplace, to zero elements with t.resize_(0). (Triggered internally at  /opt/conda/conda-bld/pytorch_1603729096996/work/aten/src/ATen/native/Resize.cpp:19.)
  torch.mul(self.topk_scores, length_penalty, out=self.topk_log_probs)
/home/jefhe/anaconda3/envs/opennmt/lib/python3.8/site-packages/onmt/translate/beam_search.py:209: UserWarning: An output with one or more elements was resized since it had shape [1020], which does not match the required output shape [204, 5].This behavior is deprecated, and in a future PyTorch release outputs will not be resized unless they have zero elements. You can explicitly reuse an out tensor t by resizing it, inplace, to zero elements with t.resize_(0). (Triggered internally at  /opt/conda/conda-bld/pytorch_1603729096996/work/aten/src/ATen/native/Resize.cpp:19.)
  torch.mul(self.topk_scores, length_penalty, out=self.topk_log_probs)
/home/jefhe/anaconda3/envs/opennmt/lib/python3.8/site-packages/onmt/translate/beam_search.py:209: UserWarning: An output with one or more elements was resized since it had shape [1185], which does not match the required output shape [237, 5].This behavior is deprecated, and in a future PyTorch release outputs will not be resized unless they have zero elements. You can explicitly reuse an out tensor t by resizing it, inplace, to zero elements with t.resize_(0). (Triggered internally at  /opt/conda/conda-bld/pytorch_1603729096996/work/aten/src/ATen/native/Resize.cpp:19.)
  torch.mul(self.topk_scores, length_penalty, out=self.topk_log_probs)
/home/jefhe/anaconda3/envs/opennmt/lib/python3.8/site-packages/onmt/translate/beam_search.py:209: UserWarning: An output with one or more elements was resized since it had shape [1195], which does not match the required output shape [239, 5].This behavior is deprecated, and in a future PyTorch release outputs will not be resized unless they have zero elements. You can explicitly reuse an out tensor t by resizing it, inplace, to zero elements with t.resize_(0). (Triggered internally at  /opt/conda/conda-bld/pytorch_1603729096996/work/aten/src/ATen/native/Resize.cpp:19.)
  torch.mul(self.topk_scores, length_penalty, out=self.topk_log_probs)
/home/jefhe/anaconda3/envs/opennmt/lib/python3.8/site-packages/onmt/translate/beam_search.py:209: UserWarning: An output with one or more elements was resized since it had shape [880], which does not match the required output shape [176, 5].This behavior is deprecated, and in a future PyTorch release outputs will not be resized unless they have zero elements. You can explicitly reuse an out tensor t by resizing it, inplace, to zero elements with t.resize_(0). (Triggered internally at  /opt/conda/conda-bld/pytorch_1603729096996/work/aten/src/ATen/native/Resize.cpp:19.)
  torch.mul(self.topk_scores, length_penalty, out=self.topk_log_probs)
/home/jefhe/anaconda3/envs/opennmt/lib/python3.8/site-packages/onmt/translate/beam_search.py:209: UserWarning: An output with one or more elements was resized since it had shape [1050], which does not match the required output shape [210, 5].This behavior is deprecated, and in a future PyTorch release outputs will not be resized unless they have zero elements. You can explicitly reuse an out tensor t by resizing it, inplace, to zero elements with t.resize_(0). (Triggered internally at  /opt/conda/conda-bld/pytorch_1603729096996/work/aten/src/ATen/native/Resize.cpp:19.)
  torch.mul(self.topk_scores, length_penalty, out=self.topk_log_probs)
/home/jefhe/anaconda3/envs/opennmt/lib/python3.8/site-packages/onmt/translate/beam_search.py:209: UserWarning: An output with one or more elements was resized since it had shape [1075], which does not match the required output shape [215, 5].This behavior is deprecated, and in a future PyTorch release outputs will not be resized unless they have zero elements. You can explicitly reuse an out tensor t by resizing it, inplace, to zero elements with t.resize_(0). (Triggered internally at  /opt/conda/conda-bld/pytorch_1603729096996/work/aten/src/ATen/native/Resize.cpp:19.)
  torch.mul(self.topk_scores, length_penalty, out=self.topk_log_probs)
/home/jefhe/anaconda3/envs/opennmt/lib/python3.8/site-packages/onmt/translate/beam_search.py:209: UserWarning: An output with one or more elements was resized since it had shape [800], which does not match the required output shape [160, 5].This behavior is deprecated, and in a future PyTorch release outputs will not be resized unless they have zero elements. You can explicitly reuse an out tensor t by resizing it, inplace, to zero elements with t.resize_(0). (Triggered internally at  /opt/conda/conda-bld/pytorch_1603729096996/work/aten/src/ATen/native/Resize.cpp:19.)
  torch.mul(self.topk_scores, length_penalty, out=self.topk_log_probs)
/home/jefhe/anaconda3/envs/opennmt/lib/python3.8/site-packages/onmt/translate/beam_search.py:209: UserWarning: An output with one or more elements was resized since it had shape [330], which does not match the required output shape [66, 5].This behavior is deprecated, and in a future PyTorch release outputs will not be resized unless they have zero elements. You can explicitly reuse an out tensor t by resizing it, inplace, to zero elements with t.resize_(0). (Triggered internally at  /opt/conda/conda-bld/pytorch_1603729096996/work/aten/src/ATen/native/Resize.cpp:19.)
  torch.mul(self.topk_scores, length_penalty, out=self.topk_log_probs)
[2020-12-18 10:13:17,083 INFO] PRED AVG SCORE: -0.4619, PRED PPL: 1.5870
[2020-12-18 10:13:17,083 INFO] GOLD AVG SCORE: -1.5503, GOLD PPL: 4.7128
# Translating with checkpoint data/wmt/run/model_step_55000.pt
[2020-12-18 10:13:33,207 INFO] Translating shard 0.
/home/jefhe/anaconda3/envs/opennmt/lib/python3.8/site-packages/onmt/translate/beam_search.py:209: UserWarning: An output with one or more elements was resized since it had shape [785], which does not match the required output shape [157, 5].This behavior is deprecated, and in a future PyTorch release outputs will not be resized unless they have zero elements. You can explicitly reuse an out tensor t by resizing it, inplace, to zero elements with t.resize_(0). (Triggered internally at  /opt/conda/conda-bld/pytorch_1603729096996/work/aten/src/ATen/native/Resize.cpp:19.)
  torch.mul(self.topk_scores, length_penalty, out=self.topk_log_probs)
/home/jefhe/anaconda3/envs/opennmt/lib/python3.8/site-packages/onmt/translate/beam_search.py:209: UserWarning: An output with one or more elements was resized since it had shape [1305], which does not match the required output shape [261, 5].This behavior is deprecated, and in a future PyTorch release outputs will not be resized unless they have zero elements. You can explicitly reuse an out tensor t by resizing it, inplace, to zero elements with t.resize_(0). (Triggered internally at  /opt/conda/conda-bld/pytorch_1603729096996/work/aten/src/ATen/native/Resize.cpp:19.)
  torch.mul(self.topk_scores, length_penalty, out=self.topk_log_probs)
/home/jefhe/anaconda3/envs/opennmt/lib/python3.8/site-packages/onmt/translate/beam_search.py:209: UserWarning: An output with one or more elements was resized since it had shape [900], which does not match the required output shape [180, 5].This behavior is deprecated, and in a future PyTorch release outputs will not be resized unless they have zero elements. You can explicitly reuse an out tensor t by resizing it, inplace, to zero elements with t.resize_(0). (Triggered internally at  /opt/conda/conda-bld/pytorch_1603729096996/work/aten/src/ATen/native/Resize.cpp:19.)
  torch.mul(self.topk_scores, length_penalty, out=self.topk_log_probs)
/home/jefhe/anaconda3/envs/opennmt/lib/python3.8/site-packages/onmt/translate/beam_search.py:209: UserWarning: An output with one or more elements was resized since it had shape [1120], which does not match the required output shape [224, 5].This behavior is deprecated, and in a future PyTorch release outputs will not be resized unless they have zero elements. You can explicitly reuse an out tensor t by resizing it, inplace, to zero elements with t.resize_(0). (Triggered internally at  /opt/conda/conda-bld/pytorch_1603729096996/work/aten/src/ATen/native/Resize.cpp:19.)
  torch.mul(self.topk_scores, length_penalty, out=self.topk_log_probs)
/home/jefhe/anaconda3/envs/opennmt/lib/python3.8/site-packages/onmt/translate/beam_search.py:209: UserWarning: An output with one or more elements was resized since it had shape [1150], which does not match the required output shape [230, 5].This behavior is deprecated, and in a future PyTorch release outputs will not be resized unless they have zero elements. You can explicitly reuse an out tensor t by resizing it, inplace, to zero elements with t.resize_(0). (Triggered internally at  /opt/conda/conda-bld/pytorch_1603729096996/work/aten/src/ATen/native/Resize.cpp:19.)
  torch.mul(self.topk_scores, length_penalty, out=self.topk_log_probs)
/home/jefhe/anaconda3/envs/opennmt/lib/python3.8/site-packages/onmt/translate/beam_search.py:209: UserWarning: An output with one or more elements was resized since it had shape [1020], which does not match the required output shape [204, 5].This behavior is deprecated, and in a future PyTorch release outputs will not be resized unless they have zero elements. You can explicitly reuse an out tensor t by resizing it, inplace, to zero elements with t.resize_(0). (Triggered internally at  /opt/conda/conda-bld/pytorch_1603729096996/work/aten/src/ATen/native/Resize.cpp:19.)
  torch.mul(self.topk_scores, length_penalty, out=self.topk_log_probs)
/home/jefhe/anaconda3/envs/opennmt/lib/python3.8/site-packages/onmt/translate/beam_search.py:209: UserWarning: An output with one or more elements was resized since it had shape [1185], which does not match the required output shape [237, 5].This behavior is deprecated, and in a future PyTorch release outputs will not be resized unless they have zero elements. You can explicitly reuse an out tensor t by resizing it, inplace, to zero elements with t.resize_(0). (Triggered internally at  /opt/conda/conda-bld/pytorch_1603729096996/work/aten/src/ATen/native/Resize.cpp:19.)
  torch.mul(self.topk_scores, length_penalty, out=self.topk_log_probs)
/home/jefhe/anaconda3/envs/opennmt/lib/python3.8/site-packages/onmt/translate/beam_search.py:209: UserWarning: An output with one or more elements was resized since it had shape [1195], which does not match the required output shape [239, 5].This behavior is deprecated, and in a future PyTorch release outputs will not be resized unless they have zero elements. You can explicitly reuse an out tensor t by resizing it, inplace, to zero elements with t.resize_(0). (Triggered internally at  /opt/conda/conda-bld/pytorch_1603729096996/work/aten/src/ATen/native/Resize.cpp:19.)
  torch.mul(self.topk_scores, length_penalty, out=self.topk_log_probs)
/home/jefhe/anaconda3/envs/opennmt/lib/python3.8/site-packages/onmt/translate/beam_search.py:209: UserWarning: An output with one or more elements was resized since it had shape [880], which does not match the required output shape [176, 5].This behavior is deprecated, and in a future PyTorch release outputs will not be resized unless they have zero elements. You can explicitly reuse an out tensor t by resizing it, inplace, to zero elements with t.resize_(0). (Triggered internally at  /opt/conda/conda-bld/pytorch_1603729096996/work/aten/src/ATen/native/Resize.cpp:19.)
  torch.mul(self.topk_scores, length_penalty, out=self.topk_log_probs)
/home/jefhe/anaconda3/envs/opennmt/lib/python3.8/site-packages/onmt/translate/beam_search.py:209: UserWarning: An output with one or more elements was resized since it had shape [1050], which does not match the required output shape [210, 5].This behavior is deprecated, and in a future PyTorch release outputs will not be resized unless they have zero elements. You can explicitly reuse an out tensor t by resizing it, inplace, to zero elements with t.resize_(0). (Triggered internally at  /opt/conda/conda-bld/pytorch_1603729096996/work/aten/src/ATen/native/Resize.cpp:19.)
  torch.mul(self.topk_scores, length_penalty, out=self.topk_log_probs)
/home/jefhe/anaconda3/envs/opennmt/lib/python3.8/site-packages/onmt/translate/beam_search.py:209: UserWarning: An output with one or more elements was resized since it had shape [1075], which does not match the required output shape [215, 5].This behavior is deprecated, and in a future PyTorch release outputs will not be resized unless they have zero elements. You can explicitly reuse an out tensor t by resizing it, inplace, to zero elements with t.resize_(0). (Triggered internally at  /opt/conda/conda-bld/pytorch_1603729096996/work/aten/src/ATen/native/Resize.cpp:19.)
  torch.mul(self.topk_scores, length_penalty, out=self.topk_log_probs)
/home/jefhe/anaconda3/envs/opennmt/lib/python3.8/site-packages/onmt/translate/beam_search.py:209: UserWarning: An output with one or more elements was resized since it had shape [800], which does not match the required output shape [160, 5].This behavior is deprecated, and in a future PyTorch release outputs will not be resized unless they have zero elements. You can explicitly reuse an out tensor t by resizing it, inplace, to zero elements with t.resize_(0). (Triggered internally at  /opt/conda/conda-bld/pytorch_1603729096996/work/aten/src/ATen/native/Resize.cpp:19.)
  torch.mul(self.topk_scores, length_penalty, out=self.topk_log_probs)
/home/jefhe/anaconda3/envs/opennmt/lib/python3.8/site-packages/onmt/translate/beam_search.py:209: UserWarning: An output with one or more elements was resized since it had shape [330], which does not match the required output shape [66, 5].This behavior is deprecated, and in a future PyTorch release outputs will not be resized unless they have zero elements. You can explicitly reuse an out tensor t by resizing it, inplace, to zero elements with t.resize_(0). (Triggered internally at  /opt/conda/conda-bld/pytorch_1603729096996/work/aten/src/ATen/native/Resize.cpp:19.)
  torch.mul(self.topk_scores, length_penalty, out=self.topk_log_probs)
[2020-12-18 10:14:19,514 INFO] PRED AVG SCORE: -0.4884, PRED PPL: 1.6297
[2020-12-18 10:14:19,515 INFO] GOLD AVG SCORE: -1.6045, GOLD PPL: 4.9753
# Translating with checkpoint data/wmt/run/model_step_60000.pt
[2020-12-18 10:14:35,312 INFO] Translating shard 0.
/home/jefhe/anaconda3/envs/opennmt/lib/python3.8/site-packages/onmt/translate/beam_search.py:209: UserWarning: An output with one or more elements was resized since it had shape [785], which does not match the required output shape [157, 5].This behavior is deprecated, and in a future PyTorch release outputs will not be resized unless they have zero elements. You can explicitly reuse an out tensor t by resizing it, inplace, to zero elements with t.resize_(0). (Triggered internally at  /opt/conda/conda-bld/pytorch_1603729096996/work/aten/src/ATen/native/Resize.cpp:19.)
  torch.mul(self.topk_scores, length_penalty, out=self.topk_log_probs)
/home/jefhe/anaconda3/envs/opennmt/lib/python3.8/site-packages/onmt/translate/beam_search.py:209: UserWarning: An output with one or more elements was resized since it had shape [1305], which does not match the required output shape [261, 5].This behavior is deprecated, and in a future PyTorch release outputs will not be resized unless they have zero elements. You can explicitly reuse an out tensor t by resizing it, inplace, to zero elements with t.resize_(0). (Triggered internally at  /opt/conda/conda-bld/pytorch_1603729096996/work/aten/src/ATen/native/Resize.cpp:19.)
  torch.mul(self.topk_scores, length_penalty, out=self.topk_log_probs)
/home/jefhe/anaconda3/envs/opennmt/lib/python3.8/site-packages/onmt/translate/beam_search.py:209: UserWarning: An output with one or more elements was resized since it had shape [900], which does not match the required output shape [180, 5].This behavior is deprecated, and in a future PyTorch release outputs will not be resized unless they have zero elements. You can explicitly reuse an out tensor t by resizing it, inplace, to zero elements with t.resize_(0). (Triggered internally at  /opt/conda/conda-bld/pytorch_1603729096996/work/aten/src/ATen/native/Resize.cpp:19.)
  torch.mul(self.topk_scores, length_penalty, out=self.topk_log_probs)
/home/jefhe/anaconda3/envs/opennmt/lib/python3.8/site-packages/onmt/translate/beam_search.py:209: UserWarning: An output with one or more elements was resized since it had shape [1120], which does not match the required output shape [224, 5].This behavior is deprecated, and in a future PyTorch release outputs will not be resized unless they have zero elements. You can explicitly reuse an out tensor t by resizing it, inplace, to zero elements with t.resize_(0). (Triggered internally at  /opt/conda/conda-bld/pytorch_1603729096996/work/aten/src/ATen/native/Resize.cpp:19.)
  torch.mul(self.topk_scores, length_penalty, out=self.topk_log_probs)
/home/jefhe/anaconda3/envs/opennmt/lib/python3.8/site-packages/onmt/translate/beam_search.py:209: UserWarning: An output with one or more elements was resized since it had shape [1150], which does not match the required output shape [230, 5].This behavior is deprecated, and in a future PyTorch release outputs will not be resized unless they have zero elements. You can explicitly reuse an out tensor t by resizing it, inplace, to zero elements with t.resize_(0). (Triggered internally at  /opt/conda/conda-bld/pytorch_1603729096996/work/aten/src/ATen/native/Resize.cpp:19.)
  torch.mul(self.topk_scores, length_penalty, out=self.topk_log_probs)
/home/jefhe/anaconda3/envs/opennmt/lib/python3.8/site-packages/onmt/translate/beam_search.py:209: UserWarning: An output with one or more elements was resized since it had shape [1020], which does not match the required output shape [204, 5].This behavior is deprecated, and in a future PyTorch release outputs will not be resized unless they have zero elements. You can explicitly reuse an out tensor t by resizing it, inplace, to zero elements with t.resize_(0). (Triggered internally at  /opt/conda/conda-bld/pytorch_1603729096996/work/aten/src/ATen/native/Resize.cpp:19.)
  torch.mul(self.topk_scores, length_penalty, out=self.topk_log_probs)
/home/jefhe/anaconda3/envs/opennmt/lib/python3.8/site-packages/onmt/translate/beam_search.py:209: UserWarning: An output with one or more elements was resized since it had shape [1185], which does not match the required output shape [237, 5].This behavior is deprecated, and in a future PyTorch release outputs will not be resized unless they have zero elements. You can explicitly reuse an out tensor t by resizing it, inplace, to zero elements with t.resize_(0). (Triggered internally at  /opt/conda/conda-bld/pytorch_1603729096996/work/aten/src/ATen/native/Resize.cpp:19.)
  torch.mul(self.topk_scores, length_penalty, out=self.topk_log_probs)
/home/jefhe/anaconda3/envs/opennmt/lib/python3.8/site-packages/onmt/translate/beam_search.py:209: UserWarning: An output with one or more elements was resized since it had shape [1195], which does not match the required output shape [239, 5].This behavior is deprecated, and in a future PyTorch release outputs will not be resized unless they have zero elements. You can explicitly reuse an out tensor t by resizing it, inplace, to zero elements with t.resize_(0). (Triggered internally at  /opt/conda/conda-bld/pytorch_1603729096996/work/aten/src/ATen/native/Resize.cpp:19.)
  torch.mul(self.topk_scores, length_penalty, out=self.topk_log_probs)
/home/jefhe/anaconda3/envs/opennmt/lib/python3.8/site-packages/onmt/translate/beam_search.py:209: UserWarning: An output with one or more elements was resized since it had shape [880], which does not match the required output shape [176, 5].This behavior is deprecated, and in a future PyTorch release outputs will not be resized unless they have zero elements. You can explicitly reuse an out tensor t by resizing it, inplace, to zero elements with t.resize_(0). (Triggered internally at  /opt/conda/conda-bld/pytorch_1603729096996/work/aten/src/ATen/native/Resize.cpp:19.)
  torch.mul(self.topk_scores, length_penalty, out=self.topk_log_probs)
/home/jefhe/anaconda3/envs/opennmt/lib/python3.8/site-packages/onmt/translate/beam_search.py:209: UserWarning: An output with one or more elements was resized since it had shape [1050], which does not match the required output shape [210, 5].This behavior is deprecated, and in a future PyTorch release outputs will not be resized unless they have zero elements. You can explicitly reuse an out tensor t by resizing it, inplace, to zero elements with t.resize_(0). (Triggered internally at  /opt/conda/conda-bld/pytorch_1603729096996/work/aten/src/ATen/native/Resize.cpp:19.)
  torch.mul(self.topk_scores, length_penalty, out=self.topk_log_probs)
/home/jefhe/anaconda3/envs/opennmt/lib/python3.8/site-packages/onmt/translate/beam_search.py:209: UserWarning: An output with one or more elements was resized since it had shape [1075], which does not match the required output shape [215, 5].This behavior is deprecated, and in a future PyTorch release outputs will not be resized unless they have zero elements. You can explicitly reuse an out tensor t by resizing it, inplace, to zero elements with t.resize_(0). (Triggered internally at  /opt/conda/conda-bld/pytorch_1603729096996/work/aten/src/ATen/native/Resize.cpp:19.)
  torch.mul(self.topk_scores, length_penalty, out=self.topk_log_probs)
/home/jefhe/anaconda3/envs/opennmt/lib/python3.8/site-packages/onmt/translate/beam_search.py:209: UserWarning: An output with one or more elements was resized since it had shape [800], which does not match the required output shape [160, 5].This behavior is deprecated, and in a future PyTorch release outputs will not be resized unless they have zero elements. You can explicitly reuse an out tensor t by resizing it, inplace, to zero elements with t.resize_(0). (Triggered internally at  /opt/conda/conda-bld/pytorch_1603729096996/work/aten/src/ATen/native/Resize.cpp:19.)
  torch.mul(self.topk_scores, length_penalty, out=self.topk_log_probs)
/home/jefhe/anaconda3/envs/opennmt/lib/python3.8/site-packages/onmt/translate/beam_search.py:209: UserWarning: An output with one or more elements was resized since it had shape [330], which does not match the required output shape [66, 5].This behavior is deprecated, and in a future PyTorch release outputs will not be resized unless they have zero elements. You can explicitly reuse an out tensor t by resizing it, inplace, to zero elements with t.resize_(0). (Triggered internally at  /opt/conda/conda-bld/pytorch_1603729096996/work/aten/src/ATen/native/Resize.cpp:19.)
  torch.mul(self.topk_scores, length_penalty, out=self.topk_log_probs)
[2020-12-18 10:15:26,363 INFO] PRED AVG SCORE: -0.4795, PRED PPL: 1.6152
[2020-12-18 10:15:26,363 INFO] GOLD AVG SCORE: -1.5987, GOLD PPL: 4.9467
# Translating with checkpoint data/wmt/run/model_step_65000.pt
[2020-12-18 10:15:42,094 INFO] Translating shard 0.
/home/jefhe/anaconda3/envs/opennmt/lib/python3.8/site-packages/onmt/translate/beam_search.py:209: UserWarning: An output with one or more elements was resized since it had shape [785], which does not match the required output shape [157, 5].This behavior is deprecated, and in a future PyTorch release outputs will not be resized unless they have zero elements. You can explicitly reuse an out tensor t by resizing it, inplace, to zero elements with t.resize_(0). (Triggered internally at  /opt/conda/conda-bld/pytorch_1603729096996/work/aten/src/ATen/native/Resize.cpp:19.)
  torch.mul(self.topk_scores, length_penalty, out=self.topk_log_probs)
/home/jefhe/anaconda3/envs/opennmt/lib/python3.8/site-packages/onmt/translate/beam_search.py:209: UserWarning: An output with one or more elements was resized since it had shape [1305], which does not match the required output shape [261, 5].This behavior is deprecated, and in a future PyTorch release outputs will not be resized unless they have zero elements. You can explicitly reuse an out tensor t by resizing it, inplace, to zero elements with t.resize_(0). (Triggered internally at  /opt/conda/conda-bld/pytorch_1603729096996/work/aten/src/ATen/native/Resize.cpp:19.)
  torch.mul(self.topk_scores, length_penalty, out=self.topk_log_probs)
/home/jefhe/anaconda3/envs/opennmt/lib/python3.8/site-packages/onmt/translate/beam_search.py:209: UserWarning: An output with one or more elements was resized since it had shape [900], which does not match the required output shape [180, 5].This behavior is deprecated, and in a future PyTorch release outputs will not be resized unless they have zero elements. You can explicitly reuse an out tensor t by resizing it, inplace, to zero elements with t.resize_(0). (Triggered internally at  /opt/conda/conda-bld/pytorch_1603729096996/work/aten/src/ATen/native/Resize.cpp:19.)
  torch.mul(self.topk_scores, length_penalty, out=self.topk_log_probs)
/home/jefhe/anaconda3/envs/opennmt/lib/python3.8/site-packages/onmt/translate/beam_search.py:209: UserWarning: An output with one or more elements was resized since it had shape [1120], which does not match the required output shape [224, 5].This behavior is deprecated, and in a future PyTorch release outputs will not be resized unless they have zero elements. You can explicitly reuse an out tensor t by resizing it, inplace, to zero elements with t.resize_(0). (Triggered internally at  /opt/conda/conda-bld/pytorch_1603729096996/work/aten/src/ATen/native/Resize.cpp:19.)
  torch.mul(self.topk_scores, length_penalty, out=self.topk_log_probs)
/home/jefhe/anaconda3/envs/opennmt/lib/python3.8/site-packages/onmt/translate/beam_search.py:209: UserWarning: An output with one or more elements was resized since it had shape [1150], which does not match the required output shape [230, 5].This behavior is deprecated, and in a future PyTorch release outputs will not be resized unless they have zero elements. You can explicitly reuse an out tensor t by resizing it, inplace, to zero elements with t.resize_(0). (Triggered internally at  /opt/conda/conda-bld/pytorch_1603729096996/work/aten/src/ATen/native/Resize.cpp:19.)
  torch.mul(self.topk_scores, length_penalty, out=self.topk_log_probs)
/home/jefhe/anaconda3/envs/opennmt/lib/python3.8/site-packages/onmt/translate/beam_search.py:209: UserWarning: An output with one or more elements was resized since it had shape [1020], which does not match the required output shape [204, 5].This behavior is deprecated, and in a future PyTorch release outputs will not be resized unless they have zero elements. You can explicitly reuse an out tensor t by resizing it, inplace, to zero elements with t.resize_(0). (Triggered internally at  /opt/conda/conda-bld/pytorch_1603729096996/work/aten/src/ATen/native/Resize.cpp:19.)
  torch.mul(self.topk_scores, length_penalty, out=self.topk_log_probs)
/home/jefhe/anaconda3/envs/opennmt/lib/python3.8/site-packages/onmt/translate/beam_search.py:209: UserWarning: An output with one or more elements was resized since it had shape [1185], which does not match the required output shape [237, 5].This behavior is deprecated, and in a future PyTorch release outputs will not be resized unless they have zero elements. You can explicitly reuse an out tensor t by resizing it, inplace, to zero elements with t.resize_(0). (Triggered internally at  /opt/conda/conda-bld/pytorch_1603729096996/work/aten/src/ATen/native/Resize.cpp:19.)
  torch.mul(self.topk_scores, length_penalty, out=self.topk_log_probs)
/home/jefhe/anaconda3/envs/opennmt/lib/python3.8/site-packages/onmt/translate/beam_search.py:209: UserWarning: An output with one or more elements was resized since it had shape [1195], which does not match the required output shape [239, 5].This behavior is deprecated, and in a future PyTorch release outputs will not be resized unless they have zero elements. You can explicitly reuse an out tensor t by resizing it, inplace, to zero elements with t.resize_(0). (Triggered internally at  /opt/conda/conda-bld/pytorch_1603729096996/work/aten/src/ATen/native/Resize.cpp:19.)
  torch.mul(self.topk_scores, length_penalty, out=self.topk_log_probs)
/home/jefhe/anaconda3/envs/opennmt/lib/python3.8/site-packages/onmt/translate/beam_search.py:209: UserWarning: An output with one or more elements was resized since it had shape [880], which does not match the required output shape [176, 5].This behavior is deprecated, and in a future PyTorch release outputs will not be resized unless they have zero elements. You can explicitly reuse an out tensor t by resizing it, inplace, to zero elements with t.resize_(0). (Triggered internally at  /opt/conda/conda-bld/pytorch_1603729096996/work/aten/src/ATen/native/Resize.cpp:19.)
  torch.mul(self.topk_scores, length_penalty, out=self.topk_log_probs)
/home/jefhe/anaconda3/envs/opennmt/lib/python3.8/site-packages/onmt/translate/beam_search.py:209: UserWarning: An output with one or more elements was resized since it had shape [1050], which does not match the required output shape [210, 5].This behavior is deprecated, and in a future PyTorch release outputs will not be resized unless they have zero elements. You can explicitly reuse an out tensor t by resizing it, inplace, to zero elements with t.resize_(0). (Triggered internally at  /opt/conda/conda-bld/pytorch_1603729096996/work/aten/src/ATen/native/Resize.cpp:19.)
  torch.mul(self.topk_scores, length_penalty, out=self.topk_log_probs)
/home/jefhe/anaconda3/envs/opennmt/lib/python3.8/site-packages/onmt/translate/beam_search.py:209: UserWarning: An output with one or more elements was resized since it had shape [1075], which does not match the required output shape [215, 5].This behavior is deprecated, and in a future PyTorch release outputs will not be resized unless they have zero elements. You can explicitly reuse an out tensor t by resizing it, inplace, to zero elements with t.resize_(0). (Triggered internally at  /opt/conda/conda-bld/pytorch_1603729096996/work/aten/src/ATen/native/Resize.cpp:19.)
  torch.mul(self.topk_scores, length_penalty, out=self.topk_log_probs)
/home/jefhe/anaconda3/envs/opennmt/lib/python3.8/site-packages/onmt/translate/beam_search.py:209: UserWarning: An output with one or more elements was resized since it had shape [800], which does not match the required output shape [160, 5].This behavior is deprecated, and in a future PyTorch release outputs will not be resized unless they have zero elements. You can explicitly reuse an out tensor t by resizing it, inplace, to zero elements with t.resize_(0). (Triggered internally at  /opt/conda/conda-bld/pytorch_1603729096996/work/aten/src/ATen/native/Resize.cpp:19.)
  torch.mul(self.topk_scores, length_penalty, out=self.topk_log_probs)
/home/jefhe/anaconda3/envs/opennmt/lib/python3.8/site-packages/onmt/translate/beam_search.py:209: UserWarning: An output with one or more elements was resized since it had shape [330], which does not match the required output shape [66, 5].This behavior is deprecated, and in a future PyTorch release outputs will not be resized unless they have zero elements. You can explicitly reuse an out tensor t by resizing it, inplace, to zero elements with t.resize_(0). (Triggered internally at  /opt/conda/conda-bld/pytorch_1603729096996/work/aten/src/ATen/native/Resize.cpp:19.)
  torch.mul(self.topk_scores, length_penalty, out=self.topk_log_probs)
[2020-12-18 10:16:32,777 INFO] PRED AVG SCORE: -0.4923, PRED PPL: 1.6360
[2020-12-18 10:16:32,777 INFO] GOLD AVG SCORE: -1.5835, GOLD PPL: 4.8720
# Translating with checkpoint data/wmt/run/model_step_70000.pt
[2020-12-18 10:16:48,350 INFO] Translating shard 0.
/home/jefhe/anaconda3/envs/opennmt/lib/python3.8/site-packages/onmt/translate/beam_search.py:209: UserWarning: An output with one or more elements was resized since it had shape [785], which does not match the required output shape [157, 5].This behavior is deprecated, and in a future PyTorch release outputs will not be resized unless they have zero elements. You can explicitly reuse an out tensor t by resizing it, inplace, to zero elements with t.resize_(0). (Triggered internally at  /opt/conda/conda-bld/pytorch_1603729096996/work/aten/src/ATen/native/Resize.cpp:19.)
  torch.mul(self.topk_scores, length_penalty, out=self.topk_log_probs)
/home/jefhe/anaconda3/envs/opennmt/lib/python3.8/site-packages/onmt/translate/beam_search.py:209: UserWarning: An output with one or more elements was resized since it had shape [1305], which does not match the required output shape [261, 5].This behavior is deprecated, and in a future PyTorch release outputs will not be resized unless they have zero elements. You can explicitly reuse an out tensor t by resizing it, inplace, to zero elements with t.resize_(0). (Triggered internally at  /opt/conda/conda-bld/pytorch_1603729096996/work/aten/src/ATen/native/Resize.cpp:19.)
  torch.mul(self.topk_scores, length_penalty, out=self.topk_log_probs)
/home/jefhe/anaconda3/envs/opennmt/lib/python3.8/site-packages/onmt/translate/beam_search.py:209: UserWarning: An output with one or more elements was resized since it had shape [900], which does not match the required output shape [180, 5].This behavior is deprecated, and in a future PyTorch release outputs will not be resized unless they have zero elements. You can explicitly reuse an out tensor t by resizing it, inplace, to zero elements with t.resize_(0). (Triggered internally at  /opt/conda/conda-bld/pytorch_1603729096996/work/aten/src/ATen/native/Resize.cpp:19.)
  torch.mul(self.topk_scores, length_penalty, out=self.topk_log_probs)
/home/jefhe/anaconda3/envs/opennmt/lib/python3.8/site-packages/onmt/translate/beam_search.py:209: UserWarning: An output with one or more elements was resized since it had shape [1120], which does not match the required output shape [224, 5].This behavior is deprecated, and in a future PyTorch release outputs will not be resized unless they have zero elements. You can explicitly reuse an out tensor t by resizing it, inplace, to zero elements with t.resize_(0). (Triggered internally at  /opt/conda/conda-bld/pytorch_1603729096996/work/aten/src/ATen/native/Resize.cpp:19.)
  torch.mul(self.topk_scores, length_penalty, out=self.topk_log_probs)
/home/jefhe/anaconda3/envs/opennmt/lib/python3.8/site-packages/onmt/translate/beam_search.py:209: UserWarning: An output with one or more elements was resized since it had shape [1150], which does not match the required output shape [230, 5].This behavior is deprecated, and in a future PyTorch release outputs will not be resized unless they have zero elements. You can explicitly reuse an out tensor t by resizing it, inplace, to zero elements with t.resize_(0). (Triggered internally at  /opt/conda/conda-bld/pytorch_1603729096996/work/aten/src/ATen/native/Resize.cpp:19.)
  torch.mul(self.topk_scores, length_penalty, out=self.topk_log_probs)
/home/jefhe/anaconda3/envs/opennmt/lib/python3.8/site-packages/onmt/translate/beam_search.py:209: UserWarning: An output with one or more elements was resized since it had shape [1020], which does not match the required output shape [204, 5].This behavior is deprecated, and in a future PyTorch release outputs will not be resized unless they have zero elements. You can explicitly reuse an out tensor t by resizing it, inplace, to zero elements with t.resize_(0). (Triggered internally at  /opt/conda/conda-bld/pytorch_1603729096996/work/aten/src/ATen/native/Resize.cpp:19.)
  torch.mul(self.topk_scores, length_penalty, out=self.topk_log_probs)
/home/jefhe/anaconda3/envs/opennmt/lib/python3.8/site-packages/onmt/translate/beam_search.py:209: UserWarning: An output with one or more elements was resized since it had shape [1185], which does not match the required output shape [237, 5].This behavior is deprecated, and in a future PyTorch release outputs will not be resized unless they have zero elements. You can explicitly reuse an out tensor t by resizing it, inplace, to zero elements with t.resize_(0). (Triggered internally at  /opt/conda/conda-bld/pytorch_1603729096996/work/aten/src/ATen/native/Resize.cpp:19.)
  torch.mul(self.topk_scores, length_penalty, out=self.topk_log_probs)
/home/jefhe/anaconda3/envs/opennmt/lib/python3.8/site-packages/onmt/translate/beam_search.py:209: UserWarning: An output with one or more elements was resized since it had shape [1195], which does not match the required output shape [239, 5].This behavior is deprecated, and in a future PyTorch release outputs will not be resized unless they have zero elements. You can explicitly reuse an out tensor t by resizing it, inplace, to zero elements with t.resize_(0). (Triggered internally at  /opt/conda/conda-bld/pytorch_1603729096996/work/aten/src/ATen/native/Resize.cpp:19.)
  torch.mul(self.topk_scores, length_penalty, out=self.topk_log_probs)
/home/jefhe/anaconda3/envs/opennmt/lib/python3.8/site-packages/onmt/translate/beam_search.py:209: UserWarning: An output with one or more elements was resized since it had shape [880], which does not match the required output shape [176, 5].This behavior is deprecated, and in a future PyTorch release outputs will not be resized unless they have zero elements. You can explicitly reuse an out tensor t by resizing it, inplace, to zero elements with t.resize_(0). (Triggered internally at  /opt/conda/conda-bld/pytorch_1603729096996/work/aten/src/ATen/native/Resize.cpp:19.)
  torch.mul(self.topk_scores, length_penalty, out=self.topk_log_probs)
/home/jefhe/anaconda3/envs/opennmt/lib/python3.8/site-packages/onmt/translate/beam_search.py:209: UserWarning: An output with one or more elements was resized since it had shape [1050], which does not match the required output shape [210, 5].This behavior is deprecated, and in a future PyTorch release outputs will not be resized unless they have zero elements. You can explicitly reuse an out tensor t by resizing it, inplace, to zero elements with t.resize_(0). (Triggered internally at  /opt/conda/conda-bld/pytorch_1603729096996/work/aten/src/ATen/native/Resize.cpp:19.)
  torch.mul(self.topk_scores, length_penalty, out=self.topk_log_probs)
/home/jefhe/anaconda3/envs/opennmt/lib/python3.8/site-packages/onmt/translate/beam_search.py:209: UserWarning: An output with one or more elements was resized since it had shape [1075], which does not match the required output shape [215, 5].This behavior is deprecated, and in a future PyTorch release outputs will not be resized unless they have zero elements. You can explicitly reuse an out tensor t by resizing it, inplace, to zero elements with t.resize_(0). (Triggered internally at  /opt/conda/conda-bld/pytorch_1603729096996/work/aten/src/ATen/native/Resize.cpp:19.)
  torch.mul(self.topk_scores, length_penalty, out=self.topk_log_probs)
/home/jefhe/anaconda3/envs/opennmt/lib/python3.8/site-packages/onmt/translate/beam_search.py:209: UserWarning: An output with one or more elements was resized since it had shape [800], which does not match the required output shape [160, 5].This behavior is deprecated, and in a future PyTorch release outputs will not be resized unless they have zero elements. You can explicitly reuse an out tensor t by resizing it, inplace, to zero elements with t.resize_(0). (Triggered internally at  /opt/conda/conda-bld/pytorch_1603729096996/work/aten/src/ATen/native/Resize.cpp:19.)
  torch.mul(self.topk_scores, length_penalty, out=self.topk_log_probs)
/home/jefhe/anaconda3/envs/opennmt/lib/python3.8/site-packages/onmt/translate/beam_search.py:209: UserWarning: An output with one or more elements was resized since it had shape [330], which does not match the required output shape [66, 5].This behavior is deprecated, and in a future PyTorch release outputs will not be resized unless they have zero elements. You can explicitly reuse an out tensor t by resizing it, inplace, to zero elements with t.resize_(0). (Triggered internally at  /opt/conda/conda-bld/pytorch_1603729096996/work/aten/src/ATen/native/Resize.cpp:19.)
  torch.mul(self.topk_scores, length_penalty, out=self.topk_log_probs)
[2020-12-18 10:17:35,406 INFO] PRED AVG SCORE: -0.4813, PRED PPL: 1.6182
[2020-12-18 10:17:35,407 INFO] GOLD AVG SCORE: -1.5804, GOLD PPL: 4.8571
# Translating with checkpoint data/wmt/run/model_step_75000.pt
[2020-12-18 10:17:50,504 INFO] Translating shard 0.
/home/jefhe/anaconda3/envs/opennmt/lib/python3.8/site-packages/onmt/translate/beam_search.py:209: UserWarning: An output with one or more elements was resized since it had shape [785], which does not match the required output shape [157, 5].This behavior is deprecated, and in a future PyTorch release outputs will not be resized unless they have zero elements. You can explicitly reuse an out tensor t by resizing it, inplace, to zero elements with t.resize_(0). (Triggered internally at  /opt/conda/conda-bld/pytorch_1603729096996/work/aten/src/ATen/native/Resize.cpp:19.)
  torch.mul(self.topk_scores, length_penalty, out=self.topk_log_probs)
/home/jefhe/anaconda3/envs/opennmt/lib/python3.8/site-packages/onmt/translate/beam_search.py:209: UserWarning: An output with one or more elements was resized since it had shape [1305], which does not match the required output shape [261, 5].This behavior is deprecated, and in a future PyTorch release outputs will not be resized unless they have zero elements. You can explicitly reuse an out tensor t by resizing it, inplace, to zero elements with t.resize_(0). (Triggered internally at  /opt/conda/conda-bld/pytorch_1603729096996/work/aten/src/ATen/native/Resize.cpp:19.)
  torch.mul(self.topk_scores, length_penalty, out=self.topk_log_probs)
/home/jefhe/anaconda3/envs/opennmt/lib/python3.8/site-packages/onmt/translate/beam_search.py:209: UserWarning: An output with one or more elements was resized since it had shape [900], which does not match the required output shape [180, 5].This behavior is deprecated, and in a future PyTorch release outputs will not be resized unless they have zero elements. You can explicitly reuse an out tensor t by resizing it, inplace, to zero elements with t.resize_(0). (Triggered internally at  /opt/conda/conda-bld/pytorch_1603729096996/work/aten/src/ATen/native/Resize.cpp:19.)
  torch.mul(self.topk_scores, length_penalty, out=self.topk_log_probs)
/home/jefhe/anaconda3/envs/opennmt/lib/python3.8/site-packages/onmt/translate/beam_search.py:209: UserWarning: An output with one or more elements was resized since it had shape [1120], which does not match the required output shape [224, 5].This behavior is deprecated, and in a future PyTorch release outputs will not be resized unless they have zero elements. You can explicitly reuse an out tensor t by resizing it, inplace, to zero elements with t.resize_(0). (Triggered internally at  /opt/conda/conda-bld/pytorch_1603729096996/work/aten/src/ATen/native/Resize.cpp:19.)
  torch.mul(self.topk_scores, length_penalty, out=self.topk_log_probs)
/home/jefhe/anaconda3/envs/opennmt/lib/python3.8/site-packages/onmt/translate/beam_search.py:209: UserWarning: An output with one or more elements was resized since it had shape [1150], which does not match the required output shape [230, 5].This behavior is deprecated, and in a future PyTorch release outputs will not be resized unless they have zero elements. You can explicitly reuse an out tensor t by resizing it, inplace, to zero elements with t.resize_(0). (Triggered internally at  /opt/conda/conda-bld/pytorch_1603729096996/work/aten/src/ATen/native/Resize.cpp:19.)
  torch.mul(self.topk_scores, length_penalty, out=self.topk_log_probs)
/home/jefhe/anaconda3/envs/opennmt/lib/python3.8/site-packages/onmt/translate/beam_search.py:209: UserWarning: An output with one or more elements was resized since it had shape [1020], which does not match the required output shape [204, 5].This behavior is deprecated, and in a future PyTorch release outputs will not be resized unless they have zero elements. You can explicitly reuse an out tensor t by resizing it, inplace, to zero elements with t.resize_(0). (Triggered internally at  /opt/conda/conda-bld/pytorch_1603729096996/work/aten/src/ATen/native/Resize.cpp:19.)
  torch.mul(self.topk_scores, length_penalty, out=self.topk_log_probs)
/home/jefhe/anaconda3/envs/opennmt/lib/python3.8/site-packages/onmt/translate/beam_search.py:209: UserWarning: An output with one or more elements was resized since it had shape [1185], which does not match the required output shape [237, 5].This behavior is deprecated, and in a future PyTorch release outputs will not be resized unless they have zero elements. You can explicitly reuse an out tensor t by resizing it, inplace, to zero elements with t.resize_(0). (Triggered internally at  /opt/conda/conda-bld/pytorch_1603729096996/work/aten/src/ATen/native/Resize.cpp:19.)
  torch.mul(self.topk_scores, length_penalty, out=self.topk_log_probs)
/home/jefhe/anaconda3/envs/opennmt/lib/python3.8/site-packages/onmt/translate/beam_search.py:209: UserWarning: An output with one or more elements was resized since it had shape [1195], which does not match the required output shape [239, 5].This behavior is deprecated, and in a future PyTorch release outputs will not be resized unless they have zero elements. You can explicitly reuse an out tensor t by resizing it, inplace, to zero elements with t.resize_(0). (Triggered internally at  /opt/conda/conda-bld/pytorch_1603729096996/work/aten/src/ATen/native/Resize.cpp:19.)
  torch.mul(self.topk_scores, length_penalty, out=self.topk_log_probs)
/home/jefhe/anaconda3/envs/opennmt/lib/python3.8/site-packages/onmt/translate/beam_search.py:209: UserWarning: An output with one or more elements was resized since it had shape [880], which does not match the required output shape [176, 5].This behavior is deprecated, and in a future PyTorch release outputs will not be resized unless they have zero elements. You can explicitly reuse an out tensor t by resizing it, inplace, to zero elements with t.resize_(0). (Triggered internally at  /opt/conda/conda-bld/pytorch_1603729096996/work/aten/src/ATen/native/Resize.cpp:19.)
  torch.mul(self.topk_scores, length_penalty, out=self.topk_log_probs)
/home/jefhe/anaconda3/envs/opennmt/lib/python3.8/site-packages/onmt/translate/beam_search.py:209: UserWarning: An output with one or more elements was resized since it had shape [1050], which does not match the required output shape [210, 5].This behavior is deprecated, and in a future PyTorch release outputs will not be resized unless they have zero elements. You can explicitly reuse an out tensor t by resizing it, inplace, to zero elements with t.resize_(0). (Triggered internally at  /opt/conda/conda-bld/pytorch_1603729096996/work/aten/src/ATen/native/Resize.cpp:19.)
  torch.mul(self.topk_scores, length_penalty, out=self.topk_log_probs)
/home/jefhe/anaconda3/envs/opennmt/lib/python3.8/site-packages/onmt/translate/beam_search.py:209: UserWarning: An output with one or more elements was resized since it had shape [1075], which does not match the required output shape [215, 5].This behavior is deprecated, and in a future PyTorch release outputs will not be resized unless they have zero elements. You can explicitly reuse an out tensor t by resizing it, inplace, to zero elements with t.resize_(0). (Triggered internally at  /opt/conda/conda-bld/pytorch_1603729096996/work/aten/src/ATen/native/Resize.cpp:19.)
  torch.mul(self.topk_scores, length_penalty, out=self.topk_log_probs)
/home/jefhe/anaconda3/envs/opennmt/lib/python3.8/site-packages/onmt/translate/beam_search.py:209: UserWarning: An output with one or more elements was resized since it had shape [800], which does not match the required output shape [160, 5].This behavior is deprecated, and in a future PyTorch release outputs will not be resized unless they have zero elements. You can explicitly reuse an out tensor t by resizing it, inplace, to zero elements with t.resize_(0). (Triggered internally at  /opt/conda/conda-bld/pytorch_1603729096996/work/aten/src/ATen/native/Resize.cpp:19.)
  torch.mul(self.topk_scores, length_penalty, out=self.topk_log_probs)
/home/jefhe/anaconda3/envs/opennmt/lib/python3.8/site-packages/onmt/translate/beam_search.py:209: UserWarning: An output with one or more elements was resized since it had shape [330], which does not match the required output shape [66, 5].This behavior is deprecated, and in a future PyTorch release outputs will not be resized unless they have zero elements. You can explicitly reuse an out tensor t by resizing it, inplace, to zero elements with t.resize_(0). (Triggered internally at  /opt/conda/conda-bld/pytorch_1603729096996/work/aten/src/ATen/native/Resize.cpp:19.)
  torch.mul(self.topk_scores, length_penalty, out=self.topk_log_probs)
[2020-12-18 10:18:37,064 INFO] PRED AVG SCORE: -0.4805, PRED PPL: 1.6169
[2020-12-18 10:18:37,064 INFO] GOLD AVG SCORE: -1.5727, GOLD PPL: 4.8197
# Translating with checkpoint data/wmt/run/model_step_80000.pt
[2020-12-18 10:18:52,530 INFO] Translating shard 0.
/home/jefhe/anaconda3/envs/opennmt/lib/python3.8/site-packages/onmt/translate/beam_search.py:209: UserWarning: An output with one or more elements was resized since it had shape [785], which does not match the required output shape [157, 5].This behavior is deprecated, and in a future PyTorch release outputs will not be resized unless they have zero elements. You can explicitly reuse an out tensor t by resizing it, inplace, to zero elements with t.resize_(0). (Triggered internally at  /opt/conda/conda-bld/pytorch_1603729096996/work/aten/src/ATen/native/Resize.cpp:19.)
  torch.mul(self.topk_scores, length_penalty, out=self.topk_log_probs)
/home/jefhe/anaconda3/envs/opennmt/lib/python3.8/site-packages/onmt/translate/beam_search.py:209: UserWarning: An output with one or more elements was resized since it had shape [1305], which does not match the required output shape [261, 5].This behavior is deprecated, and in a future PyTorch release outputs will not be resized unless they have zero elements. You can explicitly reuse an out tensor t by resizing it, inplace, to zero elements with t.resize_(0). (Triggered internally at  /opt/conda/conda-bld/pytorch_1603729096996/work/aten/src/ATen/native/Resize.cpp:19.)
  torch.mul(self.topk_scores, length_penalty, out=self.topk_log_probs)
/home/jefhe/anaconda3/envs/opennmt/lib/python3.8/site-packages/onmt/translate/beam_search.py:209: UserWarning: An output with one or more elements was resized since it had shape [900], which does not match the required output shape [180, 5].This behavior is deprecated, and in a future PyTorch release outputs will not be resized unless they have zero elements. You can explicitly reuse an out tensor t by resizing it, inplace, to zero elements with t.resize_(0). (Triggered internally at  /opt/conda/conda-bld/pytorch_1603729096996/work/aten/src/ATen/native/Resize.cpp:19.)
  torch.mul(self.topk_scores, length_penalty, out=self.topk_log_probs)
/home/jefhe/anaconda3/envs/opennmt/lib/python3.8/site-packages/onmt/translate/beam_search.py:209: UserWarning: An output with one or more elements was resized since it had shape [1120], which does not match the required output shape [224, 5].This behavior is deprecated, and in a future PyTorch release outputs will not be resized unless they have zero elements. You can explicitly reuse an out tensor t by resizing it, inplace, to zero elements with t.resize_(0). (Triggered internally at  /opt/conda/conda-bld/pytorch_1603729096996/work/aten/src/ATen/native/Resize.cpp:19.)
  torch.mul(self.topk_scores, length_penalty, out=self.topk_log_probs)
/home/jefhe/anaconda3/envs/opennmt/lib/python3.8/site-packages/onmt/translate/beam_search.py:209: UserWarning: An output with one or more elements was resized since it had shape [1150], which does not match the required output shape [230, 5].This behavior is deprecated, and in a future PyTorch release outputs will not be resized unless they have zero elements. You can explicitly reuse an out tensor t by resizing it, inplace, to zero elements with t.resize_(0). (Triggered internally at  /opt/conda/conda-bld/pytorch_1603729096996/work/aten/src/ATen/native/Resize.cpp:19.)
  torch.mul(self.topk_scores, length_penalty, out=self.topk_log_probs)
/home/jefhe/anaconda3/envs/opennmt/lib/python3.8/site-packages/onmt/translate/beam_search.py:209: UserWarning: An output with one or more elements was resized since it had shape [1020], which does not match the required output shape [204, 5].This behavior is deprecated, and in a future PyTorch release outputs will not be resized unless they have zero elements. You can explicitly reuse an out tensor t by resizing it, inplace, to zero elements with t.resize_(0). (Triggered internally at  /opt/conda/conda-bld/pytorch_1603729096996/work/aten/src/ATen/native/Resize.cpp:19.)
  torch.mul(self.topk_scores, length_penalty, out=self.topk_log_probs)
/home/jefhe/anaconda3/envs/opennmt/lib/python3.8/site-packages/onmt/translate/beam_search.py:209: UserWarning: An output with one or more elements was resized since it had shape [1185], which does not match the required output shape [237, 5].This behavior is deprecated, and in a future PyTorch release outputs will not be resized unless they have zero elements. You can explicitly reuse an out tensor t by resizing it, inplace, to zero elements with t.resize_(0). (Triggered internally at  /opt/conda/conda-bld/pytorch_1603729096996/work/aten/src/ATen/native/Resize.cpp:19.)
  torch.mul(self.topk_scores, length_penalty, out=self.topk_log_probs)
/home/jefhe/anaconda3/envs/opennmt/lib/python3.8/site-packages/onmt/translate/beam_search.py:209: UserWarning: An output with one or more elements was resized since it had shape [1195], which does not match the required output shape [239, 5].This behavior is deprecated, and in a future PyTorch release outputs will not be resized unless they have zero elements. You can explicitly reuse an out tensor t by resizing it, inplace, to zero elements with t.resize_(0). (Triggered internally at  /opt/conda/conda-bld/pytorch_1603729096996/work/aten/src/ATen/native/Resize.cpp:19.)
  torch.mul(self.topk_scores, length_penalty, out=self.topk_log_probs)
/home/jefhe/anaconda3/envs/opennmt/lib/python3.8/site-packages/onmt/translate/beam_search.py:209: UserWarning: An output with one or more elements was resized since it had shape [880], which does not match the required output shape [176, 5].This behavior is deprecated, and in a future PyTorch release outputs will not be resized unless they have zero elements. You can explicitly reuse an out tensor t by resizing it, inplace, to zero elements with t.resize_(0). (Triggered internally at  /opt/conda/conda-bld/pytorch_1603729096996/work/aten/src/ATen/native/Resize.cpp:19.)
  torch.mul(self.topk_scores, length_penalty, out=self.topk_log_probs)
/home/jefhe/anaconda3/envs/opennmt/lib/python3.8/site-packages/onmt/translate/beam_search.py:209: UserWarning: An output with one or more elements was resized since it had shape [1050], which does not match the required output shape [210, 5].This behavior is deprecated, and in a future PyTorch release outputs will not be resized unless they have zero elements. You can explicitly reuse an out tensor t by resizing it, inplace, to zero elements with t.resize_(0). (Triggered internally at  /opt/conda/conda-bld/pytorch_1603729096996/work/aten/src/ATen/native/Resize.cpp:19.)
  torch.mul(self.topk_scores, length_penalty, out=self.topk_log_probs)
/home/jefhe/anaconda3/envs/opennmt/lib/python3.8/site-packages/onmt/translate/beam_search.py:209: UserWarning: An output with one or more elements was resized since it had shape [1075], which does not match the required output shape [215, 5].This behavior is deprecated, and in a future PyTorch release outputs will not be resized unless they have zero elements. You can explicitly reuse an out tensor t by resizing it, inplace, to zero elements with t.resize_(0). (Triggered internally at  /opt/conda/conda-bld/pytorch_1603729096996/work/aten/src/ATen/native/Resize.cpp:19.)
  torch.mul(self.topk_scores, length_penalty, out=self.topk_log_probs)
/home/jefhe/anaconda3/envs/opennmt/lib/python3.8/site-packages/onmt/translate/beam_search.py:209: UserWarning: An output with one or more elements was resized since it had shape [800], which does not match the required output shape [160, 5].This behavior is deprecated, and in a future PyTorch release outputs will not be resized unless they have zero elements. You can explicitly reuse an out tensor t by resizing it, inplace, to zero elements with t.resize_(0). (Triggered internally at  /opt/conda/conda-bld/pytorch_1603729096996/work/aten/src/ATen/native/Resize.cpp:19.)
  torch.mul(self.topk_scores, length_penalty, out=self.topk_log_probs)
/home/jefhe/anaconda3/envs/opennmt/lib/python3.8/site-packages/onmt/translate/beam_search.py:209: UserWarning: An output with one or more elements was resized since it had shape [330], which does not match the required output shape [66, 5].This behavior is deprecated, and in a future PyTorch release outputs will not be resized unless they have zero elements. You can explicitly reuse an out tensor t by resizing it, inplace, to zero elements with t.resize_(0). (Triggered internally at  /opt/conda/conda-bld/pytorch_1603729096996/work/aten/src/ATen/native/Resize.cpp:19.)
  torch.mul(self.topk_scores, length_penalty, out=self.topk_log_probs)
[2020-12-18 10:19:42,892 INFO] PRED AVG SCORE: -0.4727, PRED PPL: 1.6044
[2020-12-18 10:19:42,893 INFO] GOLD AVG SCORE: -1.5714, GOLD PPL: 4.8135
# Translating with checkpoint data/wmt/run/model_step_85000.pt
[2020-12-18 10:19:58,292 INFO] Translating shard 0.
/home/jefhe/anaconda3/envs/opennmt/lib/python3.8/site-packages/onmt/translate/beam_search.py:209: UserWarning: An output with one or more elements was resized since it had shape [785], which does not match the required output shape [157, 5].This behavior is deprecated, and in a future PyTorch release outputs will not be resized unless they have zero elements. You can explicitly reuse an out tensor t by resizing it, inplace, to zero elements with t.resize_(0). (Triggered internally at  /opt/conda/conda-bld/pytorch_1603729096996/work/aten/src/ATen/native/Resize.cpp:19.)
  torch.mul(self.topk_scores, length_penalty, out=self.topk_log_probs)
/home/jefhe/anaconda3/envs/opennmt/lib/python3.8/site-packages/onmt/translate/beam_search.py:209: UserWarning: An output with one or more elements was resized since it had shape [1305], which does not match the required output shape [261, 5].This behavior is deprecated, and in a future PyTorch release outputs will not be resized unless they have zero elements. You can explicitly reuse an out tensor t by resizing it, inplace, to zero elements with t.resize_(0). (Triggered internally at  /opt/conda/conda-bld/pytorch_1603729096996/work/aten/src/ATen/native/Resize.cpp:19.)
  torch.mul(self.topk_scores, length_penalty, out=self.topk_log_probs)
/home/jefhe/anaconda3/envs/opennmt/lib/python3.8/site-packages/onmt/translate/beam_search.py:209: UserWarning: An output with one or more elements was resized since it had shape [900], which does not match the required output shape [180, 5].This behavior is deprecated, and in a future PyTorch release outputs will not be resized unless they have zero elements. You can explicitly reuse an out tensor t by resizing it, inplace, to zero elements with t.resize_(0). (Triggered internally at  /opt/conda/conda-bld/pytorch_1603729096996/work/aten/src/ATen/native/Resize.cpp:19.)
  torch.mul(self.topk_scores, length_penalty, out=self.topk_log_probs)
/home/jefhe/anaconda3/envs/opennmt/lib/python3.8/site-packages/onmt/translate/beam_search.py:209: UserWarning: An output with one or more elements was resized since it had shape [1120], which does not match the required output shape [224, 5].This behavior is deprecated, and in a future PyTorch release outputs will not be resized unless they have zero elements. You can explicitly reuse an out tensor t by resizing it, inplace, to zero elements with t.resize_(0). (Triggered internally at  /opt/conda/conda-bld/pytorch_1603729096996/work/aten/src/ATen/native/Resize.cpp:19.)
  torch.mul(self.topk_scores, length_penalty, out=self.topk_log_probs)
/home/jefhe/anaconda3/envs/opennmt/lib/python3.8/site-packages/onmt/translate/beam_search.py:209: UserWarning: An output with one or more elements was resized since it had shape [1150], which does not match the required output shape [230, 5].This behavior is deprecated, and in a future PyTorch release outputs will not be resized unless they have zero elements. You can explicitly reuse an out tensor t by resizing it, inplace, to zero elements with t.resize_(0). (Triggered internally at  /opt/conda/conda-bld/pytorch_1603729096996/work/aten/src/ATen/native/Resize.cpp:19.)
  torch.mul(self.topk_scores, length_penalty, out=self.topk_log_probs)
/home/jefhe/anaconda3/envs/opennmt/lib/python3.8/site-packages/onmt/translate/beam_search.py:209: UserWarning: An output with one or more elements was resized since it had shape [1020], which does not match the required output shape [204, 5].This behavior is deprecated, and in a future PyTorch release outputs will not be resized unless they have zero elements. You can explicitly reuse an out tensor t by resizing it, inplace, to zero elements with t.resize_(0). (Triggered internally at  /opt/conda/conda-bld/pytorch_1603729096996/work/aten/src/ATen/native/Resize.cpp:19.)
  torch.mul(self.topk_scores, length_penalty, out=self.topk_log_probs)
/home/jefhe/anaconda3/envs/opennmt/lib/python3.8/site-packages/onmt/translate/beam_search.py:209: UserWarning: An output with one or more elements was resized since it had shape [1185], which does not match the required output shape [237, 5].This behavior is deprecated, and in a future PyTorch release outputs will not be resized unless they have zero elements. You can explicitly reuse an out tensor t by resizing it, inplace, to zero elements with t.resize_(0). (Triggered internally at  /opt/conda/conda-bld/pytorch_1603729096996/work/aten/src/ATen/native/Resize.cpp:19.)
  torch.mul(self.topk_scores, length_penalty, out=self.topk_log_probs)
/home/jefhe/anaconda3/envs/opennmt/lib/python3.8/site-packages/onmt/translate/beam_search.py:209: UserWarning: An output with one or more elements was resized since it had shape [1195], which does not match the required output shape [239, 5].This behavior is deprecated, and in a future PyTorch release outputs will not be resized unless they have zero elements. You can explicitly reuse an out tensor t by resizing it, inplace, to zero elements with t.resize_(0). (Triggered internally at  /opt/conda/conda-bld/pytorch_1603729096996/work/aten/src/ATen/native/Resize.cpp:19.)
  torch.mul(self.topk_scores, length_penalty, out=self.topk_log_probs)
/home/jefhe/anaconda3/envs/opennmt/lib/python3.8/site-packages/onmt/translate/beam_search.py:209: UserWarning: An output with one or more elements was resized since it had shape [880], which does not match the required output shape [176, 5].This behavior is deprecated, and in a future PyTorch release outputs will not be resized unless they have zero elements. You can explicitly reuse an out tensor t by resizing it, inplace, to zero elements with t.resize_(0). (Triggered internally at  /opt/conda/conda-bld/pytorch_1603729096996/work/aten/src/ATen/native/Resize.cpp:19.)
  torch.mul(self.topk_scores, length_penalty, out=self.topk_log_probs)
/home/jefhe/anaconda3/envs/opennmt/lib/python3.8/site-packages/onmt/translate/beam_search.py:209: UserWarning: An output with one or more elements was resized since it had shape [1050], which does not match the required output shape [210, 5].This behavior is deprecated, and in a future PyTorch release outputs will not be resized unless they have zero elements. You can explicitly reuse an out tensor t by resizing it, inplace, to zero elements with t.resize_(0). (Triggered internally at  /opt/conda/conda-bld/pytorch_1603729096996/work/aten/src/ATen/native/Resize.cpp:19.)
  torch.mul(self.topk_scores, length_penalty, out=self.topk_log_probs)
/home/jefhe/anaconda3/envs/opennmt/lib/python3.8/site-packages/onmt/translate/beam_search.py:209: UserWarning: An output with one or more elements was resized since it had shape [1075], which does not match the required output shape [215, 5].This behavior is deprecated, and in a future PyTorch release outputs will not be resized unless they have zero elements. You can explicitly reuse an out tensor t by resizing it, inplace, to zero elements with t.resize_(0). (Triggered internally at  /opt/conda/conda-bld/pytorch_1603729096996/work/aten/src/ATen/native/Resize.cpp:19.)
  torch.mul(self.topk_scores, length_penalty, out=self.topk_log_probs)
/home/jefhe/anaconda3/envs/opennmt/lib/python3.8/site-packages/onmt/translate/beam_search.py:209: UserWarning: An output with one or more elements was resized since it had shape [800], which does not match the required output shape [160, 5].This behavior is deprecated, and in a future PyTorch release outputs will not be resized unless they have zero elements. You can explicitly reuse an out tensor t by resizing it, inplace, to zero elements with t.resize_(0). (Triggered internally at  /opt/conda/conda-bld/pytorch_1603729096996/work/aten/src/ATen/native/Resize.cpp:19.)
  torch.mul(self.topk_scores, length_penalty, out=self.topk_log_probs)
/home/jefhe/anaconda3/envs/opennmt/lib/python3.8/site-packages/onmt/translate/beam_search.py:209: UserWarning: An output with one or more elements was resized since it had shape [330], which does not match the required output shape [66, 5].This behavior is deprecated, and in a future PyTorch release outputs will not be resized unless they have zero elements. You can explicitly reuse an out tensor t by resizing it, inplace, to zero elements with t.resize_(0). (Triggered internally at  /opt/conda/conda-bld/pytorch_1603729096996/work/aten/src/ATen/native/Resize.cpp:19.)
  torch.mul(self.topk_scores, length_penalty, out=self.topk_log_probs)
[2020-12-18 10:20:45,182 INFO] PRED AVG SCORE: -0.4877, PRED PPL: 1.6286
[2020-12-18 10:20:45,182 INFO] GOLD AVG SCORE: -1.5600, GOLD PPL: 4.7587
# Translating with checkpoint data/wmt/run/model_step_90000.pt
[2020-12-18 10:20:59,555 INFO] Translating shard 0.
/home/jefhe/anaconda3/envs/opennmt/lib/python3.8/site-packages/onmt/translate/beam_search.py:209: UserWarning: An output with one or more elements was resized since it had shape [785], which does not match the required output shape [157, 5].This behavior is deprecated, and in a future PyTorch release outputs will not be resized unless they have zero elements. You can explicitly reuse an out tensor t by resizing it, inplace, to zero elements with t.resize_(0). (Triggered internally at  /opt/conda/conda-bld/pytorch_1603729096996/work/aten/src/ATen/native/Resize.cpp:19.)
  torch.mul(self.topk_scores, length_penalty, out=self.topk_log_probs)
/home/jefhe/anaconda3/envs/opennmt/lib/python3.8/site-packages/onmt/translate/beam_search.py:209: UserWarning: An output with one or more elements was resized since it had shape [1305], which does not match the required output shape [261, 5].This behavior is deprecated, and in a future PyTorch release outputs will not be resized unless they have zero elements. You can explicitly reuse an out tensor t by resizing it, inplace, to zero elements with t.resize_(0). (Triggered internally at  /opt/conda/conda-bld/pytorch_1603729096996/work/aten/src/ATen/native/Resize.cpp:19.)
  torch.mul(self.topk_scores, length_penalty, out=self.topk_log_probs)
/home/jefhe/anaconda3/envs/opennmt/lib/python3.8/site-packages/onmt/translate/beam_search.py:209: UserWarning: An output with one or more elements was resized since it had shape [900], which does not match the required output shape [180, 5].This behavior is deprecated, and in a future PyTorch release outputs will not be resized unless they have zero elements. You can explicitly reuse an out tensor t by resizing it, inplace, to zero elements with t.resize_(0). (Triggered internally at  /opt/conda/conda-bld/pytorch_1603729096996/work/aten/src/ATen/native/Resize.cpp:19.)
  torch.mul(self.topk_scores, length_penalty, out=self.topk_log_probs)
/home/jefhe/anaconda3/envs/opennmt/lib/python3.8/site-packages/onmt/translate/beam_search.py:209: UserWarning: An output with one or more elements was resized since it had shape [1120], which does not match the required output shape [224, 5].This behavior is deprecated, and in a future PyTorch release outputs will not be resized unless they have zero elements. You can explicitly reuse an out tensor t by resizing it, inplace, to zero elements with t.resize_(0). (Triggered internally at  /opt/conda/conda-bld/pytorch_1603729096996/work/aten/src/ATen/native/Resize.cpp:19.)
  torch.mul(self.topk_scores, length_penalty, out=self.topk_log_probs)
/home/jefhe/anaconda3/envs/opennmt/lib/python3.8/site-packages/onmt/translate/beam_search.py:209: UserWarning: An output with one or more elements was resized since it had shape [1150], which does not match the required output shape [230, 5].This behavior is deprecated, and in a future PyTorch release outputs will not be resized unless they have zero elements. You can explicitly reuse an out tensor t by resizing it, inplace, to zero elements with t.resize_(0). (Triggered internally at  /opt/conda/conda-bld/pytorch_1603729096996/work/aten/src/ATen/native/Resize.cpp:19.)
  torch.mul(self.topk_scores, length_penalty, out=self.topk_log_probs)
/home/jefhe/anaconda3/envs/opennmt/lib/python3.8/site-packages/onmt/translate/beam_search.py:209: UserWarning: An output with one or more elements was resized since it had shape [1020], which does not match the required output shape [204, 5].This behavior is deprecated, and in a future PyTorch release outputs will not be resized unless they have zero elements. You can explicitly reuse an out tensor t by resizing it, inplace, to zero elements with t.resize_(0). (Triggered internally at  /opt/conda/conda-bld/pytorch_1603729096996/work/aten/src/ATen/native/Resize.cpp:19.)
  torch.mul(self.topk_scores, length_penalty, out=self.topk_log_probs)
/home/jefhe/anaconda3/envs/opennmt/lib/python3.8/site-packages/onmt/translate/beam_search.py:209: UserWarning: An output with one or more elements was resized since it had shape [1185], which does not match the required output shape [237, 5].This behavior is deprecated, and in a future PyTorch release outputs will not be resized unless they have zero elements. You can explicitly reuse an out tensor t by resizing it, inplace, to zero elements with t.resize_(0). (Triggered internally at  /opt/conda/conda-bld/pytorch_1603729096996/work/aten/src/ATen/native/Resize.cpp:19.)
  torch.mul(self.topk_scores, length_penalty, out=self.topk_log_probs)
/home/jefhe/anaconda3/envs/opennmt/lib/python3.8/site-packages/onmt/translate/beam_search.py:209: UserWarning: An output with one or more elements was resized since it had shape [1195], which does not match the required output shape [239, 5].This behavior is deprecated, and in a future PyTorch release outputs will not be resized unless they have zero elements. You can explicitly reuse an out tensor t by resizing it, inplace, to zero elements with t.resize_(0). (Triggered internally at  /opt/conda/conda-bld/pytorch_1603729096996/work/aten/src/ATen/native/Resize.cpp:19.)
  torch.mul(self.topk_scores, length_penalty, out=self.topk_log_probs)
/home/jefhe/anaconda3/envs/opennmt/lib/python3.8/site-packages/onmt/translate/beam_search.py:209: UserWarning: An output with one or more elements was resized since it had shape [880], which does not match the required output shape [176, 5].This behavior is deprecated, and in a future PyTorch release outputs will not be resized unless they have zero elements. You can explicitly reuse an out tensor t by resizing it, inplace, to zero elements with t.resize_(0). (Triggered internally at  /opt/conda/conda-bld/pytorch_1603729096996/work/aten/src/ATen/native/Resize.cpp:19.)
  torch.mul(self.topk_scores, length_penalty, out=self.topk_log_probs)
/home/jefhe/anaconda3/envs/opennmt/lib/python3.8/site-packages/onmt/translate/beam_search.py:209: UserWarning: An output with one or more elements was resized since it had shape [1050], which does not match the required output shape [210, 5].This behavior is deprecated, and in a future PyTorch release outputs will not be resized unless they have zero elements. You can explicitly reuse an out tensor t by resizing it, inplace, to zero elements with t.resize_(0). (Triggered internally at  /opt/conda/conda-bld/pytorch_1603729096996/work/aten/src/ATen/native/Resize.cpp:19.)
  torch.mul(self.topk_scores, length_penalty, out=self.topk_log_probs)
/home/jefhe/anaconda3/envs/opennmt/lib/python3.8/site-packages/onmt/translate/beam_search.py:209: UserWarning: An output with one or more elements was resized since it had shape [1075], which does not match the required output shape [215, 5].This behavior is deprecated, and in a future PyTorch release outputs will not be resized unless they have zero elements. You can explicitly reuse an out tensor t by resizing it, inplace, to zero elements with t.resize_(0). (Triggered internally at  /opt/conda/conda-bld/pytorch_1603729096996/work/aten/src/ATen/native/Resize.cpp:19.)
  torch.mul(self.topk_scores, length_penalty, out=self.topk_log_probs)
/home/jefhe/anaconda3/envs/opennmt/lib/python3.8/site-packages/onmt/translate/beam_search.py:209: UserWarning: An output with one or more elements was resized since it had shape [800], which does not match the required output shape [160, 5].This behavior is deprecated, and in a future PyTorch release outputs will not be resized unless they have zero elements. You can explicitly reuse an out tensor t by resizing it, inplace, to zero elements with t.resize_(0). (Triggered internally at  /opt/conda/conda-bld/pytorch_1603729096996/work/aten/src/ATen/native/Resize.cpp:19.)
  torch.mul(self.topk_scores, length_penalty, out=self.topk_log_probs)
/home/jefhe/anaconda3/envs/opennmt/lib/python3.8/site-packages/onmt/translate/beam_search.py:209: UserWarning: An output with one or more elements was resized since it had shape [330], which does not match the required output shape [66, 5].This behavior is deprecated, and in a future PyTorch release outputs will not be resized unless they have zero elements. You can explicitly reuse an out tensor t by resizing it, inplace, to zero elements with t.resize_(0). (Triggered internally at  /opt/conda/conda-bld/pytorch_1603729096996/work/aten/src/ATen/native/Resize.cpp:19.)
  torch.mul(self.topk_scores, length_penalty, out=self.topk_log_probs)
[2020-12-18 10:21:46,708 INFO] PRED AVG SCORE: -0.4771, PRED PPL: 1.6114
[2020-12-18 10:21:46,709 INFO] GOLD AVG SCORE: -1.5590, GOLD PPL: 4.7541
# Translating with checkpoint data/wmt/run/model_step_95000.pt
[2020-12-18 10:22:00,800 INFO] Translating shard 0.
/home/jefhe/anaconda3/envs/opennmt/lib/python3.8/site-packages/onmt/translate/beam_search.py:209: UserWarning: An output with one or more elements was resized since it had shape [785], which does not match the required output shape [157, 5].This behavior is deprecated, and in a future PyTorch release outputs will not be resized unless they have zero elements. You can explicitly reuse an out tensor t by resizing it, inplace, to zero elements with t.resize_(0). (Triggered internally at  /opt/conda/conda-bld/pytorch_1603729096996/work/aten/src/ATen/native/Resize.cpp:19.)
  torch.mul(self.topk_scores, length_penalty, out=self.topk_log_probs)
/home/jefhe/anaconda3/envs/opennmt/lib/python3.8/site-packages/onmt/translate/beam_search.py:209: UserWarning: An output with one or more elements was resized since it had shape [1305], which does not match the required output shape [261, 5].This behavior is deprecated, and in a future PyTorch release outputs will not be resized unless they have zero elements. You can explicitly reuse an out tensor t by resizing it, inplace, to zero elements with t.resize_(0). (Triggered internally at  /opt/conda/conda-bld/pytorch_1603729096996/work/aten/src/ATen/native/Resize.cpp:19.)
  torch.mul(self.topk_scores, length_penalty, out=self.topk_log_probs)
/home/jefhe/anaconda3/envs/opennmt/lib/python3.8/site-packages/onmt/translate/beam_search.py:209: UserWarning: An output with one or more elements was resized since it had shape [900], which does not match the required output shape [180, 5].This behavior is deprecated, and in a future PyTorch release outputs will not be resized unless they have zero elements. You can explicitly reuse an out tensor t by resizing it, inplace, to zero elements with t.resize_(0). (Triggered internally at  /opt/conda/conda-bld/pytorch_1603729096996/work/aten/src/ATen/native/Resize.cpp:19.)
  torch.mul(self.topk_scores, length_penalty, out=self.topk_log_probs)
/home/jefhe/anaconda3/envs/opennmt/lib/python3.8/site-packages/onmt/translate/beam_search.py:209: UserWarning: An output with one or more elements was resized since it had shape [1120], which does not match the required output shape [224, 5].This behavior is deprecated, and in a future PyTorch release outputs will not be resized unless they have zero elements. You can explicitly reuse an out tensor t by resizing it, inplace, to zero elements with t.resize_(0). (Triggered internally at  /opt/conda/conda-bld/pytorch_1603729096996/work/aten/src/ATen/native/Resize.cpp:19.)
  torch.mul(self.topk_scores, length_penalty, out=self.topk_log_probs)
/home/jefhe/anaconda3/envs/opennmt/lib/python3.8/site-packages/onmt/translate/beam_search.py:209: UserWarning: An output with one or more elements was resized since it had shape [1150], which does not match the required output shape [230, 5].This behavior is deprecated, and in a future PyTorch release outputs will not be resized unless they have zero elements. You can explicitly reuse an out tensor t by resizing it, inplace, to zero elements with t.resize_(0). (Triggered internally at  /opt/conda/conda-bld/pytorch_1603729096996/work/aten/src/ATen/native/Resize.cpp:19.)
  torch.mul(self.topk_scores, length_penalty, out=self.topk_log_probs)
/home/jefhe/anaconda3/envs/opennmt/lib/python3.8/site-packages/onmt/translate/beam_search.py:209: UserWarning: An output with one or more elements was resized since it had shape [1020], which does not match the required output shape [204, 5].This behavior is deprecated, and in a future PyTorch release outputs will not be resized unless they have zero elements. You can explicitly reuse an out tensor t by resizing it, inplace, to zero elements with t.resize_(0). (Triggered internally at  /opt/conda/conda-bld/pytorch_1603729096996/work/aten/src/ATen/native/Resize.cpp:19.)
  torch.mul(self.topk_scores, length_penalty, out=self.topk_log_probs)
/home/jefhe/anaconda3/envs/opennmt/lib/python3.8/site-packages/onmt/translate/beam_search.py:209: UserWarning: An output with one or more elements was resized since it had shape [1185], which does not match the required output shape [237, 5].This behavior is deprecated, and in a future PyTorch release outputs will not be resized unless they have zero elements. You can explicitly reuse an out tensor t by resizing it, inplace, to zero elements with t.resize_(0). (Triggered internally at  /opt/conda/conda-bld/pytorch_1603729096996/work/aten/src/ATen/native/Resize.cpp:19.)
  torch.mul(self.topk_scores, length_penalty, out=self.topk_log_probs)
/home/jefhe/anaconda3/envs/opennmt/lib/python3.8/site-packages/onmt/translate/beam_search.py:209: UserWarning: An output with one or more elements was resized since it had shape [1195], which does not match the required output shape [239, 5].This behavior is deprecated, and in a future PyTorch release outputs will not be resized unless they have zero elements. You can explicitly reuse an out tensor t by resizing it, inplace, to zero elements with t.resize_(0). (Triggered internally at  /opt/conda/conda-bld/pytorch_1603729096996/work/aten/src/ATen/native/Resize.cpp:19.)
  torch.mul(self.topk_scores, length_penalty, out=self.topk_log_probs)
/home/jefhe/anaconda3/envs/opennmt/lib/python3.8/site-packages/onmt/translate/beam_search.py:209: UserWarning: An output with one or more elements was resized since it had shape [880], which does not match the required output shape [176, 5].This behavior is deprecated, and in a future PyTorch release outputs will not be resized unless they have zero elements. You can explicitly reuse an out tensor t by resizing it, inplace, to zero elements with t.resize_(0). (Triggered internally at  /opt/conda/conda-bld/pytorch_1603729096996/work/aten/src/ATen/native/Resize.cpp:19.)
  torch.mul(self.topk_scores, length_penalty, out=self.topk_log_probs)
/home/jefhe/anaconda3/envs/opennmt/lib/python3.8/site-packages/onmt/translate/beam_search.py:209: UserWarning: An output with one or more elements was resized since it had shape [1050], which does not match the required output shape [210, 5].This behavior is deprecated, and in a future PyTorch release outputs will not be resized unless they have zero elements. You can explicitly reuse an out tensor t by resizing it, inplace, to zero elements with t.resize_(0). (Triggered internally at  /opt/conda/conda-bld/pytorch_1603729096996/work/aten/src/ATen/native/Resize.cpp:19.)
  torch.mul(self.topk_scores, length_penalty, out=self.topk_log_probs)
/home/jefhe/anaconda3/envs/opennmt/lib/python3.8/site-packages/onmt/translate/beam_search.py:209: UserWarning: An output with one or more elements was resized since it had shape [1075], which does not match the required output shape [215, 5].This behavior is deprecated, and in a future PyTorch release outputs will not be resized unless they have zero elements. You can explicitly reuse an out tensor t by resizing it, inplace, to zero elements with t.resize_(0). (Triggered internally at  /opt/conda/conda-bld/pytorch_1603729096996/work/aten/src/ATen/native/Resize.cpp:19.)
  torch.mul(self.topk_scores, length_penalty, out=self.topk_log_probs)
/home/jefhe/anaconda3/envs/opennmt/lib/python3.8/site-packages/onmt/translate/beam_search.py:209: UserWarning: An output with one or more elements was resized since it had shape [800], which does not match the required output shape [160, 5].This behavior is deprecated, and in a future PyTorch release outputs will not be resized unless they have zero elements. You can explicitly reuse an out tensor t by resizing it, inplace, to zero elements with t.resize_(0). (Triggered internally at  /opt/conda/conda-bld/pytorch_1603729096996/work/aten/src/ATen/native/Resize.cpp:19.)
  torch.mul(self.topk_scores, length_penalty, out=self.topk_log_probs)
/home/jefhe/anaconda3/envs/opennmt/lib/python3.8/site-packages/onmt/translate/beam_search.py:209: UserWarning: An output with one or more elements was resized since it had shape [330], which does not match the required output shape [66, 5].This behavior is deprecated, and in a future PyTorch release outputs will not be resized unless they have zero elements. You can explicitly reuse an out tensor t by resizing it, inplace, to zero elements with t.resize_(0). (Triggered internally at  /opt/conda/conda-bld/pytorch_1603729096996/work/aten/src/ATen/native/Resize.cpp:19.)
  torch.mul(self.topk_scores, length_penalty, out=self.topk_log_probs)
[2020-12-18 10:22:47,684 INFO] PRED AVG SCORE: -0.4726, PRED PPL: 1.6041
[2020-12-18 10:22:47,684 INFO] GOLD AVG SCORE: -1.5527, GOLD PPL: 4.7242
