# Translating with checkpoint data/wmt/run/model_step_100000.pt
[2020-12-29 16:39:21,972 INFO] Translating shard 0.
/home/jefhe/anaconda3/envs/opennmt/lib/python3.8/site-packages/onmt/translate/beam_search.py:209: UserWarning: An output with one or more elements was resized since it had shape [785], which does not match the required output shape [157, 5].This behavior is deprecated, and in a future PyTorch release outputs will not be resized unless they have zero elements. You can explicitly reuse an out tensor t by resizing it, inplace, to zero elements with t.resize_(0). (Triggered internally at  /opt/conda/conda-bld/pytorch_1603729096996/work/aten/src/ATen/native/Resize.cpp:19.)
  torch.mul(self.topk_scores, length_penalty, out=self.topk_log_probs)
/home/jefhe/anaconda3/envs/opennmt/lib/python3.8/site-packages/onmt/translate/beam_search.py:209: UserWarning: An output with one or more elements was resized since it had shape [1305], which does not match the required output shape [261, 5].This behavior is deprecated, and in a future PyTorch release outputs will not be resized unless they have zero elements. You can explicitly reuse an out tensor t by resizing it, inplace, to zero elements with t.resize_(0). (Triggered internally at  /opt/conda/conda-bld/pytorch_1603729096996/work/aten/src/ATen/native/Resize.cpp:19.)
  torch.mul(self.topk_scores, length_penalty, out=self.topk_log_probs)
/home/jefhe/anaconda3/envs/opennmt/lib/python3.8/site-packages/onmt/translate/beam_search.py:209: UserWarning: An output with one or more elements was resized since it had shape [900], which does not match the required output shape [180, 5].This behavior is deprecated, and in a future PyTorch release outputs will not be resized unless they have zero elements. You can explicitly reuse an out tensor t by resizing it, inplace, to zero elements with t.resize_(0). (Triggered internally at  /opt/conda/conda-bld/pytorch_1603729096996/work/aten/src/ATen/native/Resize.cpp:19.)
  torch.mul(self.topk_scores, length_penalty, out=self.topk_log_probs)
/home/jefhe/anaconda3/envs/opennmt/lib/python3.8/site-packages/onmt/translate/beam_search.py:209: UserWarning: An output with one or more elements was resized since it had shape [1170], which does not match the required output shape [234, 5].This behavior is deprecated, and in a future PyTorch release outputs will not be resized unless they have zero elements. You can explicitly reuse an out tensor t by resizing it, inplace, to zero elements with t.resize_(0). (Triggered internally at  /opt/conda/conda-bld/pytorch_1603729096996/work/aten/src/ATen/native/Resize.cpp:19.)
  torch.mul(self.topk_scores, length_penalty, out=self.topk_log_probs)
/home/jefhe/anaconda3/envs/opennmt/lib/python3.8/site-packages/onmt/translate/beam_search.py:209: UserWarning: An output with one or more elements was resized since it had shape [1150], which does not match the required output shape [230, 5].This behavior is deprecated, and in a future PyTorch release outputs will not be resized unless they have zero elements. You can explicitly reuse an out tensor t by resizing it, inplace, to zero elements with t.resize_(0). (Triggered internally at  /opt/conda/conda-bld/pytorch_1603729096996/work/aten/src/ATen/native/Resize.cpp:19.)
  torch.mul(self.topk_scores, length_penalty, out=self.topk_log_probs)
/home/jefhe/anaconda3/envs/opennmt/lib/python3.8/site-packages/onmt/translate/beam_search.py:209: UserWarning: An output with one or more elements was resized since it had shape [1035], which does not match the required output shape [207, 5].This behavior is deprecated, and in a future PyTorch release outputs will not be resized unless they have zero elements. You can explicitly reuse an out tensor t by resizing it, inplace, to zero elements with t.resize_(0). (Triggered internally at  /opt/conda/conda-bld/pytorch_1603729096996/work/aten/src/ATen/native/Resize.cpp:19.)
  torch.mul(self.topk_scores, length_penalty, out=self.topk_log_probs)
/home/jefhe/anaconda3/envs/opennmt/lib/python3.8/site-packages/onmt/translate/beam_search.py:209: UserWarning: An output with one or more elements was resized since it had shape [1185], which does not match the required output shape [237, 5].This behavior is deprecated, and in a future PyTorch release outputs will not be resized unless they have zero elements. You can explicitly reuse an out tensor t by resizing it, inplace, to zero elements with t.resize_(0). (Triggered internally at  /opt/conda/conda-bld/pytorch_1603729096996/work/aten/src/ATen/native/Resize.cpp:19.)
  torch.mul(self.topk_scores, length_penalty, out=self.topk_log_probs)
/home/jefhe/anaconda3/envs/opennmt/lib/python3.8/site-packages/onmt/translate/beam_search.py:209: UserWarning: An output with one or more elements was resized since it had shape [1130], which does not match the required output shape [226, 5].This behavior is deprecated, and in a future PyTorch release outputs will not be resized unless they have zero elements. You can explicitly reuse an out tensor t by resizing it, inplace, to zero elements with t.resize_(0). (Triggered internally at  /opt/conda/conda-bld/pytorch_1603729096996/work/aten/src/ATen/native/Resize.cpp:19.)
  torch.mul(self.topk_scores, length_penalty, out=self.topk_log_probs)
/home/jefhe/anaconda3/envs/opennmt/lib/python3.8/site-packages/onmt/translate/beam_search.py:209: UserWarning: An output with one or more elements was resized since it had shape [870], which does not match the required output shape [174, 5].This behavior is deprecated, and in a future PyTorch release outputs will not be resized unless they have zero elements. You can explicitly reuse an out tensor t by resizing it, inplace, to zero elements with t.resize_(0). (Triggered internally at  /opt/conda/conda-bld/pytorch_1603729096996/work/aten/src/ATen/native/Resize.cpp:19.)
  torch.mul(self.topk_scores, length_penalty, out=self.topk_log_probs)
/home/jefhe/anaconda3/envs/opennmt/lib/python3.8/site-packages/onmt/translate/beam_search.py:209: UserWarning: An output with one or more elements was resized since it had shape [1090], which does not match the required output shape [218, 5].This behavior is deprecated, and in a future PyTorch release outputs will not be resized unless they have zero elements. You can explicitly reuse an out tensor t by resizing it, inplace, to zero elements with t.resize_(0). (Triggered internally at  /opt/conda/conda-bld/pytorch_1603729096996/work/aten/src/ATen/native/Resize.cpp:19.)
  torch.mul(self.topk_scores, length_penalty, out=self.topk_log_probs)
/home/jefhe/anaconda3/envs/opennmt/lib/python3.8/site-packages/onmt/translate/beam_search.py:209: UserWarning: An output with one or more elements was resized since it had shape [1075], which does not match the required output shape [215, 5].This behavior is deprecated, and in a future PyTorch release outputs will not be resized unless they have zero elements. You can explicitly reuse an out tensor t by resizing it, inplace, to zero elements with t.resize_(0). (Triggered internally at  /opt/conda/conda-bld/pytorch_1603729096996/work/aten/src/ATen/native/Resize.cpp:19.)
  torch.mul(self.topk_scores, length_penalty, out=self.topk_log_probs)
/home/jefhe/anaconda3/envs/opennmt/lib/python3.8/site-packages/onmt/translate/beam_search.py:209: UserWarning: An output with one or more elements was resized since it had shape [800], which does not match the required output shape [160, 5].This behavior is deprecated, and in a future PyTorch release outputs will not be resized unless they have zero elements. You can explicitly reuse an out tensor t by resizing it, inplace, to zero elements with t.resize_(0). (Triggered internally at  /opt/conda/conda-bld/pytorch_1603729096996/work/aten/src/ATen/native/Resize.cpp:19.)
  torch.mul(self.topk_scores, length_penalty, out=self.topk_log_probs)
/home/jefhe/anaconda3/envs/opennmt/lib/python3.8/site-packages/onmt/translate/beam_search.py:209: UserWarning: An output with one or more elements was resized since it had shape [300], which does not match the required output shape [60, 5].This behavior is deprecated, and in a future PyTorch release outputs will not be resized unless they have zero elements. You can explicitly reuse an out tensor t by resizing it, inplace, to zero elements with t.resize_(0). (Triggered internally at  /opt/conda/conda-bld/pytorch_1603729096996/work/aten/src/ATen/native/Resize.cpp:19.)
  torch.mul(self.topk_scores, length_penalty, out=self.topk_log_probs)
[2020-12-29 16:40:07,430 INFO] PRED AVG SCORE: -0.4758, PRED PPL: 1.6094
[2020-12-29 16:40:07,430 INFO] GOLD AVG SCORE: -1.5632, GOLD PPL: 4.7741
# Translating with checkpoint data/wmt/run/model_step_55000.pt
[2020-12-29 16:40:11,863 INFO] Translating shard 0.
/home/jefhe/anaconda3/envs/opennmt/lib/python3.8/site-packages/onmt/translate/beam_search.py:209: UserWarning: An output with one or more elements was resized since it had shape [785], which does not match the required output shape [157, 5].This behavior is deprecated, and in a future PyTorch release outputs will not be resized unless they have zero elements. You can explicitly reuse an out tensor t by resizing it, inplace, to zero elements with t.resize_(0). (Triggered internally at  /opt/conda/conda-bld/pytorch_1603729096996/work/aten/src/ATen/native/Resize.cpp:19.)
  torch.mul(self.topk_scores, length_penalty, out=self.topk_log_probs)
/home/jefhe/anaconda3/envs/opennmt/lib/python3.8/site-packages/onmt/translate/beam_search.py:209: UserWarning: An output with one or more elements was resized since it had shape [1305], which does not match the required output shape [261, 5].This behavior is deprecated, and in a future PyTorch release outputs will not be resized unless they have zero elements. You can explicitly reuse an out tensor t by resizing it, inplace, to zero elements with t.resize_(0). (Triggered internally at  /opt/conda/conda-bld/pytorch_1603729096996/work/aten/src/ATen/native/Resize.cpp:19.)
  torch.mul(self.topk_scores, length_penalty, out=self.topk_log_probs)
/home/jefhe/anaconda3/envs/opennmt/lib/python3.8/site-packages/onmt/translate/beam_search.py:209: UserWarning: An output with one or more elements was resized since it had shape [900], which does not match the required output shape [180, 5].This behavior is deprecated, and in a future PyTorch release outputs will not be resized unless they have zero elements. You can explicitly reuse an out tensor t by resizing it, inplace, to zero elements with t.resize_(0). (Triggered internally at  /opt/conda/conda-bld/pytorch_1603729096996/work/aten/src/ATen/native/Resize.cpp:19.)
  torch.mul(self.topk_scores, length_penalty, out=self.topk_log_probs)
/home/jefhe/anaconda3/envs/opennmt/lib/python3.8/site-packages/onmt/translate/beam_search.py:209: UserWarning: An output with one or more elements was resized since it had shape [1170], which does not match the required output shape [234, 5].This behavior is deprecated, and in a future PyTorch release outputs will not be resized unless they have zero elements. You can explicitly reuse an out tensor t by resizing it, inplace, to zero elements with t.resize_(0). (Triggered internally at  /opt/conda/conda-bld/pytorch_1603729096996/work/aten/src/ATen/native/Resize.cpp:19.)
  torch.mul(self.topk_scores, length_penalty, out=self.topk_log_probs)
/home/jefhe/anaconda3/envs/opennmt/lib/python3.8/site-packages/onmt/translate/beam_search.py:209: UserWarning: An output with one or more elements was resized since it had shape [1150], which does not match the required output shape [230, 5].This behavior is deprecated, and in a future PyTorch release outputs will not be resized unless they have zero elements. You can explicitly reuse an out tensor t by resizing it, inplace, to zero elements with t.resize_(0). (Triggered internally at  /opt/conda/conda-bld/pytorch_1603729096996/work/aten/src/ATen/native/Resize.cpp:19.)
  torch.mul(self.topk_scores, length_penalty, out=self.topk_log_probs)
/home/jefhe/anaconda3/envs/opennmt/lib/python3.8/site-packages/onmt/translate/beam_search.py:209: UserWarning: An output with one or more elements was resized since it had shape [1035], which does not match the required output shape [207, 5].This behavior is deprecated, and in a future PyTorch release outputs will not be resized unless they have zero elements. You can explicitly reuse an out tensor t by resizing it, inplace, to zero elements with t.resize_(0). (Triggered internally at  /opt/conda/conda-bld/pytorch_1603729096996/work/aten/src/ATen/native/Resize.cpp:19.)
  torch.mul(self.topk_scores, length_penalty, out=self.topk_log_probs)
/home/jefhe/anaconda3/envs/opennmt/lib/python3.8/site-packages/onmt/translate/beam_search.py:209: UserWarning: An output with one or more elements was resized since it had shape [1185], which does not match the required output shape [237, 5].This behavior is deprecated, and in a future PyTorch release outputs will not be resized unless they have zero elements. You can explicitly reuse an out tensor t by resizing it, inplace, to zero elements with t.resize_(0). (Triggered internally at  /opt/conda/conda-bld/pytorch_1603729096996/work/aten/src/ATen/native/Resize.cpp:19.)
  torch.mul(self.topk_scores, length_penalty, out=self.topk_log_probs)
/home/jefhe/anaconda3/envs/opennmt/lib/python3.8/site-packages/onmt/translate/beam_search.py:209: UserWarning: An output with one or more elements was resized since it had shape [1130], which does not match the required output shape [226, 5].This behavior is deprecated, and in a future PyTorch release outputs will not be resized unless they have zero elements. You can explicitly reuse an out tensor t by resizing it, inplace, to zero elements with t.resize_(0). (Triggered internally at  /opt/conda/conda-bld/pytorch_1603729096996/work/aten/src/ATen/native/Resize.cpp:19.)
  torch.mul(self.topk_scores, length_penalty, out=self.topk_log_probs)
/home/jefhe/anaconda3/envs/opennmt/lib/python3.8/site-packages/onmt/translate/beam_search.py:209: UserWarning: An output with one or more elements was resized since it had shape [870], which does not match the required output shape [174, 5].This behavior is deprecated, and in a future PyTorch release outputs will not be resized unless they have zero elements. You can explicitly reuse an out tensor t by resizing it, inplace, to zero elements with t.resize_(0). (Triggered internally at  /opt/conda/conda-bld/pytorch_1603729096996/work/aten/src/ATen/native/Resize.cpp:19.)
  torch.mul(self.topk_scores, length_penalty, out=self.topk_log_probs)
/home/jefhe/anaconda3/envs/opennmt/lib/python3.8/site-packages/onmt/translate/beam_search.py:209: UserWarning: An output with one or more elements was resized since it had shape [1090], which does not match the required output shape [218, 5].This behavior is deprecated, and in a future PyTorch release outputs will not be resized unless they have zero elements. You can explicitly reuse an out tensor t by resizing it, inplace, to zero elements with t.resize_(0). (Triggered internally at  /opt/conda/conda-bld/pytorch_1603729096996/work/aten/src/ATen/native/Resize.cpp:19.)
  torch.mul(self.topk_scores, length_penalty, out=self.topk_log_probs)
/home/jefhe/anaconda3/envs/opennmt/lib/python3.8/site-packages/onmt/translate/beam_search.py:209: UserWarning: An output with one or more elements was resized since it had shape [1075], which does not match the required output shape [215, 5].This behavior is deprecated, and in a future PyTorch release outputs will not be resized unless they have zero elements. You can explicitly reuse an out tensor t by resizing it, inplace, to zero elements with t.resize_(0). (Triggered internally at  /opt/conda/conda-bld/pytorch_1603729096996/work/aten/src/ATen/native/Resize.cpp:19.)
  torch.mul(self.topk_scores, length_penalty, out=self.topk_log_probs)
/home/jefhe/anaconda3/envs/opennmt/lib/python3.8/site-packages/onmt/translate/beam_search.py:209: UserWarning: An output with one or more elements was resized since it had shape [800], which does not match the required output shape [160, 5].This behavior is deprecated, and in a future PyTorch release outputs will not be resized unless they have zero elements. You can explicitly reuse an out tensor t by resizing it, inplace, to zero elements with t.resize_(0). (Triggered internally at  /opt/conda/conda-bld/pytorch_1603729096996/work/aten/src/ATen/native/Resize.cpp:19.)
  torch.mul(self.topk_scores, length_penalty, out=self.topk_log_probs)
/home/jefhe/anaconda3/envs/opennmt/lib/python3.8/site-packages/onmt/translate/beam_search.py:209: UserWarning: An output with one or more elements was resized since it had shape [300], which does not match the required output shape [60, 5].This behavior is deprecated, and in a future PyTorch release outputs will not be resized unless they have zero elements. You can explicitly reuse an out tensor t by resizing it, inplace, to zero elements with t.resize_(0). (Triggered internally at  /opt/conda/conda-bld/pytorch_1603729096996/work/aten/src/ATen/native/Resize.cpp:19.)
  torch.mul(self.topk_scores, length_penalty, out=self.topk_log_probs)
[2020-12-29 16:40:59,605 INFO] PRED AVG SCORE: -0.5081, PRED PPL: 1.6622
[2020-12-29 16:40:59,605 INFO] GOLD AVG SCORE: -1.6092, GOLD PPL: 4.9986
# Translating with checkpoint data/wmt/run/model_step_60000.pt
[2020-12-29 16:41:04,112 INFO] Translating shard 0.
/home/jefhe/anaconda3/envs/opennmt/lib/python3.8/site-packages/onmt/translate/beam_search.py:209: UserWarning: An output with one or more elements was resized since it had shape [785], which does not match the required output shape [157, 5].This behavior is deprecated, and in a future PyTorch release outputs will not be resized unless they have zero elements. You can explicitly reuse an out tensor t by resizing it, inplace, to zero elements with t.resize_(0). (Triggered internally at  /opt/conda/conda-bld/pytorch_1603729096996/work/aten/src/ATen/native/Resize.cpp:19.)
  torch.mul(self.topk_scores, length_penalty, out=self.topk_log_probs)
/home/jefhe/anaconda3/envs/opennmt/lib/python3.8/site-packages/onmt/translate/beam_search.py:209: UserWarning: An output with one or more elements was resized since it had shape [1305], which does not match the required output shape [261, 5].This behavior is deprecated, and in a future PyTorch release outputs will not be resized unless they have zero elements. You can explicitly reuse an out tensor t by resizing it, inplace, to zero elements with t.resize_(0). (Triggered internally at  /opt/conda/conda-bld/pytorch_1603729096996/work/aten/src/ATen/native/Resize.cpp:19.)
  torch.mul(self.topk_scores, length_penalty, out=self.topk_log_probs)
/home/jefhe/anaconda3/envs/opennmt/lib/python3.8/site-packages/onmt/translate/beam_search.py:209: UserWarning: An output with one or more elements was resized since it had shape [900], which does not match the required output shape [180, 5].This behavior is deprecated, and in a future PyTorch release outputs will not be resized unless they have zero elements. You can explicitly reuse an out tensor t by resizing it, inplace, to zero elements with t.resize_(0). (Triggered internally at  /opt/conda/conda-bld/pytorch_1603729096996/work/aten/src/ATen/native/Resize.cpp:19.)
  torch.mul(self.topk_scores, length_penalty, out=self.topk_log_probs)
/home/jefhe/anaconda3/envs/opennmt/lib/python3.8/site-packages/onmt/translate/beam_search.py:209: UserWarning: An output with one or more elements was resized since it had shape [1170], which does not match the required output shape [234, 5].This behavior is deprecated, and in a future PyTorch release outputs will not be resized unless they have zero elements. You can explicitly reuse an out tensor t by resizing it, inplace, to zero elements with t.resize_(0). (Triggered internally at  /opt/conda/conda-bld/pytorch_1603729096996/work/aten/src/ATen/native/Resize.cpp:19.)
  torch.mul(self.topk_scores, length_penalty, out=self.topk_log_probs)
/home/jefhe/anaconda3/envs/opennmt/lib/python3.8/site-packages/onmt/translate/beam_search.py:209: UserWarning: An output with one or more elements was resized since it had shape [1150], which does not match the required output shape [230, 5].This behavior is deprecated, and in a future PyTorch release outputs will not be resized unless they have zero elements. You can explicitly reuse an out tensor t by resizing it, inplace, to zero elements with t.resize_(0). (Triggered internally at  /opt/conda/conda-bld/pytorch_1603729096996/work/aten/src/ATen/native/Resize.cpp:19.)
  torch.mul(self.topk_scores, length_penalty, out=self.topk_log_probs)
/home/jefhe/anaconda3/envs/opennmt/lib/python3.8/site-packages/onmt/translate/beam_search.py:209: UserWarning: An output with one or more elements was resized since it had shape [1035], which does not match the required output shape [207, 5].This behavior is deprecated, and in a future PyTorch release outputs will not be resized unless they have zero elements. You can explicitly reuse an out tensor t by resizing it, inplace, to zero elements with t.resize_(0). (Triggered internally at  /opt/conda/conda-bld/pytorch_1603729096996/work/aten/src/ATen/native/Resize.cpp:19.)
  torch.mul(self.topk_scores, length_penalty, out=self.topk_log_probs)
/home/jefhe/anaconda3/envs/opennmt/lib/python3.8/site-packages/onmt/translate/beam_search.py:209: UserWarning: An output with one or more elements was resized since it had shape [1185], which does not match the required output shape [237, 5].This behavior is deprecated, and in a future PyTorch release outputs will not be resized unless they have zero elements. You can explicitly reuse an out tensor t by resizing it, inplace, to zero elements with t.resize_(0). (Triggered internally at  /opt/conda/conda-bld/pytorch_1603729096996/work/aten/src/ATen/native/Resize.cpp:19.)
  torch.mul(self.topk_scores, length_penalty, out=self.topk_log_probs)
/home/jefhe/anaconda3/envs/opennmt/lib/python3.8/site-packages/onmt/translate/beam_search.py:209: UserWarning: An output with one or more elements was resized since it had shape [1130], which does not match the required output shape [226, 5].This behavior is deprecated, and in a future PyTorch release outputs will not be resized unless they have zero elements. You can explicitly reuse an out tensor t by resizing it, inplace, to zero elements with t.resize_(0). (Triggered internally at  /opt/conda/conda-bld/pytorch_1603729096996/work/aten/src/ATen/native/Resize.cpp:19.)
  torch.mul(self.topk_scores, length_penalty, out=self.topk_log_probs)
/home/jefhe/anaconda3/envs/opennmt/lib/python3.8/site-packages/onmt/translate/beam_search.py:209: UserWarning: An output with one or more elements was resized since it had shape [870], which does not match the required output shape [174, 5].This behavior is deprecated, and in a future PyTorch release outputs will not be resized unless they have zero elements. You can explicitly reuse an out tensor t by resizing it, inplace, to zero elements with t.resize_(0). (Triggered internally at  /opt/conda/conda-bld/pytorch_1603729096996/work/aten/src/ATen/native/Resize.cpp:19.)
  torch.mul(self.topk_scores, length_penalty, out=self.topk_log_probs)
/home/jefhe/anaconda3/envs/opennmt/lib/python3.8/site-packages/onmt/translate/beam_search.py:209: UserWarning: An output with one or more elements was resized since it had shape [1090], which does not match the required output shape [218, 5].This behavior is deprecated, and in a future PyTorch release outputs will not be resized unless they have zero elements. You can explicitly reuse an out tensor t by resizing it, inplace, to zero elements with t.resize_(0). (Triggered internally at  /opt/conda/conda-bld/pytorch_1603729096996/work/aten/src/ATen/native/Resize.cpp:19.)
  torch.mul(self.topk_scores, length_penalty, out=self.topk_log_probs)
/home/jefhe/anaconda3/envs/opennmt/lib/python3.8/site-packages/onmt/translate/beam_search.py:209: UserWarning: An output with one or more elements was resized since it had shape [1075], which does not match the required output shape [215, 5].This behavior is deprecated, and in a future PyTorch release outputs will not be resized unless they have zero elements. You can explicitly reuse an out tensor t by resizing it, inplace, to zero elements with t.resize_(0). (Triggered internally at  /opt/conda/conda-bld/pytorch_1603729096996/work/aten/src/ATen/native/Resize.cpp:19.)
  torch.mul(self.topk_scores, length_penalty, out=self.topk_log_probs)
/home/jefhe/anaconda3/envs/opennmt/lib/python3.8/site-packages/onmt/translate/beam_search.py:209: UserWarning: An output with one or more elements was resized since it had shape [800], which does not match the required output shape [160, 5].This behavior is deprecated, and in a future PyTorch release outputs will not be resized unless they have zero elements. You can explicitly reuse an out tensor t by resizing it, inplace, to zero elements with t.resize_(0). (Triggered internally at  /opt/conda/conda-bld/pytorch_1603729096996/work/aten/src/ATen/native/Resize.cpp:19.)
  torch.mul(self.topk_scores, length_penalty, out=self.topk_log_probs)
/home/jefhe/anaconda3/envs/opennmt/lib/python3.8/site-packages/onmt/translate/beam_search.py:209: UserWarning: An output with one or more elements was resized since it had shape [300], which does not match the required output shape [60, 5].This behavior is deprecated, and in a future PyTorch release outputs will not be resized unless they have zero elements. You can explicitly reuse an out tensor t by resizing it, inplace, to zero elements with t.resize_(0). (Triggered internally at  /opt/conda/conda-bld/pytorch_1603729096996/work/aten/src/ATen/native/Resize.cpp:19.)
  torch.mul(self.topk_scores, length_penalty, out=self.topk_log_probs)
[2020-12-29 16:41:49,999 INFO] PRED AVG SCORE: -0.4961, PRED PPL: 1.6423
[2020-12-29 16:41:49,999 INFO] GOLD AVG SCORE: -1.6022, GOLD PPL: 4.9641
# Translating with checkpoint data/wmt/run/model_step_65000.pt
[2020-12-29 16:41:54,455 INFO] Translating shard 0.
/home/jefhe/anaconda3/envs/opennmt/lib/python3.8/site-packages/onmt/translate/beam_search.py:209: UserWarning: An output with one or more elements was resized since it had shape [785], which does not match the required output shape [157, 5].This behavior is deprecated, and in a future PyTorch release outputs will not be resized unless they have zero elements. You can explicitly reuse an out tensor t by resizing it, inplace, to zero elements with t.resize_(0). (Triggered internally at  /opt/conda/conda-bld/pytorch_1603729096996/work/aten/src/ATen/native/Resize.cpp:19.)
  torch.mul(self.topk_scores, length_penalty, out=self.topk_log_probs)
/home/jefhe/anaconda3/envs/opennmt/lib/python3.8/site-packages/onmt/translate/beam_search.py:209: UserWarning: An output with one or more elements was resized since it had shape [1305], which does not match the required output shape [261, 5].This behavior is deprecated, and in a future PyTorch release outputs will not be resized unless they have zero elements. You can explicitly reuse an out tensor t by resizing it, inplace, to zero elements with t.resize_(0). (Triggered internally at  /opt/conda/conda-bld/pytorch_1603729096996/work/aten/src/ATen/native/Resize.cpp:19.)
  torch.mul(self.topk_scores, length_penalty, out=self.topk_log_probs)
/home/jefhe/anaconda3/envs/opennmt/lib/python3.8/site-packages/onmt/translate/beam_search.py:209: UserWarning: An output with one or more elements was resized since it had shape [900], which does not match the required output shape [180, 5].This behavior is deprecated, and in a future PyTorch release outputs will not be resized unless they have zero elements. You can explicitly reuse an out tensor t by resizing it, inplace, to zero elements with t.resize_(0). (Triggered internally at  /opt/conda/conda-bld/pytorch_1603729096996/work/aten/src/ATen/native/Resize.cpp:19.)
  torch.mul(self.topk_scores, length_penalty, out=self.topk_log_probs)
/home/jefhe/anaconda3/envs/opennmt/lib/python3.8/site-packages/onmt/translate/beam_search.py:209: UserWarning: An output with one or more elements was resized since it had shape [1170], which does not match the required output shape [234, 5].This behavior is deprecated, and in a future PyTorch release outputs will not be resized unless they have zero elements. You can explicitly reuse an out tensor t by resizing it, inplace, to zero elements with t.resize_(0). (Triggered internally at  /opt/conda/conda-bld/pytorch_1603729096996/work/aten/src/ATen/native/Resize.cpp:19.)
  torch.mul(self.topk_scores, length_penalty, out=self.topk_log_probs)
/home/jefhe/anaconda3/envs/opennmt/lib/python3.8/site-packages/onmt/translate/beam_search.py:209: UserWarning: An output with one or more elements was resized since it had shape [1150], which does not match the required output shape [230, 5].This behavior is deprecated, and in a future PyTorch release outputs will not be resized unless they have zero elements. You can explicitly reuse an out tensor t by resizing it, inplace, to zero elements with t.resize_(0). (Triggered internally at  /opt/conda/conda-bld/pytorch_1603729096996/work/aten/src/ATen/native/Resize.cpp:19.)
  torch.mul(self.topk_scores, length_penalty, out=self.topk_log_probs)
/home/jefhe/anaconda3/envs/opennmt/lib/python3.8/site-packages/onmt/translate/beam_search.py:209: UserWarning: An output with one or more elements was resized since it had shape [1035], which does not match the required output shape [207, 5].This behavior is deprecated, and in a future PyTorch release outputs will not be resized unless they have zero elements. You can explicitly reuse an out tensor t by resizing it, inplace, to zero elements with t.resize_(0). (Triggered internally at  /opt/conda/conda-bld/pytorch_1603729096996/work/aten/src/ATen/native/Resize.cpp:19.)
  torch.mul(self.topk_scores, length_penalty, out=self.topk_log_probs)
/home/jefhe/anaconda3/envs/opennmt/lib/python3.8/site-packages/onmt/translate/beam_search.py:209: UserWarning: An output with one or more elements was resized since it had shape [1185], which does not match the required output shape [237, 5].This behavior is deprecated, and in a future PyTorch release outputs will not be resized unless they have zero elements. You can explicitly reuse an out tensor t by resizing it, inplace, to zero elements with t.resize_(0). (Triggered internally at  /opt/conda/conda-bld/pytorch_1603729096996/work/aten/src/ATen/native/Resize.cpp:19.)
  torch.mul(self.topk_scores, length_penalty, out=self.topk_log_probs)
/home/jefhe/anaconda3/envs/opennmt/lib/python3.8/site-packages/onmt/translate/beam_search.py:209: UserWarning: An output with one or more elements was resized since it had shape [1130], which does not match the required output shape [226, 5].This behavior is deprecated, and in a future PyTorch release outputs will not be resized unless they have zero elements. You can explicitly reuse an out tensor t by resizing it, inplace, to zero elements with t.resize_(0). (Triggered internally at  /opt/conda/conda-bld/pytorch_1603729096996/work/aten/src/ATen/native/Resize.cpp:19.)
  torch.mul(self.topk_scores, length_penalty, out=self.topk_log_probs)
/home/jefhe/anaconda3/envs/opennmt/lib/python3.8/site-packages/onmt/translate/beam_search.py:209: UserWarning: An output with one or more elements was resized since it had shape [870], which does not match the required output shape [174, 5].This behavior is deprecated, and in a future PyTorch release outputs will not be resized unless they have zero elements. You can explicitly reuse an out tensor t by resizing it, inplace, to zero elements with t.resize_(0). (Triggered internally at  /opt/conda/conda-bld/pytorch_1603729096996/work/aten/src/ATen/native/Resize.cpp:19.)
  torch.mul(self.topk_scores, length_penalty, out=self.topk_log_probs)
/home/jefhe/anaconda3/envs/opennmt/lib/python3.8/site-packages/onmt/translate/beam_search.py:209: UserWarning: An output with one or more elements was resized since it had shape [1090], which does not match the required output shape [218, 5].This behavior is deprecated, and in a future PyTorch release outputs will not be resized unless they have zero elements. You can explicitly reuse an out tensor t by resizing it, inplace, to zero elements with t.resize_(0). (Triggered internally at  /opt/conda/conda-bld/pytorch_1603729096996/work/aten/src/ATen/native/Resize.cpp:19.)
  torch.mul(self.topk_scores, length_penalty, out=self.topk_log_probs)
/home/jefhe/anaconda3/envs/opennmt/lib/python3.8/site-packages/onmt/translate/beam_search.py:209: UserWarning: An output with one or more elements was resized since it had shape [1075], which does not match the required output shape [215, 5].This behavior is deprecated, and in a future PyTorch release outputs will not be resized unless they have zero elements. You can explicitly reuse an out tensor t by resizing it, inplace, to zero elements with t.resize_(0). (Triggered internally at  /opt/conda/conda-bld/pytorch_1603729096996/work/aten/src/ATen/native/Resize.cpp:19.)
  torch.mul(self.topk_scores, length_penalty, out=self.topk_log_probs)
/home/jefhe/anaconda3/envs/opennmt/lib/python3.8/site-packages/onmt/translate/beam_search.py:209: UserWarning: An output with one or more elements was resized since it had shape [800], which does not match the required output shape [160, 5].This behavior is deprecated, and in a future PyTorch release outputs will not be resized unless they have zero elements. You can explicitly reuse an out tensor t by resizing it, inplace, to zero elements with t.resize_(0). (Triggered internally at  /opt/conda/conda-bld/pytorch_1603729096996/work/aten/src/ATen/native/Resize.cpp:19.)
  torch.mul(self.topk_scores, length_penalty, out=self.topk_log_probs)
/home/jefhe/anaconda3/envs/opennmt/lib/python3.8/site-packages/onmt/translate/beam_search.py:209: UserWarning: An output with one or more elements was resized since it had shape [300], which does not match the required output shape [60, 5].This behavior is deprecated, and in a future PyTorch release outputs will not be resized unless they have zero elements. You can explicitly reuse an out tensor t by resizing it, inplace, to zero elements with t.resize_(0). (Triggered internally at  /opt/conda/conda-bld/pytorch_1603729096996/work/aten/src/ATen/native/Resize.cpp:19.)
  torch.mul(self.topk_scores, length_penalty, out=self.topk_log_probs)
[2020-12-29 16:42:40,652 INFO] PRED AVG SCORE: -0.4897, PRED PPL: 1.6318
[2020-12-29 16:42:40,652 INFO] GOLD AVG SCORE: -1.5978, GOLD PPL: 4.9423
# Translating with checkpoint data/wmt/run/model_step_70000.pt
[2020-12-29 16:42:45,066 INFO] Translating shard 0.
/home/jefhe/anaconda3/envs/opennmt/lib/python3.8/site-packages/onmt/translate/beam_search.py:209: UserWarning: An output with one or more elements was resized since it had shape [785], which does not match the required output shape [157, 5].This behavior is deprecated, and in a future PyTorch release outputs will not be resized unless they have zero elements. You can explicitly reuse an out tensor t by resizing it, inplace, to zero elements with t.resize_(0). (Triggered internally at  /opt/conda/conda-bld/pytorch_1603729096996/work/aten/src/ATen/native/Resize.cpp:19.)
  torch.mul(self.topk_scores, length_penalty, out=self.topk_log_probs)
/home/jefhe/anaconda3/envs/opennmt/lib/python3.8/site-packages/onmt/translate/beam_search.py:209: UserWarning: An output with one or more elements was resized since it had shape [1305], which does not match the required output shape [261, 5].This behavior is deprecated, and in a future PyTorch release outputs will not be resized unless they have zero elements. You can explicitly reuse an out tensor t by resizing it, inplace, to zero elements with t.resize_(0). (Triggered internally at  /opt/conda/conda-bld/pytorch_1603729096996/work/aten/src/ATen/native/Resize.cpp:19.)
  torch.mul(self.topk_scores, length_penalty, out=self.topk_log_probs)
/home/jefhe/anaconda3/envs/opennmt/lib/python3.8/site-packages/onmt/translate/beam_search.py:209: UserWarning: An output with one or more elements was resized since it had shape [900], which does not match the required output shape [180, 5].This behavior is deprecated, and in a future PyTorch release outputs will not be resized unless they have zero elements. You can explicitly reuse an out tensor t by resizing it, inplace, to zero elements with t.resize_(0). (Triggered internally at  /opt/conda/conda-bld/pytorch_1603729096996/work/aten/src/ATen/native/Resize.cpp:19.)
  torch.mul(self.topk_scores, length_penalty, out=self.topk_log_probs)
/home/jefhe/anaconda3/envs/opennmt/lib/python3.8/site-packages/onmt/translate/beam_search.py:209: UserWarning: An output with one or more elements was resized since it had shape [1170], which does not match the required output shape [234, 5].This behavior is deprecated, and in a future PyTorch release outputs will not be resized unless they have zero elements. You can explicitly reuse an out tensor t by resizing it, inplace, to zero elements with t.resize_(0). (Triggered internally at  /opt/conda/conda-bld/pytorch_1603729096996/work/aten/src/ATen/native/Resize.cpp:19.)
  torch.mul(self.topk_scores, length_penalty, out=self.topk_log_probs)
/home/jefhe/anaconda3/envs/opennmt/lib/python3.8/site-packages/onmt/translate/beam_search.py:209: UserWarning: An output with one or more elements was resized since it had shape [1150], which does not match the required output shape [230, 5].This behavior is deprecated, and in a future PyTorch release outputs will not be resized unless they have zero elements. You can explicitly reuse an out tensor t by resizing it, inplace, to zero elements with t.resize_(0). (Triggered internally at  /opt/conda/conda-bld/pytorch_1603729096996/work/aten/src/ATen/native/Resize.cpp:19.)
  torch.mul(self.topk_scores, length_penalty, out=self.topk_log_probs)
/home/jefhe/anaconda3/envs/opennmt/lib/python3.8/site-packages/onmt/translate/beam_search.py:209: UserWarning: An output with one or more elements was resized since it had shape [1035], which does not match the required output shape [207, 5].This behavior is deprecated, and in a future PyTorch release outputs will not be resized unless they have zero elements. You can explicitly reuse an out tensor t by resizing it, inplace, to zero elements with t.resize_(0). (Triggered internally at  /opt/conda/conda-bld/pytorch_1603729096996/work/aten/src/ATen/native/Resize.cpp:19.)
  torch.mul(self.topk_scores, length_penalty, out=self.topk_log_probs)
/home/jefhe/anaconda3/envs/opennmt/lib/python3.8/site-packages/onmt/translate/beam_search.py:209: UserWarning: An output with one or more elements was resized since it had shape [1185], which does not match the required output shape [237, 5].This behavior is deprecated, and in a future PyTorch release outputs will not be resized unless they have zero elements. You can explicitly reuse an out tensor t by resizing it, inplace, to zero elements with t.resize_(0). (Triggered internally at  /opt/conda/conda-bld/pytorch_1603729096996/work/aten/src/ATen/native/Resize.cpp:19.)
  torch.mul(self.topk_scores, length_penalty, out=self.topk_log_probs)
/home/jefhe/anaconda3/envs/opennmt/lib/python3.8/site-packages/onmt/translate/beam_search.py:209: UserWarning: An output with one or more elements was resized since it had shape [1130], which does not match the required output shape [226, 5].This behavior is deprecated, and in a future PyTorch release outputs will not be resized unless they have zero elements. You can explicitly reuse an out tensor t by resizing it, inplace, to zero elements with t.resize_(0). (Triggered internally at  /opt/conda/conda-bld/pytorch_1603729096996/work/aten/src/ATen/native/Resize.cpp:19.)
  torch.mul(self.topk_scores, length_penalty, out=self.topk_log_probs)
/home/jefhe/anaconda3/envs/opennmt/lib/python3.8/site-packages/onmt/translate/beam_search.py:209: UserWarning: An output with one or more elements was resized since it had shape [870], which does not match the required output shape [174, 5].This behavior is deprecated, and in a future PyTorch release outputs will not be resized unless they have zero elements. You can explicitly reuse an out tensor t by resizing it, inplace, to zero elements with t.resize_(0). (Triggered internally at  /opt/conda/conda-bld/pytorch_1603729096996/work/aten/src/ATen/native/Resize.cpp:19.)
  torch.mul(self.topk_scores, length_penalty, out=self.topk_log_probs)
/home/jefhe/anaconda3/envs/opennmt/lib/python3.8/site-packages/onmt/translate/beam_search.py:209: UserWarning: An output with one or more elements was resized since it had shape [1090], which does not match the required output shape [218, 5].This behavior is deprecated, and in a future PyTorch release outputs will not be resized unless they have zero elements. You can explicitly reuse an out tensor t by resizing it, inplace, to zero elements with t.resize_(0). (Triggered internally at  /opt/conda/conda-bld/pytorch_1603729096996/work/aten/src/ATen/native/Resize.cpp:19.)
  torch.mul(self.topk_scores, length_penalty, out=self.topk_log_probs)
/home/jefhe/anaconda3/envs/opennmt/lib/python3.8/site-packages/onmt/translate/beam_search.py:209: UserWarning: An output with one or more elements was resized since it had shape [1075], which does not match the required output shape [215, 5].This behavior is deprecated, and in a future PyTorch release outputs will not be resized unless they have zero elements. You can explicitly reuse an out tensor t by resizing it, inplace, to zero elements with t.resize_(0). (Triggered internally at  /opt/conda/conda-bld/pytorch_1603729096996/work/aten/src/ATen/native/Resize.cpp:19.)
  torch.mul(self.topk_scores, length_penalty, out=self.topk_log_probs)
/home/jefhe/anaconda3/envs/opennmt/lib/python3.8/site-packages/onmt/translate/beam_search.py:209: UserWarning: An output with one or more elements was resized since it had shape [800], which does not match the required output shape [160, 5].This behavior is deprecated, and in a future PyTorch release outputs will not be resized unless they have zero elements. You can explicitly reuse an out tensor t by resizing it, inplace, to zero elements with t.resize_(0). (Triggered internally at  /opt/conda/conda-bld/pytorch_1603729096996/work/aten/src/ATen/native/Resize.cpp:19.)
  torch.mul(self.topk_scores, length_penalty, out=self.topk_log_probs)
/home/jefhe/anaconda3/envs/opennmt/lib/python3.8/site-packages/onmt/translate/beam_search.py:209: UserWarning: An output with one or more elements was resized since it had shape [300], which does not match the required output shape [60, 5].This behavior is deprecated, and in a future PyTorch release outputs will not be resized unless they have zero elements. You can explicitly reuse an out tensor t by resizing it, inplace, to zero elements with t.resize_(0). (Triggered internally at  /opt/conda/conda-bld/pytorch_1603729096996/work/aten/src/ATen/native/Resize.cpp:19.)
  torch.mul(self.topk_scores, length_penalty, out=self.topk_log_probs)
[2020-12-29 16:43:30,983 INFO] PRED AVG SCORE: -0.4879, PRED PPL: 1.6288
[2020-12-29 16:43:30,984 INFO] GOLD AVG SCORE: -1.5868, GOLD PPL: 4.8881
# Translating with checkpoint data/wmt/run/model_step_75000.pt
[2020-12-29 16:43:35,412 INFO] Translating shard 0.
/home/jefhe/anaconda3/envs/opennmt/lib/python3.8/site-packages/onmt/translate/beam_search.py:209: UserWarning: An output with one or more elements was resized since it had shape [785], which does not match the required output shape [157, 5].This behavior is deprecated, and in a future PyTorch release outputs will not be resized unless they have zero elements. You can explicitly reuse an out tensor t by resizing it, inplace, to zero elements with t.resize_(0). (Triggered internally at  /opt/conda/conda-bld/pytorch_1603729096996/work/aten/src/ATen/native/Resize.cpp:19.)
  torch.mul(self.topk_scores, length_penalty, out=self.topk_log_probs)
/home/jefhe/anaconda3/envs/opennmt/lib/python3.8/site-packages/onmt/translate/beam_search.py:209: UserWarning: An output with one or more elements was resized since it had shape [1305], which does not match the required output shape [261, 5].This behavior is deprecated, and in a future PyTorch release outputs will not be resized unless they have zero elements. You can explicitly reuse an out tensor t by resizing it, inplace, to zero elements with t.resize_(0). (Triggered internally at  /opt/conda/conda-bld/pytorch_1603729096996/work/aten/src/ATen/native/Resize.cpp:19.)
  torch.mul(self.topk_scores, length_penalty, out=self.topk_log_probs)
/home/jefhe/anaconda3/envs/opennmt/lib/python3.8/site-packages/onmt/translate/beam_search.py:209: UserWarning: An output with one or more elements was resized since it had shape [900], which does not match the required output shape [180, 5].This behavior is deprecated, and in a future PyTorch release outputs will not be resized unless they have zero elements. You can explicitly reuse an out tensor t by resizing it, inplace, to zero elements with t.resize_(0). (Triggered internally at  /opt/conda/conda-bld/pytorch_1603729096996/work/aten/src/ATen/native/Resize.cpp:19.)
  torch.mul(self.topk_scores, length_penalty, out=self.topk_log_probs)
/home/jefhe/anaconda3/envs/opennmt/lib/python3.8/site-packages/onmt/translate/beam_search.py:209: UserWarning: An output with one or more elements was resized since it had shape [1170], which does not match the required output shape [234, 5].This behavior is deprecated, and in a future PyTorch release outputs will not be resized unless they have zero elements. You can explicitly reuse an out tensor t by resizing it, inplace, to zero elements with t.resize_(0). (Triggered internally at  /opt/conda/conda-bld/pytorch_1603729096996/work/aten/src/ATen/native/Resize.cpp:19.)
  torch.mul(self.topk_scores, length_penalty, out=self.topk_log_probs)
/home/jefhe/anaconda3/envs/opennmt/lib/python3.8/site-packages/onmt/translate/beam_search.py:209: UserWarning: An output with one or more elements was resized since it had shape [1150], which does not match the required output shape [230, 5].This behavior is deprecated, and in a future PyTorch release outputs will not be resized unless they have zero elements. You can explicitly reuse an out tensor t by resizing it, inplace, to zero elements with t.resize_(0). (Triggered internally at  /opt/conda/conda-bld/pytorch_1603729096996/work/aten/src/ATen/native/Resize.cpp:19.)
  torch.mul(self.topk_scores, length_penalty, out=self.topk_log_probs)
/home/jefhe/anaconda3/envs/opennmt/lib/python3.8/site-packages/onmt/translate/beam_search.py:209: UserWarning: An output with one or more elements was resized since it had shape [1035], which does not match the required output shape [207, 5].This behavior is deprecated, and in a future PyTorch release outputs will not be resized unless they have zero elements. You can explicitly reuse an out tensor t by resizing it, inplace, to zero elements with t.resize_(0). (Triggered internally at  /opt/conda/conda-bld/pytorch_1603729096996/work/aten/src/ATen/native/Resize.cpp:19.)
  torch.mul(self.topk_scores, length_penalty, out=self.topk_log_probs)
/home/jefhe/anaconda3/envs/opennmt/lib/python3.8/site-packages/onmt/translate/beam_search.py:209: UserWarning: An output with one or more elements was resized since it had shape [1185], which does not match the required output shape [237, 5].This behavior is deprecated, and in a future PyTorch release outputs will not be resized unless they have zero elements. You can explicitly reuse an out tensor t by resizing it, inplace, to zero elements with t.resize_(0). (Triggered internally at  /opt/conda/conda-bld/pytorch_1603729096996/work/aten/src/ATen/native/Resize.cpp:19.)
  torch.mul(self.topk_scores, length_penalty, out=self.topk_log_probs)
/home/jefhe/anaconda3/envs/opennmt/lib/python3.8/site-packages/onmt/translate/beam_search.py:209: UserWarning: An output with one or more elements was resized since it had shape [1130], which does not match the required output shape [226, 5].This behavior is deprecated, and in a future PyTorch release outputs will not be resized unless they have zero elements. You can explicitly reuse an out tensor t by resizing it, inplace, to zero elements with t.resize_(0). (Triggered internally at  /opt/conda/conda-bld/pytorch_1603729096996/work/aten/src/ATen/native/Resize.cpp:19.)
  torch.mul(self.topk_scores, length_penalty, out=self.topk_log_probs)
/home/jefhe/anaconda3/envs/opennmt/lib/python3.8/site-packages/onmt/translate/beam_search.py:209: UserWarning: An output with one or more elements was resized since it had shape [870], which does not match the required output shape [174, 5].This behavior is deprecated, and in a future PyTorch release outputs will not be resized unless they have zero elements. You can explicitly reuse an out tensor t by resizing it, inplace, to zero elements with t.resize_(0). (Triggered internally at  /opt/conda/conda-bld/pytorch_1603729096996/work/aten/src/ATen/native/Resize.cpp:19.)
  torch.mul(self.topk_scores, length_penalty, out=self.topk_log_probs)
/home/jefhe/anaconda3/envs/opennmt/lib/python3.8/site-packages/onmt/translate/beam_search.py:209: UserWarning: An output with one or more elements was resized since it had shape [1090], which does not match the required output shape [218, 5].This behavior is deprecated, and in a future PyTorch release outputs will not be resized unless they have zero elements. You can explicitly reuse an out tensor t by resizing it, inplace, to zero elements with t.resize_(0). (Triggered internally at  /opt/conda/conda-bld/pytorch_1603729096996/work/aten/src/ATen/native/Resize.cpp:19.)
  torch.mul(self.topk_scores, length_penalty, out=self.topk_log_probs)
/home/jefhe/anaconda3/envs/opennmt/lib/python3.8/site-packages/onmt/translate/beam_search.py:209: UserWarning: An output with one or more elements was resized since it had shape [1075], which does not match the required output shape [215, 5].This behavior is deprecated, and in a future PyTorch release outputs will not be resized unless they have zero elements. You can explicitly reuse an out tensor t by resizing it, inplace, to zero elements with t.resize_(0). (Triggered internally at  /opt/conda/conda-bld/pytorch_1603729096996/work/aten/src/ATen/native/Resize.cpp:19.)
  torch.mul(self.topk_scores, length_penalty, out=self.topk_log_probs)
/home/jefhe/anaconda3/envs/opennmt/lib/python3.8/site-packages/onmt/translate/beam_search.py:209: UserWarning: An output with one or more elements was resized since it had shape [800], which does not match the required output shape [160, 5].This behavior is deprecated, and in a future PyTorch release outputs will not be resized unless they have zero elements. You can explicitly reuse an out tensor t by resizing it, inplace, to zero elements with t.resize_(0). (Triggered internally at  /opt/conda/conda-bld/pytorch_1603729096996/work/aten/src/ATen/native/Resize.cpp:19.)
  torch.mul(self.topk_scores, length_penalty, out=self.topk_log_probs)
/home/jefhe/anaconda3/envs/opennmt/lib/python3.8/site-packages/onmt/translate/beam_search.py:209: UserWarning: An output with one or more elements was resized since it had shape [300], which does not match the required output shape [60, 5].This behavior is deprecated, and in a future PyTorch release outputs will not be resized unless they have zero elements. You can explicitly reuse an out tensor t by resizing it, inplace, to zero elements with t.resize_(0). (Triggered internally at  /opt/conda/conda-bld/pytorch_1603729096996/work/aten/src/ATen/native/Resize.cpp:19.)
  torch.mul(self.topk_scores, length_penalty, out=self.topk_log_probs)
[2020-12-29 16:44:21,602 INFO] PRED AVG SCORE: -0.4918, PRED PPL: 1.6352
[2020-12-29 16:44:21,602 INFO] GOLD AVG SCORE: -1.5839, GOLD PPL: 4.8738
# Translating with checkpoint data/wmt/run/model_step_80000.pt
[2020-12-29 16:44:26,049 INFO] Translating shard 0.
/home/jefhe/anaconda3/envs/opennmt/lib/python3.8/site-packages/onmt/translate/beam_search.py:209: UserWarning: An output with one or more elements was resized since it had shape [785], which does not match the required output shape [157, 5].This behavior is deprecated, and in a future PyTorch release outputs will not be resized unless they have zero elements. You can explicitly reuse an out tensor t by resizing it, inplace, to zero elements with t.resize_(0). (Triggered internally at  /opt/conda/conda-bld/pytorch_1603729096996/work/aten/src/ATen/native/Resize.cpp:19.)
  torch.mul(self.topk_scores, length_penalty, out=self.topk_log_probs)
/home/jefhe/anaconda3/envs/opennmt/lib/python3.8/site-packages/onmt/translate/beam_search.py:209: UserWarning: An output with one or more elements was resized since it had shape [1305], which does not match the required output shape [261, 5].This behavior is deprecated, and in a future PyTorch release outputs will not be resized unless they have zero elements. You can explicitly reuse an out tensor t by resizing it, inplace, to zero elements with t.resize_(0). (Triggered internally at  /opt/conda/conda-bld/pytorch_1603729096996/work/aten/src/ATen/native/Resize.cpp:19.)
  torch.mul(self.topk_scores, length_penalty, out=self.topk_log_probs)
/home/jefhe/anaconda3/envs/opennmt/lib/python3.8/site-packages/onmt/translate/beam_search.py:209: UserWarning: An output with one or more elements was resized since it had shape [900], which does not match the required output shape [180, 5].This behavior is deprecated, and in a future PyTorch release outputs will not be resized unless they have zero elements. You can explicitly reuse an out tensor t by resizing it, inplace, to zero elements with t.resize_(0). (Triggered internally at  /opt/conda/conda-bld/pytorch_1603729096996/work/aten/src/ATen/native/Resize.cpp:19.)
  torch.mul(self.topk_scores, length_penalty, out=self.topk_log_probs)
/home/jefhe/anaconda3/envs/opennmt/lib/python3.8/site-packages/onmt/translate/beam_search.py:209: UserWarning: An output with one or more elements was resized since it had shape [1170], which does not match the required output shape [234, 5].This behavior is deprecated, and in a future PyTorch release outputs will not be resized unless they have zero elements. You can explicitly reuse an out tensor t by resizing it, inplace, to zero elements with t.resize_(0). (Triggered internally at  /opt/conda/conda-bld/pytorch_1603729096996/work/aten/src/ATen/native/Resize.cpp:19.)
  torch.mul(self.topk_scores, length_penalty, out=self.topk_log_probs)
/home/jefhe/anaconda3/envs/opennmt/lib/python3.8/site-packages/onmt/translate/beam_search.py:209: UserWarning: An output with one or more elements was resized since it had shape [1150], which does not match the required output shape [230, 5].This behavior is deprecated, and in a future PyTorch release outputs will not be resized unless they have zero elements. You can explicitly reuse an out tensor t by resizing it, inplace, to zero elements with t.resize_(0). (Triggered internally at  /opt/conda/conda-bld/pytorch_1603729096996/work/aten/src/ATen/native/Resize.cpp:19.)
  torch.mul(self.topk_scores, length_penalty, out=self.topk_log_probs)
/home/jefhe/anaconda3/envs/opennmt/lib/python3.8/site-packages/onmt/translate/beam_search.py:209: UserWarning: An output with one or more elements was resized since it had shape [1035], which does not match the required output shape [207, 5].This behavior is deprecated, and in a future PyTorch release outputs will not be resized unless they have zero elements. You can explicitly reuse an out tensor t by resizing it, inplace, to zero elements with t.resize_(0). (Triggered internally at  /opt/conda/conda-bld/pytorch_1603729096996/work/aten/src/ATen/native/Resize.cpp:19.)
  torch.mul(self.topk_scores, length_penalty, out=self.topk_log_probs)
/home/jefhe/anaconda3/envs/opennmt/lib/python3.8/site-packages/onmt/translate/beam_search.py:209: UserWarning: An output with one or more elements was resized since it had shape [1185], which does not match the required output shape [237, 5].This behavior is deprecated, and in a future PyTorch release outputs will not be resized unless they have zero elements. You can explicitly reuse an out tensor t by resizing it, inplace, to zero elements with t.resize_(0). (Triggered internally at  /opt/conda/conda-bld/pytorch_1603729096996/work/aten/src/ATen/native/Resize.cpp:19.)
  torch.mul(self.topk_scores, length_penalty, out=self.topk_log_probs)
/home/jefhe/anaconda3/envs/opennmt/lib/python3.8/site-packages/onmt/translate/beam_search.py:209: UserWarning: An output with one or more elements was resized since it had shape [1130], which does not match the required output shape [226, 5].This behavior is deprecated, and in a future PyTorch release outputs will not be resized unless they have zero elements. You can explicitly reuse an out tensor t by resizing it, inplace, to zero elements with t.resize_(0). (Triggered internally at  /opt/conda/conda-bld/pytorch_1603729096996/work/aten/src/ATen/native/Resize.cpp:19.)
  torch.mul(self.topk_scores, length_penalty, out=self.topk_log_probs)
/home/jefhe/anaconda3/envs/opennmt/lib/python3.8/site-packages/onmt/translate/beam_search.py:209: UserWarning: An output with one or more elements was resized since it had shape [870], which does not match the required output shape [174, 5].This behavior is deprecated, and in a future PyTorch release outputs will not be resized unless they have zero elements. You can explicitly reuse an out tensor t by resizing it, inplace, to zero elements with t.resize_(0). (Triggered internally at  /opt/conda/conda-bld/pytorch_1603729096996/work/aten/src/ATen/native/Resize.cpp:19.)
  torch.mul(self.topk_scores, length_penalty, out=self.topk_log_probs)
/home/jefhe/anaconda3/envs/opennmt/lib/python3.8/site-packages/onmt/translate/beam_search.py:209: UserWarning: An output with one or more elements was resized since it had shape [1090], which does not match the required output shape [218, 5].This behavior is deprecated, and in a future PyTorch release outputs will not be resized unless they have zero elements. You can explicitly reuse an out tensor t by resizing it, inplace, to zero elements with t.resize_(0). (Triggered internally at  /opt/conda/conda-bld/pytorch_1603729096996/work/aten/src/ATen/native/Resize.cpp:19.)
  torch.mul(self.topk_scores, length_penalty, out=self.topk_log_probs)
/home/jefhe/anaconda3/envs/opennmt/lib/python3.8/site-packages/onmt/translate/beam_search.py:209: UserWarning: An output with one or more elements was resized since it had shape [1075], which does not match the required output shape [215, 5].This behavior is deprecated, and in a future PyTorch release outputs will not be resized unless they have zero elements. You can explicitly reuse an out tensor t by resizing it, inplace, to zero elements with t.resize_(0). (Triggered internally at  /opt/conda/conda-bld/pytorch_1603729096996/work/aten/src/ATen/native/Resize.cpp:19.)
  torch.mul(self.topk_scores, length_penalty, out=self.topk_log_probs)
/home/jefhe/anaconda3/envs/opennmt/lib/python3.8/site-packages/onmt/translate/beam_search.py:209: UserWarning: An output with one or more elements was resized since it had shape [800], which does not match the required output shape [160, 5].This behavior is deprecated, and in a future PyTorch release outputs will not be resized unless they have zero elements. You can explicitly reuse an out tensor t by resizing it, inplace, to zero elements with t.resize_(0). (Triggered internally at  /opt/conda/conda-bld/pytorch_1603729096996/work/aten/src/ATen/native/Resize.cpp:19.)
  torch.mul(self.topk_scores, length_penalty, out=self.topk_log_probs)
/home/jefhe/anaconda3/envs/opennmt/lib/python3.8/site-packages/onmt/translate/beam_search.py:209: UserWarning: An output with one or more elements was resized since it had shape [300], which does not match the required output shape [60, 5].This behavior is deprecated, and in a future PyTorch release outputs will not be resized unless they have zero elements. You can explicitly reuse an out tensor t by resizing it, inplace, to zero elements with t.resize_(0). (Triggered internally at  /opt/conda/conda-bld/pytorch_1603729096996/work/aten/src/ATen/native/Resize.cpp:19.)
  torch.mul(self.topk_scores, length_penalty, out=self.topk_log_probs)
[2020-12-29 16:45:12,246 INFO] PRED AVG SCORE: -0.4842, PRED PPL: 1.6229
[2020-12-29 16:45:12,246 INFO] GOLD AVG SCORE: -1.5750, GOLD PPL: 4.8307
# Translating with checkpoint data/wmt/run/model_step_85000.pt
[2020-12-29 16:45:17,016 INFO] Translating shard 0.
/home/jefhe/anaconda3/envs/opennmt/lib/python3.8/site-packages/onmt/translate/beam_search.py:209: UserWarning: An output with one or more elements was resized since it had shape [785], which does not match the required output shape [157, 5].This behavior is deprecated, and in a future PyTorch release outputs will not be resized unless they have zero elements. You can explicitly reuse an out tensor t by resizing it, inplace, to zero elements with t.resize_(0). (Triggered internally at  /opt/conda/conda-bld/pytorch_1603729096996/work/aten/src/ATen/native/Resize.cpp:19.)
  torch.mul(self.topk_scores, length_penalty, out=self.topk_log_probs)
/home/jefhe/anaconda3/envs/opennmt/lib/python3.8/site-packages/onmt/translate/beam_search.py:209: UserWarning: An output with one or more elements was resized since it had shape [1305], which does not match the required output shape [261, 5].This behavior is deprecated, and in a future PyTorch release outputs will not be resized unless they have zero elements. You can explicitly reuse an out tensor t by resizing it, inplace, to zero elements with t.resize_(0). (Triggered internally at  /opt/conda/conda-bld/pytorch_1603729096996/work/aten/src/ATen/native/Resize.cpp:19.)
  torch.mul(self.topk_scores, length_penalty, out=self.topk_log_probs)
/home/jefhe/anaconda3/envs/opennmt/lib/python3.8/site-packages/onmt/translate/beam_search.py:209: UserWarning: An output with one or more elements was resized since it had shape [900], which does not match the required output shape [180, 5].This behavior is deprecated, and in a future PyTorch release outputs will not be resized unless they have zero elements. You can explicitly reuse an out tensor t by resizing it, inplace, to zero elements with t.resize_(0). (Triggered internally at  /opt/conda/conda-bld/pytorch_1603729096996/work/aten/src/ATen/native/Resize.cpp:19.)
  torch.mul(self.topk_scores, length_penalty, out=self.topk_log_probs)
/home/jefhe/anaconda3/envs/opennmt/lib/python3.8/site-packages/onmt/translate/beam_search.py:209: UserWarning: An output with one or more elements was resized since it had shape [1170], which does not match the required output shape [234, 5].This behavior is deprecated, and in a future PyTorch release outputs will not be resized unless they have zero elements. You can explicitly reuse an out tensor t by resizing it, inplace, to zero elements with t.resize_(0). (Triggered internally at  /opt/conda/conda-bld/pytorch_1603729096996/work/aten/src/ATen/native/Resize.cpp:19.)
  torch.mul(self.topk_scores, length_penalty, out=self.topk_log_probs)
/home/jefhe/anaconda3/envs/opennmt/lib/python3.8/site-packages/onmt/translate/beam_search.py:209: UserWarning: An output with one or more elements was resized since it had shape [1150], which does not match the required output shape [230, 5].This behavior is deprecated, and in a future PyTorch release outputs will not be resized unless they have zero elements. You can explicitly reuse an out tensor t by resizing it, inplace, to zero elements with t.resize_(0). (Triggered internally at  /opt/conda/conda-bld/pytorch_1603729096996/work/aten/src/ATen/native/Resize.cpp:19.)
  torch.mul(self.topk_scores, length_penalty, out=self.topk_log_probs)
/home/jefhe/anaconda3/envs/opennmt/lib/python3.8/site-packages/onmt/translate/beam_search.py:209: UserWarning: An output with one or more elements was resized since it had shape [1035], which does not match the required output shape [207, 5].This behavior is deprecated, and in a future PyTorch release outputs will not be resized unless they have zero elements. You can explicitly reuse an out tensor t by resizing it, inplace, to zero elements with t.resize_(0). (Triggered internally at  /opt/conda/conda-bld/pytorch_1603729096996/work/aten/src/ATen/native/Resize.cpp:19.)
  torch.mul(self.topk_scores, length_penalty, out=self.topk_log_probs)
/home/jefhe/anaconda3/envs/opennmt/lib/python3.8/site-packages/onmt/translate/beam_search.py:209: UserWarning: An output with one or more elements was resized since it had shape [1185], which does not match the required output shape [237, 5].This behavior is deprecated, and in a future PyTorch release outputs will not be resized unless they have zero elements. You can explicitly reuse an out tensor t by resizing it, inplace, to zero elements with t.resize_(0). (Triggered internally at  /opt/conda/conda-bld/pytorch_1603729096996/work/aten/src/ATen/native/Resize.cpp:19.)
  torch.mul(self.topk_scores, length_penalty, out=self.topk_log_probs)
/home/jefhe/anaconda3/envs/opennmt/lib/python3.8/site-packages/onmt/translate/beam_search.py:209: UserWarning: An output with one or more elements was resized since it had shape [1130], which does not match the required output shape [226, 5].This behavior is deprecated, and in a future PyTorch release outputs will not be resized unless they have zero elements. You can explicitly reuse an out tensor t by resizing it, inplace, to zero elements with t.resize_(0). (Triggered internally at  /opt/conda/conda-bld/pytorch_1603729096996/work/aten/src/ATen/native/Resize.cpp:19.)
  torch.mul(self.topk_scores, length_penalty, out=self.topk_log_probs)
/home/jefhe/anaconda3/envs/opennmt/lib/python3.8/site-packages/onmt/translate/beam_search.py:209: UserWarning: An output with one or more elements was resized since it had shape [870], which does not match the required output shape [174, 5].This behavior is deprecated, and in a future PyTorch release outputs will not be resized unless they have zero elements. You can explicitly reuse an out tensor t by resizing it, inplace, to zero elements with t.resize_(0). (Triggered internally at  /opt/conda/conda-bld/pytorch_1603729096996/work/aten/src/ATen/native/Resize.cpp:19.)
  torch.mul(self.topk_scores, length_penalty, out=self.topk_log_probs)
/home/jefhe/anaconda3/envs/opennmt/lib/python3.8/site-packages/onmt/translate/beam_search.py:209: UserWarning: An output with one or more elements was resized since it had shape [1090], which does not match the required output shape [218, 5].This behavior is deprecated, and in a future PyTorch release outputs will not be resized unless they have zero elements. You can explicitly reuse an out tensor t by resizing it, inplace, to zero elements with t.resize_(0). (Triggered internally at  /opt/conda/conda-bld/pytorch_1603729096996/work/aten/src/ATen/native/Resize.cpp:19.)
  torch.mul(self.topk_scores, length_penalty, out=self.topk_log_probs)
/home/jefhe/anaconda3/envs/opennmt/lib/python3.8/site-packages/onmt/translate/beam_search.py:209: UserWarning: An output with one or more elements was resized since it had shape [1075], which does not match the required output shape [215, 5].This behavior is deprecated, and in a future PyTorch release outputs will not be resized unless they have zero elements. You can explicitly reuse an out tensor t by resizing it, inplace, to zero elements with t.resize_(0). (Triggered internally at  /opt/conda/conda-bld/pytorch_1603729096996/work/aten/src/ATen/native/Resize.cpp:19.)
  torch.mul(self.topk_scores, length_penalty, out=self.topk_log_probs)
/home/jefhe/anaconda3/envs/opennmt/lib/python3.8/site-packages/onmt/translate/beam_search.py:209: UserWarning: An output with one or more elements was resized since it had shape [800], which does not match the required output shape [160, 5].This behavior is deprecated, and in a future PyTorch release outputs will not be resized unless they have zero elements. You can explicitly reuse an out tensor t by resizing it, inplace, to zero elements with t.resize_(0). (Triggered internally at  /opt/conda/conda-bld/pytorch_1603729096996/work/aten/src/ATen/native/Resize.cpp:19.)
  torch.mul(self.topk_scores, length_penalty, out=self.topk_log_probs)
/home/jefhe/anaconda3/envs/opennmt/lib/python3.8/site-packages/onmt/translate/beam_search.py:209: UserWarning: An output with one or more elements was resized since it had shape [300], which does not match the required output shape [60, 5].This behavior is deprecated, and in a future PyTorch release outputs will not be resized unless they have zero elements. You can explicitly reuse an out tensor t by resizing it, inplace, to zero elements with t.resize_(0). (Triggered internally at  /opt/conda/conda-bld/pytorch_1603729096996/work/aten/src/ATen/native/Resize.cpp:19.)
  torch.mul(self.topk_scores, length_penalty, out=self.topk_log_probs)
[2020-12-29 16:46:03,244 INFO] PRED AVG SCORE: -0.4681, PRED PPL: 1.5970
[2020-12-29 16:46:03,245 INFO] GOLD AVG SCORE: -1.5672, GOLD PPL: 4.7933
# Translating with checkpoint data/wmt/run/model_step_90000.pt
[2020-12-29 16:46:07,936 INFO] Translating shard 0.
/home/jefhe/anaconda3/envs/opennmt/lib/python3.8/site-packages/onmt/translate/beam_search.py:209: UserWarning: An output with one or more elements was resized since it had shape [785], which does not match the required output shape [157, 5].This behavior is deprecated, and in a future PyTorch release outputs will not be resized unless they have zero elements. You can explicitly reuse an out tensor t by resizing it, inplace, to zero elements with t.resize_(0). (Triggered internally at  /opt/conda/conda-bld/pytorch_1603729096996/work/aten/src/ATen/native/Resize.cpp:19.)
  torch.mul(self.topk_scores, length_penalty, out=self.topk_log_probs)
/home/jefhe/anaconda3/envs/opennmt/lib/python3.8/site-packages/onmt/translate/beam_search.py:209: UserWarning: An output with one or more elements was resized since it had shape [1305], which does not match the required output shape [261, 5].This behavior is deprecated, and in a future PyTorch release outputs will not be resized unless they have zero elements. You can explicitly reuse an out tensor t by resizing it, inplace, to zero elements with t.resize_(0). (Triggered internally at  /opt/conda/conda-bld/pytorch_1603729096996/work/aten/src/ATen/native/Resize.cpp:19.)
  torch.mul(self.topk_scores, length_penalty, out=self.topk_log_probs)
/home/jefhe/anaconda3/envs/opennmt/lib/python3.8/site-packages/onmt/translate/beam_search.py:209: UserWarning: An output with one or more elements was resized since it had shape [900], which does not match the required output shape [180, 5].This behavior is deprecated, and in a future PyTorch release outputs will not be resized unless they have zero elements. You can explicitly reuse an out tensor t by resizing it, inplace, to zero elements with t.resize_(0). (Triggered internally at  /opt/conda/conda-bld/pytorch_1603729096996/work/aten/src/ATen/native/Resize.cpp:19.)
  torch.mul(self.topk_scores, length_penalty, out=self.topk_log_probs)
/home/jefhe/anaconda3/envs/opennmt/lib/python3.8/site-packages/onmt/translate/beam_search.py:209: UserWarning: An output with one or more elements was resized since it had shape [1170], which does not match the required output shape [234, 5].This behavior is deprecated, and in a future PyTorch release outputs will not be resized unless they have zero elements. You can explicitly reuse an out tensor t by resizing it, inplace, to zero elements with t.resize_(0). (Triggered internally at  /opt/conda/conda-bld/pytorch_1603729096996/work/aten/src/ATen/native/Resize.cpp:19.)
  torch.mul(self.topk_scores, length_penalty, out=self.topk_log_probs)
/home/jefhe/anaconda3/envs/opennmt/lib/python3.8/site-packages/onmt/translate/beam_search.py:209: UserWarning: An output with one or more elements was resized since it had shape [1150], which does not match the required output shape [230, 5].This behavior is deprecated, and in a future PyTorch release outputs will not be resized unless they have zero elements. You can explicitly reuse an out tensor t by resizing it, inplace, to zero elements with t.resize_(0). (Triggered internally at  /opt/conda/conda-bld/pytorch_1603729096996/work/aten/src/ATen/native/Resize.cpp:19.)
  torch.mul(self.topk_scores, length_penalty, out=self.topk_log_probs)
/home/jefhe/anaconda3/envs/opennmt/lib/python3.8/site-packages/onmt/translate/beam_search.py:209: UserWarning: An output with one or more elements was resized since it had shape [1035], which does not match the required output shape [207, 5].This behavior is deprecated, and in a future PyTorch release outputs will not be resized unless they have zero elements. You can explicitly reuse an out tensor t by resizing it, inplace, to zero elements with t.resize_(0). (Triggered internally at  /opt/conda/conda-bld/pytorch_1603729096996/work/aten/src/ATen/native/Resize.cpp:19.)
  torch.mul(self.topk_scores, length_penalty, out=self.topk_log_probs)
/home/jefhe/anaconda3/envs/opennmt/lib/python3.8/site-packages/onmt/translate/beam_search.py:209: UserWarning: An output with one or more elements was resized since it had shape [1185], which does not match the required output shape [237, 5].This behavior is deprecated, and in a future PyTorch release outputs will not be resized unless they have zero elements. You can explicitly reuse an out tensor t by resizing it, inplace, to zero elements with t.resize_(0). (Triggered internally at  /opt/conda/conda-bld/pytorch_1603729096996/work/aten/src/ATen/native/Resize.cpp:19.)
  torch.mul(self.topk_scores, length_penalty, out=self.topk_log_probs)
/home/jefhe/anaconda3/envs/opennmt/lib/python3.8/site-packages/onmt/translate/beam_search.py:209: UserWarning: An output with one or more elements was resized since it had shape [1130], which does not match the required output shape [226, 5].This behavior is deprecated, and in a future PyTorch release outputs will not be resized unless they have zero elements. You can explicitly reuse an out tensor t by resizing it, inplace, to zero elements with t.resize_(0). (Triggered internally at  /opt/conda/conda-bld/pytorch_1603729096996/work/aten/src/ATen/native/Resize.cpp:19.)
  torch.mul(self.topk_scores, length_penalty, out=self.topk_log_probs)
/home/jefhe/anaconda3/envs/opennmt/lib/python3.8/site-packages/onmt/translate/beam_search.py:209: UserWarning: An output with one or more elements was resized since it had shape [870], which does not match the required output shape [174, 5].This behavior is deprecated, and in a future PyTorch release outputs will not be resized unless they have zero elements. You can explicitly reuse an out tensor t by resizing it, inplace, to zero elements with t.resize_(0). (Triggered internally at  /opt/conda/conda-bld/pytorch_1603729096996/work/aten/src/ATen/native/Resize.cpp:19.)
  torch.mul(self.topk_scores, length_penalty, out=self.topk_log_probs)
/home/jefhe/anaconda3/envs/opennmt/lib/python3.8/site-packages/onmt/translate/beam_search.py:209: UserWarning: An output with one or more elements was resized since it had shape [1090], which does not match the required output shape [218, 5].This behavior is deprecated, and in a future PyTorch release outputs will not be resized unless they have zero elements. You can explicitly reuse an out tensor t by resizing it, inplace, to zero elements with t.resize_(0). (Triggered internally at  /opt/conda/conda-bld/pytorch_1603729096996/work/aten/src/ATen/native/Resize.cpp:19.)
  torch.mul(self.topk_scores, length_penalty, out=self.topk_log_probs)
/home/jefhe/anaconda3/envs/opennmt/lib/python3.8/site-packages/onmt/translate/beam_search.py:209: UserWarning: An output with one or more elements was resized since it had shape [1075], which does not match the required output shape [215, 5].This behavior is deprecated, and in a future PyTorch release outputs will not be resized unless they have zero elements. You can explicitly reuse an out tensor t by resizing it, inplace, to zero elements with t.resize_(0). (Triggered internally at  /opt/conda/conda-bld/pytorch_1603729096996/work/aten/src/ATen/native/Resize.cpp:19.)
  torch.mul(self.topk_scores, length_penalty, out=self.topk_log_probs)
/home/jefhe/anaconda3/envs/opennmt/lib/python3.8/site-packages/onmt/translate/beam_search.py:209: UserWarning: An output with one or more elements was resized since it had shape [800], which does not match the required output shape [160, 5].This behavior is deprecated, and in a future PyTorch release outputs will not be resized unless they have zero elements. You can explicitly reuse an out tensor t by resizing it, inplace, to zero elements with t.resize_(0). (Triggered internally at  /opt/conda/conda-bld/pytorch_1603729096996/work/aten/src/ATen/native/Resize.cpp:19.)
  torch.mul(self.topk_scores, length_penalty, out=self.topk_log_probs)
/home/jefhe/anaconda3/envs/opennmt/lib/python3.8/site-packages/onmt/translate/beam_search.py:209: UserWarning: An output with one or more elements was resized since it had shape [300], which does not match the required output shape [60, 5].This behavior is deprecated, and in a future PyTorch release outputs will not be resized unless they have zero elements. You can explicitly reuse an out tensor t by resizing it, inplace, to zero elements with t.resize_(0). (Triggered internally at  /opt/conda/conda-bld/pytorch_1603729096996/work/aten/src/ATen/native/Resize.cpp:19.)
  torch.mul(self.topk_scores, length_penalty, out=self.topk_log_probs)
[2020-12-29 16:46:54,032 INFO] PRED AVG SCORE: -0.4916, PRED PPL: 1.6349
[2020-12-29 16:46:54,033 INFO] GOLD AVG SCORE: -1.5654, GOLD PPL: 4.7845
# Translating with checkpoint data/wmt/run/model_step_95000.pt
[2020-12-29 16:46:58,648 INFO] Translating shard 0.
/home/jefhe/anaconda3/envs/opennmt/lib/python3.8/site-packages/onmt/translate/beam_search.py:209: UserWarning: An output with one or more elements was resized since it had shape [785], which does not match the required output shape [157, 5].This behavior is deprecated, and in a future PyTorch release outputs will not be resized unless they have zero elements. You can explicitly reuse an out tensor t by resizing it, inplace, to zero elements with t.resize_(0). (Triggered internally at  /opt/conda/conda-bld/pytorch_1603729096996/work/aten/src/ATen/native/Resize.cpp:19.)
  torch.mul(self.topk_scores, length_penalty, out=self.topk_log_probs)
/home/jefhe/anaconda3/envs/opennmt/lib/python3.8/site-packages/onmt/translate/beam_search.py:209: UserWarning: An output with one or more elements was resized since it had shape [1305], which does not match the required output shape [261, 5].This behavior is deprecated, and in a future PyTorch release outputs will not be resized unless they have zero elements. You can explicitly reuse an out tensor t by resizing it, inplace, to zero elements with t.resize_(0). (Triggered internally at  /opt/conda/conda-bld/pytorch_1603729096996/work/aten/src/ATen/native/Resize.cpp:19.)
  torch.mul(self.topk_scores, length_penalty, out=self.topk_log_probs)
/home/jefhe/anaconda3/envs/opennmt/lib/python3.8/site-packages/onmt/translate/beam_search.py:209: UserWarning: An output with one or more elements was resized since it had shape [900], which does not match the required output shape [180, 5].This behavior is deprecated, and in a future PyTorch release outputs will not be resized unless they have zero elements. You can explicitly reuse an out tensor t by resizing it, inplace, to zero elements with t.resize_(0). (Triggered internally at  /opt/conda/conda-bld/pytorch_1603729096996/work/aten/src/ATen/native/Resize.cpp:19.)
  torch.mul(self.topk_scores, length_penalty, out=self.topk_log_probs)
/home/jefhe/anaconda3/envs/opennmt/lib/python3.8/site-packages/onmt/translate/beam_search.py:209: UserWarning: An output with one or more elements was resized since it had shape [1170], which does not match the required output shape [234, 5].This behavior is deprecated, and in a future PyTorch release outputs will not be resized unless they have zero elements. You can explicitly reuse an out tensor t by resizing it, inplace, to zero elements with t.resize_(0). (Triggered internally at  /opt/conda/conda-bld/pytorch_1603729096996/work/aten/src/ATen/native/Resize.cpp:19.)
  torch.mul(self.topk_scores, length_penalty, out=self.topk_log_probs)
/home/jefhe/anaconda3/envs/opennmt/lib/python3.8/site-packages/onmt/translate/beam_search.py:209: UserWarning: An output with one or more elements was resized since it had shape [1150], which does not match the required output shape [230, 5].This behavior is deprecated, and in a future PyTorch release outputs will not be resized unless they have zero elements. You can explicitly reuse an out tensor t by resizing it, inplace, to zero elements with t.resize_(0). (Triggered internally at  /opt/conda/conda-bld/pytorch_1603729096996/work/aten/src/ATen/native/Resize.cpp:19.)
  torch.mul(self.topk_scores, length_penalty, out=self.topk_log_probs)
/home/jefhe/anaconda3/envs/opennmt/lib/python3.8/site-packages/onmt/translate/beam_search.py:209: UserWarning: An output with one or more elements was resized since it had shape [1035], which does not match the required output shape [207, 5].This behavior is deprecated, and in a future PyTorch release outputs will not be resized unless they have zero elements. You can explicitly reuse an out tensor t by resizing it, inplace, to zero elements with t.resize_(0). (Triggered internally at  /opt/conda/conda-bld/pytorch_1603729096996/work/aten/src/ATen/native/Resize.cpp:19.)
  torch.mul(self.topk_scores, length_penalty, out=self.topk_log_probs)
/home/jefhe/anaconda3/envs/opennmt/lib/python3.8/site-packages/onmt/translate/beam_search.py:209: UserWarning: An output with one or more elements was resized since it had shape [1185], which does not match the required output shape [237, 5].This behavior is deprecated, and in a future PyTorch release outputs will not be resized unless they have zero elements. You can explicitly reuse an out tensor t by resizing it, inplace, to zero elements with t.resize_(0). (Triggered internally at  /opt/conda/conda-bld/pytorch_1603729096996/work/aten/src/ATen/native/Resize.cpp:19.)
  torch.mul(self.topk_scores, length_penalty, out=self.topk_log_probs)
/home/jefhe/anaconda3/envs/opennmt/lib/python3.8/site-packages/onmt/translate/beam_search.py:209: UserWarning: An output with one or more elements was resized since it had shape [1130], which does not match the required output shape [226, 5].This behavior is deprecated, and in a future PyTorch release outputs will not be resized unless they have zero elements. You can explicitly reuse an out tensor t by resizing it, inplace, to zero elements with t.resize_(0). (Triggered internally at  /opt/conda/conda-bld/pytorch_1603729096996/work/aten/src/ATen/native/Resize.cpp:19.)
  torch.mul(self.topk_scores, length_penalty, out=self.topk_log_probs)
/home/jefhe/anaconda3/envs/opennmt/lib/python3.8/site-packages/onmt/translate/beam_search.py:209: UserWarning: An output with one or more elements was resized since it had shape [870], which does not match the required output shape [174, 5].This behavior is deprecated, and in a future PyTorch release outputs will not be resized unless they have zero elements. You can explicitly reuse an out tensor t by resizing it, inplace, to zero elements with t.resize_(0). (Triggered internally at  /opt/conda/conda-bld/pytorch_1603729096996/work/aten/src/ATen/native/Resize.cpp:19.)
  torch.mul(self.topk_scores, length_penalty, out=self.topk_log_probs)
/home/jefhe/anaconda3/envs/opennmt/lib/python3.8/site-packages/onmt/translate/beam_search.py:209: UserWarning: An output with one or more elements was resized since it had shape [1090], which does not match the required output shape [218, 5].This behavior is deprecated, and in a future PyTorch release outputs will not be resized unless they have zero elements. You can explicitly reuse an out tensor t by resizing it, inplace, to zero elements with t.resize_(0). (Triggered internally at  /opt/conda/conda-bld/pytorch_1603729096996/work/aten/src/ATen/native/Resize.cpp:19.)
  torch.mul(self.topk_scores, length_penalty, out=self.topk_log_probs)
/home/jefhe/anaconda3/envs/opennmt/lib/python3.8/site-packages/onmt/translate/beam_search.py:209: UserWarning: An output with one or more elements was resized since it had shape [1075], which does not match the required output shape [215, 5].This behavior is deprecated, and in a future PyTorch release outputs will not be resized unless they have zero elements. You can explicitly reuse an out tensor t by resizing it, inplace, to zero elements with t.resize_(0). (Triggered internally at  /opt/conda/conda-bld/pytorch_1603729096996/work/aten/src/ATen/native/Resize.cpp:19.)
  torch.mul(self.topk_scores, length_penalty, out=self.topk_log_probs)
/home/jefhe/anaconda3/envs/opennmt/lib/python3.8/site-packages/onmt/translate/beam_search.py:209: UserWarning: An output with one or more elements was resized since it had shape [800], which does not match the required output shape [160, 5].This behavior is deprecated, and in a future PyTorch release outputs will not be resized unless they have zero elements. You can explicitly reuse an out tensor t by resizing it, inplace, to zero elements with t.resize_(0). (Triggered internally at  /opt/conda/conda-bld/pytorch_1603729096996/work/aten/src/ATen/native/Resize.cpp:19.)
  torch.mul(self.topk_scores, length_penalty, out=self.topk_log_probs)
/home/jefhe/anaconda3/envs/opennmt/lib/python3.8/site-packages/onmt/translate/beam_search.py:209: UserWarning: An output with one or more elements was resized since it had shape [300], which does not match the required output shape [60, 5].This behavior is deprecated, and in a future PyTorch release outputs will not be resized unless they have zero elements. You can explicitly reuse an out tensor t by resizing it, inplace, to zero elements with t.resize_(0). (Triggered internally at  /opt/conda/conda-bld/pytorch_1603729096996/work/aten/src/ATen/native/Resize.cpp:19.)
  torch.mul(self.topk_scores, length_penalty, out=self.topk_log_probs)
[2020-12-29 16:47:44,657 INFO] PRED AVG SCORE: -0.4802, PRED PPL: 1.6164
[2020-12-29 16:47:44,657 INFO] GOLD AVG SCORE: -1.5581, GOLD PPL: 4.7500
