# Translating with checkpoint data/wmt/run/model_step_100000.pt
[2020-12-18 10:48:09,243 INFO] Translating shard 0.
/home/jefhe/anaconda3/envs/opennmt/lib/python3.8/site-packages/onmt/translate/beam_search.py:209: UserWarning: An output with one or more elements was resized since it had shape [785], which does not match the required output shape [157, 5].This behavior is deprecated, and in a future PyTorch release outputs will not be resized unless they have zero elements. You can explicitly reuse an out tensor t by resizing it, inplace, to zero elements with t.resize_(0). (Triggered internally at  /opt/conda/conda-bld/pytorch_1603729096996/work/aten/src/ATen/native/Resize.cpp:19.)
  torch.mul(self.topk_scores, length_penalty, out=self.topk_log_probs)
/home/jefhe/anaconda3/envs/opennmt/lib/python3.8/site-packages/onmt/translate/beam_search.py:209: UserWarning: An output with one or more elements was resized since it had shape [1305], which does not match the required output shape [261, 5].This behavior is deprecated, and in a future PyTorch release outputs will not be resized unless they have zero elements. You can explicitly reuse an out tensor t by resizing it, inplace, to zero elements with t.resize_(0). (Triggered internally at  /opt/conda/conda-bld/pytorch_1603729096996/work/aten/src/ATen/native/Resize.cpp:19.)
  torch.mul(self.topk_scores, length_penalty, out=self.topk_log_probs)
/home/jefhe/anaconda3/envs/opennmt/lib/python3.8/site-packages/onmt/translate/beam_search.py:209: UserWarning: An output with one or more elements was resized since it had shape [890], which does not match the required output shape [178, 5].This behavior is deprecated, and in a future PyTorch release outputs will not be resized unless they have zero elements. You can explicitly reuse an out tensor t by resizing it, inplace, to zero elements with t.resize_(0). (Triggered internally at  /opt/conda/conda-bld/pytorch_1603729096996/work/aten/src/ATen/native/Resize.cpp:19.)
  torch.mul(self.topk_scores, length_penalty, out=self.topk_log_probs)
/home/jefhe/anaconda3/envs/opennmt/lib/python3.8/site-packages/onmt/translate/beam_search.py:209: UserWarning: An output with one or more elements was resized since it had shape [1120], which does not match the required output shape [224, 5].This behavior is deprecated, and in a future PyTorch release outputs will not be resized unless they have zero elements. You can explicitly reuse an out tensor t by resizing it, inplace, to zero elements with t.resize_(0). (Triggered internally at  /opt/conda/conda-bld/pytorch_1603729096996/work/aten/src/ATen/native/Resize.cpp:19.)
  torch.mul(self.topk_scores, length_penalty, out=self.topk_log_probs)
/home/jefhe/anaconda3/envs/opennmt/lib/python3.8/site-packages/onmt/translate/beam_search.py:209: UserWarning: An output with one or more elements was resized since it had shape [1150], which does not match the required output shape [230, 5].This behavior is deprecated, and in a future PyTorch release outputs will not be resized unless they have zero elements. You can explicitly reuse an out tensor t by resizing it, inplace, to zero elements with t.resize_(0). (Triggered internally at  /opt/conda/conda-bld/pytorch_1603729096996/work/aten/src/ATen/native/Resize.cpp:19.)
  torch.mul(self.topk_scores, length_penalty, out=self.topk_log_probs)
/home/jefhe/anaconda3/envs/opennmt/lib/python3.8/site-packages/onmt/translate/beam_search.py:209: UserWarning: An output with one or more elements was resized since it had shape [1010], which does not match the required output shape [202, 5].This behavior is deprecated, and in a future PyTorch release outputs will not be resized unless they have zero elements. You can explicitly reuse an out tensor t by resizing it, inplace, to zero elements with t.resize_(0). (Triggered internally at  /opt/conda/conda-bld/pytorch_1603729096996/work/aten/src/ATen/native/Resize.cpp:19.)
  torch.mul(self.topk_scores, length_penalty, out=self.topk_log_probs)
/home/jefhe/anaconda3/envs/opennmt/lib/python3.8/site-packages/onmt/translate/beam_search.py:209: UserWarning: An output with one or more elements was resized since it had shape [1075], which does not match the required output shape [215, 5].This behavior is deprecated, and in a future PyTorch release outputs will not be resized unless they have zero elements. You can explicitly reuse an out tensor t by resizing it, inplace, to zero elements with t.resize_(0). (Triggered internally at  /opt/conda/conda-bld/pytorch_1603729096996/work/aten/src/ATen/native/Resize.cpp:19.)
  torch.mul(self.topk_scores, length_penalty, out=self.topk_log_probs)
/home/jefhe/anaconda3/envs/opennmt/lib/python3.8/site-packages/onmt/translate/beam_search.py:209: UserWarning: An output with one or more elements was resized since it had shape [1220], which does not match the required output shape [244, 5].This behavior is deprecated, and in a future PyTorch release outputs will not be resized unless they have zero elements. You can explicitly reuse an out tensor t by resizing it, inplace, to zero elements with t.resize_(0). (Triggered internally at  /opt/conda/conda-bld/pytorch_1603729096996/work/aten/src/ATen/native/Resize.cpp:19.)
  torch.mul(self.topk_scores, length_penalty, out=self.topk_log_probs)
/home/jefhe/anaconda3/envs/opennmt/lib/python3.8/site-packages/onmt/translate/beam_search.py:209: UserWarning: An output with one or more elements was resized since it had shape [870], which does not match the required output shape [174, 5].This behavior is deprecated, and in a future PyTorch release outputs will not be resized unless they have zero elements. You can explicitly reuse an out tensor t by resizing it, inplace, to zero elements with t.resize_(0). (Triggered internally at  /opt/conda/conda-bld/pytorch_1603729096996/work/aten/src/ATen/native/Resize.cpp:19.)
  torch.mul(self.topk_scores, length_penalty, out=self.topk_log_probs)
/home/jefhe/anaconda3/envs/opennmt/lib/python3.8/site-packages/onmt/translate/beam_search.py:209: UserWarning: An output with one or more elements was resized since it had shape [1035], which does not match the required output shape [207, 5].This behavior is deprecated, and in a future PyTorch release outputs will not be resized unless they have zero elements. You can explicitly reuse an out tensor t by resizing it, inplace, to zero elements with t.resize_(0). (Triggered internally at  /opt/conda/conda-bld/pytorch_1603729096996/work/aten/src/ATen/native/Resize.cpp:19.)
  torch.mul(self.topk_scores, length_penalty, out=self.topk_log_probs)
/home/jefhe/anaconda3/envs/opennmt/lib/python3.8/site-packages/onmt/translate/beam_search.py:209: UserWarning: An output with one or more elements was resized since it had shape [795], which does not match the required output shape [159, 5].This behavior is deprecated, and in a future PyTorch release outputs will not be resized unless they have zero elements. You can explicitly reuse an out tensor t by resizing it, inplace, to zero elements with t.resize_(0). (Triggered internally at  /opt/conda/conda-bld/pytorch_1603729096996/work/aten/src/ATen/native/Resize.cpp:19.)
  torch.mul(self.topk_scores, length_penalty, out=self.topk_log_probs)
/home/jefhe/anaconda3/envs/opennmt/lib/python3.8/site-packages/onmt/translate/beam_search.py:209: UserWarning: An output with one or more elements was resized since it had shape [1105], which does not match the required output shape [221, 5].This behavior is deprecated, and in a future PyTorch release outputs will not be resized unless they have zero elements. You can explicitly reuse an out tensor t by resizing it, inplace, to zero elements with t.resize_(0). (Triggered internally at  /opt/conda/conda-bld/pytorch_1603729096996/work/aten/src/ATen/native/Resize.cpp:19.)
  torch.mul(self.topk_scores, length_penalty, out=self.topk_log_probs)
/home/jefhe/anaconda3/envs/opennmt/lib/python3.8/site-packages/onmt/translate/beam_search.py:209: UserWarning: An output with one or more elements was resized since it had shape [510], which does not match the required output shape [102, 5].This behavior is deprecated, and in a future PyTorch release outputs will not be resized unless they have zero elements. You can explicitly reuse an out tensor t by resizing it, inplace, to zero elements with t.resize_(0). (Triggered internally at  /opt/conda/conda-bld/pytorch_1603729096996/work/aten/src/ATen/native/Resize.cpp:19.)
  torch.mul(self.topk_scores, length_penalty, out=self.topk_log_probs)
[2020-12-18 10:48:55,543 INFO] PRED AVG SCORE: -0.4633, PRED PPL: 1.5893
[2020-12-18 10:48:55,544 INFO] GOLD AVG SCORE: -1.5546, GOLD PPL: 4.7332
# Translating with checkpoint data/wmt/run/model_step_55000.pt
[2020-12-18 10:49:11,656 INFO] Translating shard 0.
/home/jefhe/anaconda3/envs/opennmt/lib/python3.8/site-packages/onmt/translate/beam_search.py:209: UserWarning: An output with one or more elements was resized since it had shape [785], which does not match the required output shape [157, 5].This behavior is deprecated, and in a future PyTorch release outputs will not be resized unless they have zero elements. You can explicitly reuse an out tensor t by resizing it, inplace, to zero elements with t.resize_(0). (Triggered internally at  /opt/conda/conda-bld/pytorch_1603729096996/work/aten/src/ATen/native/Resize.cpp:19.)
  torch.mul(self.topk_scores, length_penalty, out=self.topk_log_probs)
/home/jefhe/anaconda3/envs/opennmt/lib/python3.8/site-packages/onmt/translate/beam_search.py:209: UserWarning: An output with one or more elements was resized since it had shape [1305], which does not match the required output shape [261, 5].This behavior is deprecated, and in a future PyTorch release outputs will not be resized unless they have zero elements. You can explicitly reuse an out tensor t by resizing it, inplace, to zero elements with t.resize_(0). (Triggered internally at  /opt/conda/conda-bld/pytorch_1603729096996/work/aten/src/ATen/native/Resize.cpp:19.)
  torch.mul(self.topk_scores, length_penalty, out=self.topk_log_probs)
/home/jefhe/anaconda3/envs/opennmt/lib/python3.8/site-packages/onmt/translate/beam_search.py:209: UserWarning: An output with one or more elements was resized since it had shape [890], which does not match the required output shape [178, 5].This behavior is deprecated, and in a future PyTorch release outputs will not be resized unless they have zero elements. You can explicitly reuse an out tensor t by resizing it, inplace, to zero elements with t.resize_(0). (Triggered internally at  /opt/conda/conda-bld/pytorch_1603729096996/work/aten/src/ATen/native/Resize.cpp:19.)
  torch.mul(self.topk_scores, length_penalty, out=self.topk_log_probs)
/home/jefhe/anaconda3/envs/opennmt/lib/python3.8/site-packages/onmt/translate/beam_search.py:209: UserWarning: An output with one or more elements was resized since it had shape [1120], which does not match the required output shape [224, 5].This behavior is deprecated, and in a future PyTorch release outputs will not be resized unless they have zero elements. You can explicitly reuse an out tensor t by resizing it, inplace, to zero elements with t.resize_(0). (Triggered internally at  /opt/conda/conda-bld/pytorch_1603729096996/work/aten/src/ATen/native/Resize.cpp:19.)
  torch.mul(self.topk_scores, length_penalty, out=self.topk_log_probs)
/home/jefhe/anaconda3/envs/opennmt/lib/python3.8/site-packages/onmt/translate/beam_search.py:209: UserWarning: An output with one or more elements was resized since it had shape [1150], which does not match the required output shape [230, 5].This behavior is deprecated, and in a future PyTorch release outputs will not be resized unless they have zero elements. You can explicitly reuse an out tensor t by resizing it, inplace, to zero elements with t.resize_(0). (Triggered internally at  /opt/conda/conda-bld/pytorch_1603729096996/work/aten/src/ATen/native/Resize.cpp:19.)
  torch.mul(self.topk_scores, length_penalty, out=self.topk_log_probs)
/home/jefhe/anaconda3/envs/opennmt/lib/python3.8/site-packages/onmt/translate/beam_search.py:209: UserWarning: An output with one or more elements was resized since it had shape [1010], which does not match the required output shape [202, 5].This behavior is deprecated, and in a future PyTorch release outputs will not be resized unless they have zero elements. You can explicitly reuse an out tensor t by resizing it, inplace, to zero elements with t.resize_(0). (Triggered internally at  /opt/conda/conda-bld/pytorch_1603729096996/work/aten/src/ATen/native/Resize.cpp:19.)
  torch.mul(self.topk_scores, length_penalty, out=self.topk_log_probs)
/home/jefhe/anaconda3/envs/opennmt/lib/python3.8/site-packages/onmt/translate/beam_search.py:209: UserWarning: An output with one or more elements was resized since it had shape [1075], which does not match the required output shape [215, 5].This behavior is deprecated, and in a future PyTorch release outputs will not be resized unless they have zero elements. You can explicitly reuse an out tensor t by resizing it, inplace, to zero elements with t.resize_(0). (Triggered internally at  /opt/conda/conda-bld/pytorch_1603729096996/work/aten/src/ATen/native/Resize.cpp:19.)
  torch.mul(self.topk_scores, length_penalty, out=self.topk_log_probs)
/home/jefhe/anaconda3/envs/opennmt/lib/python3.8/site-packages/onmt/translate/beam_search.py:209: UserWarning: An output with one or more elements was resized since it had shape [1220], which does not match the required output shape [244, 5].This behavior is deprecated, and in a future PyTorch release outputs will not be resized unless they have zero elements. You can explicitly reuse an out tensor t by resizing it, inplace, to zero elements with t.resize_(0). (Triggered internally at  /opt/conda/conda-bld/pytorch_1603729096996/work/aten/src/ATen/native/Resize.cpp:19.)
  torch.mul(self.topk_scores, length_penalty, out=self.topk_log_probs)
/home/jefhe/anaconda3/envs/opennmt/lib/python3.8/site-packages/onmt/translate/beam_search.py:209: UserWarning: An output with one or more elements was resized since it had shape [870], which does not match the required output shape [174, 5].This behavior is deprecated, and in a future PyTorch release outputs will not be resized unless they have zero elements. You can explicitly reuse an out tensor t by resizing it, inplace, to zero elements with t.resize_(0). (Triggered internally at  /opt/conda/conda-bld/pytorch_1603729096996/work/aten/src/ATen/native/Resize.cpp:19.)
  torch.mul(self.topk_scores, length_penalty, out=self.topk_log_probs)
/home/jefhe/anaconda3/envs/opennmt/lib/python3.8/site-packages/onmt/translate/beam_search.py:209: UserWarning: An output with one or more elements was resized since it had shape [1035], which does not match the required output shape [207, 5].This behavior is deprecated, and in a future PyTorch release outputs will not be resized unless they have zero elements. You can explicitly reuse an out tensor t by resizing it, inplace, to zero elements with t.resize_(0). (Triggered internally at  /opt/conda/conda-bld/pytorch_1603729096996/work/aten/src/ATen/native/Resize.cpp:19.)
  torch.mul(self.topk_scores, length_penalty, out=self.topk_log_probs)
/home/jefhe/anaconda3/envs/opennmt/lib/python3.8/site-packages/onmt/translate/beam_search.py:209: UserWarning: An output with one or more elements was resized since it had shape [795], which does not match the required output shape [159, 5].This behavior is deprecated, and in a future PyTorch release outputs will not be resized unless they have zero elements. You can explicitly reuse an out tensor t by resizing it, inplace, to zero elements with t.resize_(0). (Triggered internally at  /opt/conda/conda-bld/pytorch_1603729096996/work/aten/src/ATen/native/Resize.cpp:19.)
  torch.mul(self.topk_scores, length_penalty, out=self.topk_log_probs)
/home/jefhe/anaconda3/envs/opennmt/lib/python3.8/site-packages/onmt/translate/beam_search.py:209: UserWarning: An output with one or more elements was resized since it had shape [1105], which does not match the required output shape [221, 5].This behavior is deprecated, and in a future PyTorch release outputs will not be resized unless they have zero elements. You can explicitly reuse an out tensor t by resizing it, inplace, to zero elements with t.resize_(0). (Triggered internally at  /opt/conda/conda-bld/pytorch_1603729096996/work/aten/src/ATen/native/Resize.cpp:19.)
  torch.mul(self.topk_scores, length_penalty, out=self.topk_log_probs)
/home/jefhe/anaconda3/envs/opennmt/lib/python3.8/site-packages/onmt/translate/beam_search.py:209: UserWarning: An output with one or more elements was resized since it had shape [510], which does not match the required output shape [102, 5].This behavior is deprecated, and in a future PyTorch release outputs will not be resized unless they have zero elements. You can explicitly reuse an out tensor t by resizing it, inplace, to zero elements with t.resize_(0). (Triggered internally at  /opt/conda/conda-bld/pytorch_1603729096996/work/aten/src/ATen/native/Resize.cpp:19.)
  torch.mul(self.topk_scores, length_penalty, out=self.topk_log_probs)
[2020-12-18 10:49:58,031 INFO] PRED AVG SCORE: -0.4890, PRED PPL: 1.6306
[2020-12-18 10:49:58,031 INFO] GOLD AVG SCORE: -1.6088, GOLD PPL: 4.9966
# Translating with checkpoint data/wmt/run/model_step_60000.pt
[2020-12-18 10:50:13,699 INFO] Translating shard 0.
/home/jefhe/anaconda3/envs/opennmt/lib/python3.8/site-packages/onmt/translate/beam_search.py:209: UserWarning: An output with one or more elements was resized since it had shape [785], which does not match the required output shape [157, 5].This behavior is deprecated, and in a future PyTorch release outputs will not be resized unless they have zero elements. You can explicitly reuse an out tensor t by resizing it, inplace, to zero elements with t.resize_(0). (Triggered internally at  /opt/conda/conda-bld/pytorch_1603729096996/work/aten/src/ATen/native/Resize.cpp:19.)
  torch.mul(self.topk_scores, length_penalty, out=self.topk_log_probs)
/home/jefhe/anaconda3/envs/opennmt/lib/python3.8/site-packages/onmt/translate/beam_search.py:209: UserWarning: An output with one or more elements was resized since it had shape [1305], which does not match the required output shape [261, 5].This behavior is deprecated, and in a future PyTorch release outputs will not be resized unless they have zero elements. You can explicitly reuse an out tensor t by resizing it, inplace, to zero elements with t.resize_(0). (Triggered internally at  /opt/conda/conda-bld/pytorch_1603729096996/work/aten/src/ATen/native/Resize.cpp:19.)
  torch.mul(self.topk_scores, length_penalty, out=self.topk_log_probs)
/home/jefhe/anaconda3/envs/opennmt/lib/python3.8/site-packages/onmt/translate/beam_search.py:209: UserWarning: An output with one or more elements was resized since it had shape [890], which does not match the required output shape [178, 5].This behavior is deprecated, and in a future PyTorch release outputs will not be resized unless they have zero elements. You can explicitly reuse an out tensor t by resizing it, inplace, to zero elements with t.resize_(0). (Triggered internally at  /opt/conda/conda-bld/pytorch_1603729096996/work/aten/src/ATen/native/Resize.cpp:19.)
  torch.mul(self.topk_scores, length_penalty, out=self.topk_log_probs)
/home/jefhe/anaconda3/envs/opennmt/lib/python3.8/site-packages/onmt/translate/beam_search.py:209: UserWarning: An output with one or more elements was resized since it had shape [1120], which does not match the required output shape [224, 5].This behavior is deprecated, and in a future PyTorch release outputs will not be resized unless they have zero elements. You can explicitly reuse an out tensor t by resizing it, inplace, to zero elements with t.resize_(0). (Triggered internally at  /opt/conda/conda-bld/pytorch_1603729096996/work/aten/src/ATen/native/Resize.cpp:19.)
  torch.mul(self.topk_scores, length_penalty, out=self.topk_log_probs)
/home/jefhe/anaconda3/envs/opennmt/lib/python3.8/site-packages/onmt/translate/beam_search.py:209: UserWarning: An output with one or more elements was resized since it had shape [1150], which does not match the required output shape [230, 5].This behavior is deprecated, and in a future PyTorch release outputs will not be resized unless they have zero elements. You can explicitly reuse an out tensor t by resizing it, inplace, to zero elements with t.resize_(0). (Triggered internally at  /opt/conda/conda-bld/pytorch_1603729096996/work/aten/src/ATen/native/Resize.cpp:19.)
  torch.mul(self.topk_scores, length_penalty, out=self.topk_log_probs)
/home/jefhe/anaconda3/envs/opennmt/lib/python3.8/site-packages/onmt/translate/beam_search.py:209: UserWarning: An output with one or more elements was resized since it had shape [1010], which does not match the required output shape [202, 5].This behavior is deprecated, and in a future PyTorch release outputs will not be resized unless they have zero elements. You can explicitly reuse an out tensor t by resizing it, inplace, to zero elements with t.resize_(0). (Triggered internally at  /opt/conda/conda-bld/pytorch_1603729096996/work/aten/src/ATen/native/Resize.cpp:19.)
  torch.mul(self.topk_scores, length_penalty, out=self.topk_log_probs)
/home/jefhe/anaconda3/envs/opennmt/lib/python3.8/site-packages/onmt/translate/beam_search.py:209: UserWarning: An output with one or more elements was resized since it had shape [1075], which does not match the required output shape [215, 5].This behavior is deprecated, and in a future PyTorch release outputs will not be resized unless they have zero elements. You can explicitly reuse an out tensor t by resizing it, inplace, to zero elements with t.resize_(0). (Triggered internally at  /opt/conda/conda-bld/pytorch_1603729096996/work/aten/src/ATen/native/Resize.cpp:19.)
  torch.mul(self.topk_scores, length_penalty, out=self.topk_log_probs)
/home/jefhe/anaconda3/envs/opennmt/lib/python3.8/site-packages/onmt/translate/beam_search.py:209: UserWarning: An output with one or more elements was resized since it had shape [1220], which does not match the required output shape [244, 5].This behavior is deprecated, and in a future PyTorch release outputs will not be resized unless they have zero elements. You can explicitly reuse an out tensor t by resizing it, inplace, to zero elements with t.resize_(0). (Triggered internally at  /opt/conda/conda-bld/pytorch_1603729096996/work/aten/src/ATen/native/Resize.cpp:19.)
  torch.mul(self.topk_scores, length_penalty, out=self.topk_log_probs)
/home/jefhe/anaconda3/envs/opennmt/lib/python3.8/site-packages/onmt/translate/beam_search.py:209: UserWarning: An output with one or more elements was resized since it had shape [870], which does not match the required output shape [174, 5].This behavior is deprecated, and in a future PyTorch release outputs will not be resized unless they have zero elements. You can explicitly reuse an out tensor t by resizing it, inplace, to zero elements with t.resize_(0). (Triggered internally at  /opt/conda/conda-bld/pytorch_1603729096996/work/aten/src/ATen/native/Resize.cpp:19.)
  torch.mul(self.topk_scores, length_penalty, out=self.topk_log_probs)
/home/jefhe/anaconda3/envs/opennmt/lib/python3.8/site-packages/onmt/translate/beam_search.py:209: UserWarning: An output with one or more elements was resized since it had shape [1035], which does not match the required output shape [207, 5].This behavior is deprecated, and in a future PyTorch release outputs will not be resized unless they have zero elements. You can explicitly reuse an out tensor t by resizing it, inplace, to zero elements with t.resize_(0). (Triggered internally at  /opt/conda/conda-bld/pytorch_1603729096996/work/aten/src/ATen/native/Resize.cpp:19.)
  torch.mul(self.topk_scores, length_penalty, out=self.topk_log_probs)
/home/jefhe/anaconda3/envs/opennmt/lib/python3.8/site-packages/onmt/translate/beam_search.py:209: UserWarning: An output with one or more elements was resized since it had shape [795], which does not match the required output shape [159, 5].This behavior is deprecated, and in a future PyTorch release outputs will not be resized unless they have zero elements. You can explicitly reuse an out tensor t by resizing it, inplace, to zero elements with t.resize_(0). (Triggered internally at  /opt/conda/conda-bld/pytorch_1603729096996/work/aten/src/ATen/native/Resize.cpp:19.)
  torch.mul(self.topk_scores, length_penalty, out=self.topk_log_probs)
/home/jefhe/anaconda3/envs/opennmt/lib/python3.8/site-packages/onmt/translate/beam_search.py:209: UserWarning: An output with one or more elements was resized since it had shape [1105], which does not match the required output shape [221, 5].This behavior is deprecated, and in a future PyTorch release outputs will not be resized unless they have zero elements. You can explicitly reuse an out tensor t by resizing it, inplace, to zero elements with t.resize_(0). (Triggered internally at  /opt/conda/conda-bld/pytorch_1603729096996/work/aten/src/ATen/native/Resize.cpp:19.)
  torch.mul(self.topk_scores, length_penalty, out=self.topk_log_probs)
/home/jefhe/anaconda3/envs/opennmt/lib/python3.8/site-packages/onmt/translate/beam_search.py:209: UserWarning: An output with one or more elements was resized since it had shape [510], which does not match the required output shape [102, 5].This behavior is deprecated, and in a future PyTorch release outputs will not be resized unless they have zero elements. You can explicitly reuse an out tensor t by resizing it, inplace, to zero elements with t.resize_(0). (Triggered internally at  /opt/conda/conda-bld/pytorch_1603729096996/work/aten/src/ATen/native/Resize.cpp:19.)
  torch.mul(self.topk_scores, length_penalty, out=self.topk_log_probs)
[2020-12-18 10:51:00,388 INFO] PRED AVG SCORE: -0.4806, PRED PPL: 1.6171
[2020-12-18 10:51:00,388 INFO] GOLD AVG SCORE: -1.6031, GOLD PPL: 4.9684
# Translating with checkpoint data/wmt/run/model_step_65000.pt
[2020-12-18 10:51:14,672 INFO] Translating shard 0.
/home/jefhe/anaconda3/envs/opennmt/lib/python3.8/site-packages/onmt/translate/beam_search.py:209: UserWarning: An output with one or more elements was resized since it had shape [785], which does not match the required output shape [157, 5].This behavior is deprecated, and in a future PyTorch release outputs will not be resized unless they have zero elements. You can explicitly reuse an out tensor t by resizing it, inplace, to zero elements with t.resize_(0). (Triggered internally at  /opt/conda/conda-bld/pytorch_1603729096996/work/aten/src/ATen/native/Resize.cpp:19.)
  torch.mul(self.topk_scores, length_penalty, out=self.topk_log_probs)
/home/jefhe/anaconda3/envs/opennmt/lib/python3.8/site-packages/onmt/translate/beam_search.py:209: UserWarning: An output with one or more elements was resized since it had shape [1305], which does not match the required output shape [261, 5].This behavior is deprecated, and in a future PyTorch release outputs will not be resized unless they have zero elements. You can explicitly reuse an out tensor t by resizing it, inplace, to zero elements with t.resize_(0). (Triggered internally at  /opt/conda/conda-bld/pytorch_1603729096996/work/aten/src/ATen/native/Resize.cpp:19.)
  torch.mul(self.topk_scores, length_penalty, out=self.topk_log_probs)
/home/jefhe/anaconda3/envs/opennmt/lib/python3.8/site-packages/onmt/translate/beam_search.py:209: UserWarning: An output with one or more elements was resized since it had shape [890], which does not match the required output shape [178, 5].This behavior is deprecated, and in a future PyTorch release outputs will not be resized unless they have zero elements. You can explicitly reuse an out tensor t by resizing it, inplace, to zero elements with t.resize_(0). (Triggered internally at  /opt/conda/conda-bld/pytorch_1603729096996/work/aten/src/ATen/native/Resize.cpp:19.)
  torch.mul(self.topk_scores, length_penalty, out=self.topk_log_probs)
/home/jefhe/anaconda3/envs/opennmt/lib/python3.8/site-packages/onmt/translate/beam_search.py:209: UserWarning: An output with one or more elements was resized since it had shape [1120], which does not match the required output shape [224, 5].This behavior is deprecated, and in a future PyTorch release outputs will not be resized unless they have zero elements. You can explicitly reuse an out tensor t by resizing it, inplace, to zero elements with t.resize_(0). (Triggered internally at  /opt/conda/conda-bld/pytorch_1603729096996/work/aten/src/ATen/native/Resize.cpp:19.)
  torch.mul(self.topk_scores, length_penalty, out=self.topk_log_probs)
/home/jefhe/anaconda3/envs/opennmt/lib/python3.8/site-packages/onmt/translate/beam_search.py:209: UserWarning: An output with one or more elements was resized since it had shape [1150], which does not match the required output shape [230, 5].This behavior is deprecated, and in a future PyTorch release outputs will not be resized unless they have zero elements. You can explicitly reuse an out tensor t by resizing it, inplace, to zero elements with t.resize_(0). (Triggered internally at  /opt/conda/conda-bld/pytorch_1603729096996/work/aten/src/ATen/native/Resize.cpp:19.)
  torch.mul(self.topk_scores, length_penalty, out=self.topk_log_probs)
/home/jefhe/anaconda3/envs/opennmt/lib/python3.8/site-packages/onmt/translate/beam_search.py:209: UserWarning: An output with one or more elements was resized since it had shape [1010], which does not match the required output shape [202, 5].This behavior is deprecated, and in a future PyTorch release outputs will not be resized unless they have zero elements. You can explicitly reuse an out tensor t by resizing it, inplace, to zero elements with t.resize_(0). (Triggered internally at  /opt/conda/conda-bld/pytorch_1603729096996/work/aten/src/ATen/native/Resize.cpp:19.)
  torch.mul(self.topk_scores, length_penalty, out=self.topk_log_probs)
/home/jefhe/anaconda3/envs/opennmt/lib/python3.8/site-packages/onmt/translate/beam_search.py:209: UserWarning: An output with one or more elements was resized since it had shape [1075], which does not match the required output shape [215, 5].This behavior is deprecated, and in a future PyTorch release outputs will not be resized unless they have zero elements. You can explicitly reuse an out tensor t by resizing it, inplace, to zero elements with t.resize_(0). (Triggered internally at  /opt/conda/conda-bld/pytorch_1603729096996/work/aten/src/ATen/native/Resize.cpp:19.)
  torch.mul(self.topk_scores, length_penalty, out=self.topk_log_probs)
/home/jefhe/anaconda3/envs/opennmt/lib/python3.8/site-packages/onmt/translate/beam_search.py:209: UserWarning: An output with one or more elements was resized since it had shape [1220], which does not match the required output shape [244, 5].This behavior is deprecated, and in a future PyTorch release outputs will not be resized unless they have zero elements. You can explicitly reuse an out tensor t by resizing it, inplace, to zero elements with t.resize_(0). (Triggered internally at  /opt/conda/conda-bld/pytorch_1603729096996/work/aten/src/ATen/native/Resize.cpp:19.)
  torch.mul(self.topk_scores, length_penalty, out=self.topk_log_probs)
/home/jefhe/anaconda3/envs/opennmt/lib/python3.8/site-packages/onmt/translate/beam_search.py:209: UserWarning: An output with one or more elements was resized since it had shape [870], which does not match the required output shape [174, 5].This behavior is deprecated, and in a future PyTorch release outputs will not be resized unless they have zero elements. You can explicitly reuse an out tensor t by resizing it, inplace, to zero elements with t.resize_(0). (Triggered internally at  /opt/conda/conda-bld/pytorch_1603729096996/work/aten/src/ATen/native/Resize.cpp:19.)
  torch.mul(self.topk_scores, length_penalty, out=self.topk_log_probs)
/home/jefhe/anaconda3/envs/opennmt/lib/python3.8/site-packages/onmt/translate/beam_search.py:209: UserWarning: An output with one or more elements was resized since it had shape [1035], which does not match the required output shape [207, 5].This behavior is deprecated, and in a future PyTorch release outputs will not be resized unless they have zero elements. You can explicitly reuse an out tensor t by resizing it, inplace, to zero elements with t.resize_(0). (Triggered internally at  /opt/conda/conda-bld/pytorch_1603729096996/work/aten/src/ATen/native/Resize.cpp:19.)
  torch.mul(self.topk_scores, length_penalty, out=self.topk_log_probs)
/home/jefhe/anaconda3/envs/opennmt/lib/python3.8/site-packages/onmt/translate/beam_search.py:209: UserWarning: An output with one or more elements was resized since it had shape [795], which does not match the required output shape [159, 5].This behavior is deprecated, and in a future PyTorch release outputs will not be resized unless they have zero elements. You can explicitly reuse an out tensor t by resizing it, inplace, to zero elements with t.resize_(0). (Triggered internally at  /opt/conda/conda-bld/pytorch_1603729096996/work/aten/src/ATen/native/Resize.cpp:19.)
  torch.mul(self.topk_scores, length_penalty, out=self.topk_log_probs)
/home/jefhe/anaconda3/envs/opennmt/lib/python3.8/site-packages/onmt/translate/beam_search.py:209: UserWarning: An output with one or more elements was resized since it had shape [1105], which does not match the required output shape [221, 5].This behavior is deprecated, and in a future PyTorch release outputs will not be resized unless they have zero elements. You can explicitly reuse an out tensor t by resizing it, inplace, to zero elements with t.resize_(0). (Triggered internally at  /opt/conda/conda-bld/pytorch_1603729096996/work/aten/src/ATen/native/Resize.cpp:19.)
  torch.mul(self.topk_scores, length_penalty, out=self.topk_log_probs)
/home/jefhe/anaconda3/envs/opennmt/lib/python3.8/site-packages/onmt/translate/beam_search.py:209: UserWarning: An output with one or more elements was resized since it had shape [510], which does not match the required output shape [102, 5].This behavior is deprecated, and in a future PyTorch release outputs will not be resized unless they have zero elements. You can explicitly reuse an out tensor t by resizing it, inplace, to zero elements with t.resize_(0). (Triggered internally at  /opt/conda/conda-bld/pytorch_1603729096996/work/aten/src/ATen/native/Resize.cpp:19.)
  torch.mul(self.topk_scores, length_penalty, out=self.topk_log_probs)
[2020-12-18 10:52:01,444 INFO] PRED AVG SCORE: -0.4928, PRED PPL: 1.6369
[2020-12-18 10:52:01,444 INFO] GOLD AVG SCORE: -1.5880, GOLD PPL: 4.8940
# Translating with checkpoint data/wmt/run/model_step_70000.pt
[2020-12-18 10:52:15,946 INFO] Translating shard 0.
/home/jefhe/anaconda3/envs/opennmt/lib/python3.8/site-packages/onmt/translate/beam_search.py:209: UserWarning: An output with one or more elements was resized since it had shape [785], which does not match the required output shape [157, 5].This behavior is deprecated, and in a future PyTorch release outputs will not be resized unless they have zero elements. You can explicitly reuse an out tensor t by resizing it, inplace, to zero elements with t.resize_(0). (Triggered internally at  /opt/conda/conda-bld/pytorch_1603729096996/work/aten/src/ATen/native/Resize.cpp:19.)
  torch.mul(self.topk_scores, length_penalty, out=self.topk_log_probs)
/home/jefhe/anaconda3/envs/opennmt/lib/python3.8/site-packages/onmt/translate/beam_search.py:209: UserWarning: An output with one or more elements was resized since it had shape [1305], which does not match the required output shape [261, 5].This behavior is deprecated, and in a future PyTorch release outputs will not be resized unless they have zero elements. You can explicitly reuse an out tensor t by resizing it, inplace, to zero elements with t.resize_(0). (Triggered internally at  /opt/conda/conda-bld/pytorch_1603729096996/work/aten/src/ATen/native/Resize.cpp:19.)
  torch.mul(self.topk_scores, length_penalty, out=self.topk_log_probs)
/home/jefhe/anaconda3/envs/opennmt/lib/python3.8/site-packages/onmt/translate/beam_search.py:209: UserWarning: An output with one or more elements was resized since it had shape [890], which does not match the required output shape [178, 5].This behavior is deprecated, and in a future PyTorch release outputs will not be resized unless they have zero elements. You can explicitly reuse an out tensor t by resizing it, inplace, to zero elements with t.resize_(0). (Triggered internally at  /opt/conda/conda-bld/pytorch_1603729096996/work/aten/src/ATen/native/Resize.cpp:19.)
  torch.mul(self.topk_scores, length_penalty, out=self.topk_log_probs)
/home/jefhe/anaconda3/envs/opennmt/lib/python3.8/site-packages/onmt/translate/beam_search.py:209: UserWarning: An output with one or more elements was resized since it had shape [1120], which does not match the required output shape [224, 5].This behavior is deprecated, and in a future PyTorch release outputs will not be resized unless they have zero elements. You can explicitly reuse an out tensor t by resizing it, inplace, to zero elements with t.resize_(0). (Triggered internally at  /opt/conda/conda-bld/pytorch_1603729096996/work/aten/src/ATen/native/Resize.cpp:19.)
  torch.mul(self.topk_scores, length_penalty, out=self.topk_log_probs)
/home/jefhe/anaconda3/envs/opennmt/lib/python3.8/site-packages/onmt/translate/beam_search.py:209: UserWarning: An output with one or more elements was resized since it had shape [1150], which does not match the required output shape [230, 5].This behavior is deprecated, and in a future PyTorch release outputs will not be resized unless they have zero elements. You can explicitly reuse an out tensor t by resizing it, inplace, to zero elements with t.resize_(0). (Triggered internally at  /opt/conda/conda-bld/pytorch_1603729096996/work/aten/src/ATen/native/Resize.cpp:19.)
  torch.mul(self.topk_scores, length_penalty, out=self.topk_log_probs)
/home/jefhe/anaconda3/envs/opennmt/lib/python3.8/site-packages/onmt/translate/beam_search.py:209: UserWarning: An output with one or more elements was resized since it had shape [1010], which does not match the required output shape [202, 5].This behavior is deprecated, and in a future PyTorch release outputs will not be resized unless they have zero elements. You can explicitly reuse an out tensor t by resizing it, inplace, to zero elements with t.resize_(0). (Triggered internally at  /opt/conda/conda-bld/pytorch_1603729096996/work/aten/src/ATen/native/Resize.cpp:19.)
  torch.mul(self.topk_scores, length_penalty, out=self.topk_log_probs)
/home/jefhe/anaconda3/envs/opennmt/lib/python3.8/site-packages/onmt/translate/beam_search.py:209: UserWarning: An output with one or more elements was resized since it had shape [1075], which does not match the required output shape [215, 5].This behavior is deprecated, and in a future PyTorch release outputs will not be resized unless they have zero elements. You can explicitly reuse an out tensor t by resizing it, inplace, to zero elements with t.resize_(0). (Triggered internally at  /opt/conda/conda-bld/pytorch_1603729096996/work/aten/src/ATen/native/Resize.cpp:19.)
  torch.mul(self.topk_scores, length_penalty, out=self.topk_log_probs)
/home/jefhe/anaconda3/envs/opennmt/lib/python3.8/site-packages/onmt/translate/beam_search.py:209: UserWarning: An output with one or more elements was resized since it had shape [1220], which does not match the required output shape [244, 5].This behavior is deprecated, and in a future PyTorch release outputs will not be resized unless they have zero elements. You can explicitly reuse an out tensor t by resizing it, inplace, to zero elements with t.resize_(0). (Triggered internally at  /opt/conda/conda-bld/pytorch_1603729096996/work/aten/src/ATen/native/Resize.cpp:19.)
  torch.mul(self.topk_scores, length_penalty, out=self.topk_log_probs)
/home/jefhe/anaconda3/envs/opennmt/lib/python3.8/site-packages/onmt/translate/beam_search.py:209: UserWarning: An output with one or more elements was resized since it had shape [870], which does not match the required output shape [174, 5].This behavior is deprecated, and in a future PyTorch release outputs will not be resized unless they have zero elements. You can explicitly reuse an out tensor t by resizing it, inplace, to zero elements with t.resize_(0). (Triggered internally at  /opt/conda/conda-bld/pytorch_1603729096996/work/aten/src/ATen/native/Resize.cpp:19.)
  torch.mul(self.topk_scores, length_penalty, out=self.topk_log_probs)
/home/jefhe/anaconda3/envs/opennmt/lib/python3.8/site-packages/onmt/translate/beam_search.py:209: UserWarning: An output with one or more elements was resized since it had shape [1035], which does not match the required output shape [207, 5].This behavior is deprecated, and in a future PyTorch release outputs will not be resized unless they have zero elements. You can explicitly reuse an out tensor t by resizing it, inplace, to zero elements with t.resize_(0). (Triggered internally at  /opt/conda/conda-bld/pytorch_1603729096996/work/aten/src/ATen/native/Resize.cpp:19.)
  torch.mul(self.topk_scores, length_penalty, out=self.topk_log_probs)
/home/jefhe/anaconda3/envs/opennmt/lib/python3.8/site-packages/onmt/translate/beam_search.py:209: UserWarning: An output with one or more elements was resized since it had shape [795], which does not match the required output shape [159, 5].This behavior is deprecated, and in a future PyTorch release outputs will not be resized unless they have zero elements. You can explicitly reuse an out tensor t by resizing it, inplace, to zero elements with t.resize_(0). (Triggered internally at  /opt/conda/conda-bld/pytorch_1603729096996/work/aten/src/ATen/native/Resize.cpp:19.)
  torch.mul(self.topk_scores, length_penalty, out=self.topk_log_probs)
/home/jefhe/anaconda3/envs/opennmt/lib/python3.8/site-packages/onmt/translate/beam_search.py:209: UserWarning: An output with one or more elements was resized since it had shape [1105], which does not match the required output shape [221, 5].This behavior is deprecated, and in a future PyTorch release outputs will not be resized unless they have zero elements. You can explicitly reuse an out tensor t by resizing it, inplace, to zero elements with t.resize_(0). (Triggered internally at  /opt/conda/conda-bld/pytorch_1603729096996/work/aten/src/ATen/native/Resize.cpp:19.)
  torch.mul(self.topk_scores, length_penalty, out=self.topk_log_probs)
/home/jefhe/anaconda3/envs/opennmt/lib/python3.8/site-packages/onmt/translate/beam_search.py:209: UserWarning: An output with one or more elements was resized since it had shape [510], which does not match the required output shape [102, 5].This behavior is deprecated, and in a future PyTorch release outputs will not be resized unless they have zero elements. You can explicitly reuse an out tensor t by resizing it, inplace, to zero elements with t.resize_(0). (Triggered internally at  /opt/conda/conda-bld/pytorch_1603729096996/work/aten/src/ATen/native/Resize.cpp:19.)
  torch.mul(self.topk_scores, length_penalty, out=self.topk_log_probs)
[2020-12-18 10:53:03,031 INFO] PRED AVG SCORE: -0.4815, PRED PPL: 1.6184
[2020-12-18 10:53:03,031 INFO] GOLD AVG SCORE: -1.5861, GOLD PPL: 4.8845
# Translating with checkpoint data/wmt/run/model_step_75000.pt
[2020-12-18 10:53:18,078 INFO] Translating shard 0.
/home/jefhe/anaconda3/envs/opennmt/lib/python3.8/site-packages/onmt/translate/beam_search.py:209: UserWarning: An output with one or more elements was resized since it had shape [785], which does not match the required output shape [157, 5].This behavior is deprecated, and in a future PyTorch release outputs will not be resized unless they have zero elements. You can explicitly reuse an out tensor t by resizing it, inplace, to zero elements with t.resize_(0). (Triggered internally at  /opt/conda/conda-bld/pytorch_1603729096996/work/aten/src/ATen/native/Resize.cpp:19.)
  torch.mul(self.topk_scores, length_penalty, out=self.topk_log_probs)
/home/jefhe/anaconda3/envs/opennmt/lib/python3.8/site-packages/onmt/translate/beam_search.py:209: UserWarning: An output with one or more elements was resized since it had shape [1305], which does not match the required output shape [261, 5].This behavior is deprecated, and in a future PyTorch release outputs will not be resized unless they have zero elements. You can explicitly reuse an out tensor t by resizing it, inplace, to zero elements with t.resize_(0). (Triggered internally at  /opt/conda/conda-bld/pytorch_1603729096996/work/aten/src/ATen/native/Resize.cpp:19.)
  torch.mul(self.topk_scores, length_penalty, out=self.topk_log_probs)
/home/jefhe/anaconda3/envs/opennmt/lib/python3.8/site-packages/onmt/translate/beam_search.py:209: UserWarning: An output with one or more elements was resized since it had shape [890], which does not match the required output shape [178, 5].This behavior is deprecated, and in a future PyTorch release outputs will not be resized unless they have zero elements. You can explicitly reuse an out tensor t by resizing it, inplace, to zero elements with t.resize_(0). (Triggered internally at  /opt/conda/conda-bld/pytorch_1603729096996/work/aten/src/ATen/native/Resize.cpp:19.)
  torch.mul(self.topk_scores, length_penalty, out=self.topk_log_probs)
/home/jefhe/anaconda3/envs/opennmt/lib/python3.8/site-packages/onmt/translate/beam_search.py:209: UserWarning: An output with one or more elements was resized since it had shape [1120], which does not match the required output shape [224, 5].This behavior is deprecated, and in a future PyTorch release outputs will not be resized unless they have zero elements. You can explicitly reuse an out tensor t by resizing it, inplace, to zero elements with t.resize_(0). (Triggered internally at  /opt/conda/conda-bld/pytorch_1603729096996/work/aten/src/ATen/native/Resize.cpp:19.)
  torch.mul(self.topk_scores, length_penalty, out=self.topk_log_probs)
/home/jefhe/anaconda3/envs/opennmt/lib/python3.8/site-packages/onmt/translate/beam_search.py:209: UserWarning: An output with one or more elements was resized since it had shape [1150], which does not match the required output shape [230, 5].This behavior is deprecated, and in a future PyTorch release outputs will not be resized unless they have zero elements. You can explicitly reuse an out tensor t by resizing it, inplace, to zero elements with t.resize_(0). (Triggered internally at  /opt/conda/conda-bld/pytorch_1603729096996/work/aten/src/ATen/native/Resize.cpp:19.)
  torch.mul(self.topk_scores, length_penalty, out=self.topk_log_probs)
/home/jefhe/anaconda3/envs/opennmt/lib/python3.8/site-packages/onmt/translate/beam_search.py:209: UserWarning: An output with one or more elements was resized since it had shape [1010], which does not match the required output shape [202, 5].This behavior is deprecated, and in a future PyTorch release outputs will not be resized unless they have zero elements. You can explicitly reuse an out tensor t by resizing it, inplace, to zero elements with t.resize_(0). (Triggered internally at  /opt/conda/conda-bld/pytorch_1603729096996/work/aten/src/ATen/native/Resize.cpp:19.)
  torch.mul(self.topk_scores, length_penalty, out=self.topk_log_probs)
/home/jefhe/anaconda3/envs/opennmt/lib/python3.8/site-packages/onmt/translate/beam_search.py:209: UserWarning: An output with one or more elements was resized since it had shape [1075], which does not match the required output shape [215, 5].This behavior is deprecated, and in a future PyTorch release outputs will not be resized unless they have zero elements. You can explicitly reuse an out tensor t by resizing it, inplace, to zero elements with t.resize_(0). (Triggered internally at  /opt/conda/conda-bld/pytorch_1603729096996/work/aten/src/ATen/native/Resize.cpp:19.)
  torch.mul(self.topk_scores, length_penalty, out=self.topk_log_probs)
/home/jefhe/anaconda3/envs/opennmt/lib/python3.8/site-packages/onmt/translate/beam_search.py:209: UserWarning: An output with one or more elements was resized since it had shape [1220], which does not match the required output shape [244, 5].This behavior is deprecated, and in a future PyTorch release outputs will not be resized unless they have zero elements. You can explicitly reuse an out tensor t by resizing it, inplace, to zero elements with t.resize_(0). (Triggered internally at  /opt/conda/conda-bld/pytorch_1603729096996/work/aten/src/ATen/native/Resize.cpp:19.)
  torch.mul(self.topk_scores, length_penalty, out=self.topk_log_probs)
/home/jefhe/anaconda3/envs/opennmt/lib/python3.8/site-packages/onmt/translate/beam_search.py:209: UserWarning: An output with one or more elements was resized since it had shape [870], which does not match the required output shape [174, 5].This behavior is deprecated, and in a future PyTorch release outputs will not be resized unless they have zero elements. You can explicitly reuse an out tensor t by resizing it, inplace, to zero elements with t.resize_(0). (Triggered internally at  /opt/conda/conda-bld/pytorch_1603729096996/work/aten/src/ATen/native/Resize.cpp:19.)
  torch.mul(self.topk_scores, length_penalty, out=self.topk_log_probs)
/home/jefhe/anaconda3/envs/opennmt/lib/python3.8/site-packages/onmt/translate/beam_search.py:209: UserWarning: An output with one or more elements was resized since it had shape [1035], which does not match the required output shape [207, 5].This behavior is deprecated, and in a future PyTorch release outputs will not be resized unless they have zero elements. You can explicitly reuse an out tensor t by resizing it, inplace, to zero elements with t.resize_(0). (Triggered internally at  /opt/conda/conda-bld/pytorch_1603729096996/work/aten/src/ATen/native/Resize.cpp:19.)
  torch.mul(self.topk_scores, length_penalty, out=self.topk_log_probs)
/home/jefhe/anaconda3/envs/opennmt/lib/python3.8/site-packages/onmt/translate/beam_search.py:209: UserWarning: An output with one or more elements was resized since it had shape [795], which does not match the required output shape [159, 5].This behavior is deprecated, and in a future PyTorch release outputs will not be resized unless they have zero elements. You can explicitly reuse an out tensor t by resizing it, inplace, to zero elements with t.resize_(0). (Triggered internally at  /opt/conda/conda-bld/pytorch_1603729096996/work/aten/src/ATen/native/Resize.cpp:19.)
  torch.mul(self.topk_scores, length_penalty, out=self.topk_log_probs)
/home/jefhe/anaconda3/envs/opennmt/lib/python3.8/site-packages/onmt/translate/beam_search.py:209: UserWarning: An output with one or more elements was resized since it had shape [1105], which does not match the required output shape [221, 5].This behavior is deprecated, and in a future PyTorch release outputs will not be resized unless they have zero elements. You can explicitly reuse an out tensor t by resizing it, inplace, to zero elements with t.resize_(0). (Triggered internally at  /opt/conda/conda-bld/pytorch_1603729096996/work/aten/src/ATen/native/Resize.cpp:19.)
  torch.mul(self.topk_scores, length_penalty, out=self.topk_log_probs)
/home/jefhe/anaconda3/envs/opennmt/lib/python3.8/site-packages/onmt/translate/beam_search.py:209: UserWarning: An output with one or more elements was resized since it had shape [510], which does not match the required output shape [102, 5].This behavior is deprecated, and in a future PyTorch release outputs will not be resized unless they have zero elements. You can explicitly reuse an out tensor t by resizing it, inplace, to zero elements with t.resize_(0). (Triggered internally at  /opt/conda/conda-bld/pytorch_1603729096996/work/aten/src/ATen/native/Resize.cpp:19.)
  torch.mul(self.topk_scores, length_penalty, out=self.topk_log_probs)
[2020-12-18 10:54:04,435 INFO] PRED AVG SCORE: -0.4818, PRED PPL: 1.6189
[2020-12-18 10:54:04,436 INFO] GOLD AVG SCORE: -1.5769, GOLD PPL: 4.8397
# Translating with checkpoint data/wmt/run/model_step_80000.pt
[2020-12-18 10:54:19,312 INFO] Translating shard 0.
/home/jefhe/anaconda3/envs/opennmt/lib/python3.8/site-packages/onmt/translate/beam_search.py:209: UserWarning: An output with one or more elements was resized since it had shape [785], which does not match the required output shape [157, 5].This behavior is deprecated, and in a future PyTorch release outputs will not be resized unless they have zero elements. You can explicitly reuse an out tensor t by resizing it, inplace, to zero elements with t.resize_(0). (Triggered internally at  /opt/conda/conda-bld/pytorch_1603729096996/work/aten/src/ATen/native/Resize.cpp:19.)
  torch.mul(self.topk_scores, length_penalty, out=self.topk_log_probs)
/home/jefhe/anaconda3/envs/opennmt/lib/python3.8/site-packages/onmt/translate/beam_search.py:209: UserWarning: An output with one or more elements was resized since it had shape [1305], which does not match the required output shape [261, 5].This behavior is deprecated, and in a future PyTorch release outputs will not be resized unless they have zero elements. You can explicitly reuse an out tensor t by resizing it, inplace, to zero elements with t.resize_(0). (Triggered internally at  /opt/conda/conda-bld/pytorch_1603729096996/work/aten/src/ATen/native/Resize.cpp:19.)
  torch.mul(self.topk_scores, length_penalty, out=self.topk_log_probs)
/home/jefhe/anaconda3/envs/opennmt/lib/python3.8/site-packages/onmt/translate/beam_search.py:209: UserWarning: An output with one or more elements was resized since it had shape [890], which does not match the required output shape [178, 5].This behavior is deprecated, and in a future PyTorch release outputs will not be resized unless they have zero elements. You can explicitly reuse an out tensor t by resizing it, inplace, to zero elements with t.resize_(0). (Triggered internally at  /opt/conda/conda-bld/pytorch_1603729096996/work/aten/src/ATen/native/Resize.cpp:19.)
  torch.mul(self.topk_scores, length_penalty, out=self.topk_log_probs)
/home/jefhe/anaconda3/envs/opennmt/lib/python3.8/site-packages/onmt/translate/beam_search.py:209: UserWarning: An output with one or more elements was resized since it had shape [1120], which does not match the required output shape [224, 5].This behavior is deprecated, and in a future PyTorch release outputs will not be resized unless they have zero elements. You can explicitly reuse an out tensor t by resizing it, inplace, to zero elements with t.resize_(0). (Triggered internally at  /opt/conda/conda-bld/pytorch_1603729096996/work/aten/src/ATen/native/Resize.cpp:19.)
  torch.mul(self.topk_scores, length_penalty, out=self.topk_log_probs)
/home/jefhe/anaconda3/envs/opennmt/lib/python3.8/site-packages/onmt/translate/beam_search.py:209: UserWarning: An output with one or more elements was resized since it had shape [1150], which does not match the required output shape [230, 5].This behavior is deprecated, and in a future PyTorch release outputs will not be resized unless they have zero elements. You can explicitly reuse an out tensor t by resizing it, inplace, to zero elements with t.resize_(0). (Triggered internally at  /opt/conda/conda-bld/pytorch_1603729096996/work/aten/src/ATen/native/Resize.cpp:19.)
  torch.mul(self.topk_scores, length_penalty, out=self.topk_log_probs)
/home/jefhe/anaconda3/envs/opennmt/lib/python3.8/site-packages/onmt/translate/beam_search.py:209: UserWarning: An output with one or more elements was resized since it had shape [1010], which does not match the required output shape [202, 5].This behavior is deprecated, and in a future PyTorch release outputs will not be resized unless they have zero elements. You can explicitly reuse an out tensor t by resizing it, inplace, to zero elements with t.resize_(0). (Triggered internally at  /opt/conda/conda-bld/pytorch_1603729096996/work/aten/src/ATen/native/Resize.cpp:19.)
  torch.mul(self.topk_scores, length_penalty, out=self.topk_log_probs)
/home/jefhe/anaconda3/envs/opennmt/lib/python3.8/site-packages/onmt/translate/beam_search.py:209: UserWarning: An output with one or more elements was resized since it had shape [1075], which does not match the required output shape [215, 5].This behavior is deprecated, and in a future PyTorch release outputs will not be resized unless they have zero elements. You can explicitly reuse an out tensor t by resizing it, inplace, to zero elements with t.resize_(0). (Triggered internally at  /opt/conda/conda-bld/pytorch_1603729096996/work/aten/src/ATen/native/Resize.cpp:19.)
  torch.mul(self.topk_scores, length_penalty, out=self.topk_log_probs)
/home/jefhe/anaconda3/envs/opennmt/lib/python3.8/site-packages/onmt/translate/beam_search.py:209: UserWarning: An output with one or more elements was resized since it had shape [1220], which does not match the required output shape [244, 5].This behavior is deprecated, and in a future PyTorch release outputs will not be resized unless they have zero elements. You can explicitly reuse an out tensor t by resizing it, inplace, to zero elements with t.resize_(0). (Triggered internally at  /opt/conda/conda-bld/pytorch_1603729096996/work/aten/src/ATen/native/Resize.cpp:19.)
  torch.mul(self.topk_scores, length_penalty, out=self.topk_log_probs)
/home/jefhe/anaconda3/envs/opennmt/lib/python3.8/site-packages/onmt/translate/beam_search.py:209: UserWarning: An output with one or more elements was resized since it had shape [870], which does not match the required output shape [174, 5].This behavior is deprecated, and in a future PyTorch release outputs will not be resized unless they have zero elements. You can explicitly reuse an out tensor t by resizing it, inplace, to zero elements with t.resize_(0). (Triggered internally at  /opt/conda/conda-bld/pytorch_1603729096996/work/aten/src/ATen/native/Resize.cpp:19.)
  torch.mul(self.topk_scores, length_penalty, out=self.topk_log_probs)
/home/jefhe/anaconda3/envs/opennmt/lib/python3.8/site-packages/onmt/translate/beam_search.py:209: UserWarning: An output with one or more elements was resized since it had shape [1035], which does not match the required output shape [207, 5].This behavior is deprecated, and in a future PyTorch release outputs will not be resized unless they have zero elements. You can explicitly reuse an out tensor t by resizing it, inplace, to zero elements with t.resize_(0). (Triggered internally at  /opt/conda/conda-bld/pytorch_1603729096996/work/aten/src/ATen/native/Resize.cpp:19.)
  torch.mul(self.topk_scores, length_penalty, out=self.topk_log_probs)
/home/jefhe/anaconda3/envs/opennmt/lib/python3.8/site-packages/onmt/translate/beam_search.py:209: UserWarning: An output with one or more elements was resized since it had shape [795], which does not match the required output shape [159, 5].This behavior is deprecated, and in a future PyTorch release outputs will not be resized unless they have zero elements. You can explicitly reuse an out tensor t by resizing it, inplace, to zero elements with t.resize_(0). (Triggered internally at  /opt/conda/conda-bld/pytorch_1603729096996/work/aten/src/ATen/native/Resize.cpp:19.)
  torch.mul(self.topk_scores, length_penalty, out=self.topk_log_probs)
/home/jefhe/anaconda3/envs/opennmt/lib/python3.8/site-packages/onmt/translate/beam_search.py:209: UserWarning: An output with one or more elements was resized since it had shape [1105], which does not match the required output shape [221, 5].This behavior is deprecated, and in a future PyTorch release outputs will not be resized unless they have zero elements. You can explicitly reuse an out tensor t by resizing it, inplace, to zero elements with t.resize_(0). (Triggered internally at  /opt/conda/conda-bld/pytorch_1603729096996/work/aten/src/ATen/native/Resize.cpp:19.)
  torch.mul(self.topk_scores, length_penalty, out=self.topk_log_probs)
/home/jefhe/anaconda3/envs/opennmt/lib/python3.8/site-packages/onmt/translate/beam_search.py:209: UserWarning: An output with one or more elements was resized since it had shape [510], which does not match the required output shape [102, 5].This behavior is deprecated, and in a future PyTorch release outputs will not be resized unless they have zero elements. You can explicitly reuse an out tensor t by resizing it, inplace, to zero elements with t.resize_(0). (Triggered internally at  /opt/conda/conda-bld/pytorch_1603729096996/work/aten/src/ATen/native/Resize.cpp:19.)
  torch.mul(self.topk_scores, length_penalty, out=self.topk_log_probs)
[2020-12-18 10:55:06,117 INFO] PRED AVG SCORE: -0.4735, PRED PPL: 1.6056
[2020-12-18 10:55:06,117 INFO] GOLD AVG SCORE: -1.5757, GOLD PPL: 4.8341
# Translating with checkpoint data/wmt/run/model_step_85000.pt
[2020-12-18 10:55:21,283 INFO] Translating shard 0.
/home/jefhe/anaconda3/envs/opennmt/lib/python3.8/site-packages/onmt/translate/beam_search.py:209: UserWarning: An output with one or more elements was resized since it had shape [785], which does not match the required output shape [157, 5].This behavior is deprecated, and in a future PyTorch release outputs will not be resized unless they have zero elements. You can explicitly reuse an out tensor t by resizing it, inplace, to zero elements with t.resize_(0). (Triggered internally at  /opt/conda/conda-bld/pytorch_1603729096996/work/aten/src/ATen/native/Resize.cpp:19.)
  torch.mul(self.topk_scores, length_penalty, out=self.topk_log_probs)
/home/jefhe/anaconda3/envs/opennmt/lib/python3.8/site-packages/onmt/translate/beam_search.py:209: UserWarning: An output with one or more elements was resized since it had shape [1305], which does not match the required output shape [261, 5].This behavior is deprecated, and in a future PyTorch release outputs will not be resized unless they have zero elements. You can explicitly reuse an out tensor t by resizing it, inplace, to zero elements with t.resize_(0). (Triggered internally at  /opt/conda/conda-bld/pytorch_1603729096996/work/aten/src/ATen/native/Resize.cpp:19.)
  torch.mul(self.topk_scores, length_penalty, out=self.topk_log_probs)
/home/jefhe/anaconda3/envs/opennmt/lib/python3.8/site-packages/onmt/translate/beam_search.py:209: UserWarning: An output with one or more elements was resized since it had shape [890], which does not match the required output shape [178, 5].This behavior is deprecated, and in a future PyTorch release outputs will not be resized unless they have zero elements. You can explicitly reuse an out tensor t by resizing it, inplace, to zero elements with t.resize_(0). (Triggered internally at  /opt/conda/conda-bld/pytorch_1603729096996/work/aten/src/ATen/native/Resize.cpp:19.)
  torch.mul(self.topk_scores, length_penalty, out=self.topk_log_probs)
/home/jefhe/anaconda3/envs/opennmt/lib/python3.8/site-packages/onmt/translate/beam_search.py:209: UserWarning: An output with one or more elements was resized since it had shape [1120], which does not match the required output shape [224, 5].This behavior is deprecated, and in a future PyTorch release outputs will not be resized unless they have zero elements. You can explicitly reuse an out tensor t by resizing it, inplace, to zero elements with t.resize_(0). (Triggered internally at  /opt/conda/conda-bld/pytorch_1603729096996/work/aten/src/ATen/native/Resize.cpp:19.)
  torch.mul(self.topk_scores, length_penalty, out=self.topk_log_probs)
/home/jefhe/anaconda3/envs/opennmt/lib/python3.8/site-packages/onmt/translate/beam_search.py:209: UserWarning: An output with one or more elements was resized since it had shape [1150], which does not match the required output shape [230, 5].This behavior is deprecated, and in a future PyTorch release outputs will not be resized unless they have zero elements. You can explicitly reuse an out tensor t by resizing it, inplace, to zero elements with t.resize_(0). (Triggered internally at  /opt/conda/conda-bld/pytorch_1603729096996/work/aten/src/ATen/native/Resize.cpp:19.)
  torch.mul(self.topk_scores, length_penalty, out=self.topk_log_probs)
/home/jefhe/anaconda3/envs/opennmt/lib/python3.8/site-packages/onmt/translate/beam_search.py:209: UserWarning: An output with one or more elements was resized since it had shape [1010], which does not match the required output shape [202, 5].This behavior is deprecated, and in a future PyTorch release outputs will not be resized unless they have zero elements. You can explicitly reuse an out tensor t by resizing it, inplace, to zero elements with t.resize_(0). (Triggered internally at  /opt/conda/conda-bld/pytorch_1603729096996/work/aten/src/ATen/native/Resize.cpp:19.)
  torch.mul(self.topk_scores, length_penalty, out=self.topk_log_probs)
/home/jefhe/anaconda3/envs/opennmt/lib/python3.8/site-packages/onmt/translate/beam_search.py:209: UserWarning: An output with one or more elements was resized since it had shape [1075], which does not match the required output shape [215, 5].This behavior is deprecated, and in a future PyTorch release outputs will not be resized unless they have zero elements. You can explicitly reuse an out tensor t by resizing it, inplace, to zero elements with t.resize_(0). (Triggered internally at  /opt/conda/conda-bld/pytorch_1603729096996/work/aten/src/ATen/native/Resize.cpp:19.)
  torch.mul(self.topk_scores, length_penalty, out=self.topk_log_probs)
/home/jefhe/anaconda3/envs/opennmt/lib/python3.8/site-packages/onmt/translate/beam_search.py:209: UserWarning: An output with one or more elements was resized since it had shape [1220], which does not match the required output shape [244, 5].This behavior is deprecated, and in a future PyTorch release outputs will not be resized unless they have zero elements. You can explicitly reuse an out tensor t by resizing it, inplace, to zero elements with t.resize_(0). (Triggered internally at  /opt/conda/conda-bld/pytorch_1603729096996/work/aten/src/ATen/native/Resize.cpp:19.)
  torch.mul(self.topk_scores, length_penalty, out=self.topk_log_probs)
/home/jefhe/anaconda3/envs/opennmt/lib/python3.8/site-packages/onmt/translate/beam_search.py:209: UserWarning: An output with one or more elements was resized since it had shape [870], which does not match the required output shape [174, 5].This behavior is deprecated, and in a future PyTorch release outputs will not be resized unless they have zero elements. You can explicitly reuse an out tensor t by resizing it, inplace, to zero elements with t.resize_(0). (Triggered internally at  /opt/conda/conda-bld/pytorch_1603729096996/work/aten/src/ATen/native/Resize.cpp:19.)
  torch.mul(self.topk_scores, length_penalty, out=self.topk_log_probs)
/home/jefhe/anaconda3/envs/opennmt/lib/python3.8/site-packages/onmt/translate/beam_search.py:209: UserWarning: An output with one or more elements was resized since it had shape [1035], which does not match the required output shape [207, 5].This behavior is deprecated, and in a future PyTorch release outputs will not be resized unless they have zero elements. You can explicitly reuse an out tensor t by resizing it, inplace, to zero elements with t.resize_(0). (Triggered internally at  /opt/conda/conda-bld/pytorch_1603729096996/work/aten/src/ATen/native/Resize.cpp:19.)
  torch.mul(self.topk_scores, length_penalty, out=self.topk_log_probs)
/home/jefhe/anaconda3/envs/opennmt/lib/python3.8/site-packages/onmt/translate/beam_search.py:209: UserWarning: An output with one or more elements was resized since it had shape [795], which does not match the required output shape [159, 5].This behavior is deprecated, and in a future PyTorch release outputs will not be resized unless they have zero elements. You can explicitly reuse an out tensor t by resizing it, inplace, to zero elements with t.resize_(0). (Triggered internally at  /opt/conda/conda-bld/pytorch_1603729096996/work/aten/src/ATen/native/Resize.cpp:19.)
  torch.mul(self.topk_scores, length_penalty, out=self.topk_log_probs)
/home/jefhe/anaconda3/envs/opennmt/lib/python3.8/site-packages/onmt/translate/beam_search.py:209: UserWarning: An output with one or more elements was resized since it had shape [1105], which does not match the required output shape [221, 5].This behavior is deprecated, and in a future PyTorch release outputs will not be resized unless they have zero elements. You can explicitly reuse an out tensor t by resizing it, inplace, to zero elements with t.resize_(0). (Triggered internally at  /opt/conda/conda-bld/pytorch_1603729096996/work/aten/src/ATen/native/Resize.cpp:19.)
  torch.mul(self.topk_scores, length_penalty, out=self.topk_log_probs)
/home/jefhe/anaconda3/envs/opennmt/lib/python3.8/site-packages/onmt/translate/beam_search.py:209: UserWarning: An output with one or more elements was resized since it had shape [510], which does not match the required output shape [102, 5].This behavior is deprecated, and in a future PyTorch release outputs will not be resized unless they have zero elements. You can explicitly reuse an out tensor t by resizing it, inplace, to zero elements with t.resize_(0). (Triggered internally at  /opt/conda/conda-bld/pytorch_1603729096996/work/aten/src/ATen/native/Resize.cpp:19.)
  torch.mul(self.topk_scores, length_penalty, out=self.topk_log_probs)
[2020-12-18 10:56:08,642 INFO] PRED AVG SCORE: -0.4881, PRED PPL: 1.6293
[2020-12-18 10:56:08,643 INFO] GOLD AVG SCORE: -1.5648, GOLD PPL: 4.7818
# Translating with checkpoint data/wmt/run/model_step_90000.pt
[2020-12-18 10:56:23,214 INFO] Translating shard 0.
/home/jefhe/anaconda3/envs/opennmt/lib/python3.8/site-packages/onmt/translate/beam_search.py:209: UserWarning: An output with one or more elements was resized since it had shape [785], which does not match the required output shape [157, 5].This behavior is deprecated, and in a future PyTorch release outputs will not be resized unless they have zero elements. You can explicitly reuse an out tensor t by resizing it, inplace, to zero elements with t.resize_(0). (Triggered internally at  /opt/conda/conda-bld/pytorch_1603729096996/work/aten/src/ATen/native/Resize.cpp:19.)
  torch.mul(self.topk_scores, length_penalty, out=self.topk_log_probs)
/home/jefhe/anaconda3/envs/opennmt/lib/python3.8/site-packages/onmt/translate/beam_search.py:209: UserWarning: An output with one or more elements was resized since it had shape [1305], which does not match the required output shape [261, 5].This behavior is deprecated, and in a future PyTorch release outputs will not be resized unless they have zero elements. You can explicitly reuse an out tensor t by resizing it, inplace, to zero elements with t.resize_(0). (Triggered internally at  /opt/conda/conda-bld/pytorch_1603729096996/work/aten/src/ATen/native/Resize.cpp:19.)
  torch.mul(self.topk_scores, length_penalty, out=self.topk_log_probs)
/home/jefhe/anaconda3/envs/opennmt/lib/python3.8/site-packages/onmt/translate/beam_search.py:209: UserWarning: An output with one or more elements was resized since it had shape [890], which does not match the required output shape [178, 5].This behavior is deprecated, and in a future PyTorch release outputs will not be resized unless they have zero elements. You can explicitly reuse an out tensor t by resizing it, inplace, to zero elements with t.resize_(0). (Triggered internally at  /opt/conda/conda-bld/pytorch_1603729096996/work/aten/src/ATen/native/Resize.cpp:19.)
  torch.mul(self.topk_scores, length_penalty, out=self.topk_log_probs)
/home/jefhe/anaconda3/envs/opennmt/lib/python3.8/site-packages/onmt/translate/beam_search.py:209: UserWarning: An output with one or more elements was resized since it had shape [1120], which does not match the required output shape [224, 5].This behavior is deprecated, and in a future PyTorch release outputs will not be resized unless they have zero elements. You can explicitly reuse an out tensor t by resizing it, inplace, to zero elements with t.resize_(0). (Triggered internally at  /opt/conda/conda-bld/pytorch_1603729096996/work/aten/src/ATen/native/Resize.cpp:19.)
  torch.mul(self.topk_scores, length_penalty, out=self.topk_log_probs)
/home/jefhe/anaconda3/envs/opennmt/lib/python3.8/site-packages/onmt/translate/beam_search.py:209: UserWarning: An output with one or more elements was resized since it had shape [1150], which does not match the required output shape [230, 5].This behavior is deprecated, and in a future PyTorch release outputs will not be resized unless they have zero elements. You can explicitly reuse an out tensor t by resizing it, inplace, to zero elements with t.resize_(0). (Triggered internally at  /opt/conda/conda-bld/pytorch_1603729096996/work/aten/src/ATen/native/Resize.cpp:19.)
  torch.mul(self.topk_scores, length_penalty, out=self.topk_log_probs)
/home/jefhe/anaconda3/envs/opennmt/lib/python3.8/site-packages/onmt/translate/beam_search.py:209: UserWarning: An output with one or more elements was resized since it had shape [1010], which does not match the required output shape [202, 5].This behavior is deprecated, and in a future PyTorch release outputs will not be resized unless they have zero elements. You can explicitly reuse an out tensor t by resizing it, inplace, to zero elements with t.resize_(0). (Triggered internally at  /opt/conda/conda-bld/pytorch_1603729096996/work/aten/src/ATen/native/Resize.cpp:19.)
  torch.mul(self.topk_scores, length_penalty, out=self.topk_log_probs)
/home/jefhe/anaconda3/envs/opennmt/lib/python3.8/site-packages/onmt/translate/beam_search.py:209: UserWarning: An output with one or more elements was resized since it had shape [1075], which does not match the required output shape [215, 5].This behavior is deprecated, and in a future PyTorch release outputs will not be resized unless they have zero elements. You can explicitly reuse an out tensor t by resizing it, inplace, to zero elements with t.resize_(0). (Triggered internally at  /opt/conda/conda-bld/pytorch_1603729096996/work/aten/src/ATen/native/Resize.cpp:19.)
  torch.mul(self.topk_scores, length_penalty, out=self.topk_log_probs)
/home/jefhe/anaconda3/envs/opennmt/lib/python3.8/site-packages/onmt/translate/beam_search.py:209: UserWarning: An output with one or more elements was resized since it had shape [1220], which does not match the required output shape [244, 5].This behavior is deprecated, and in a future PyTorch release outputs will not be resized unless they have zero elements. You can explicitly reuse an out tensor t by resizing it, inplace, to zero elements with t.resize_(0). (Triggered internally at  /opt/conda/conda-bld/pytorch_1603729096996/work/aten/src/ATen/native/Resize.cpp:19.)
  torch.mul(self.topk_scores, length_penalty, out=self.topk_log_probs)
/home/jefhe/anaconda3/envs/opennmt/lib/python3.8/site-packages/onmt/translate/beam_search.py:209: UserWarning: An output with one or more elements was resized since it had shape [870], which does not match the required output shape [174, 5].This behavior is deprecated, and in a future PyTorch release outputs will not be resized unless they have zero elements. You can explicitly reuse an out tensor t by resizing it, inplace, to zero elements with t.resize_(0). (Triggered internally at  /opt/conda/conda-bld/pytorch_1603729096996/work/aten/src/ATen/native/Resize.cpp:19.)
  torch.mul(self.topk_scores, length_penalty, out=self.topk_log_probs)
/home/jefhe/anaconda3/envs/opennmt/lib/python3.8/site-packages/onmt/translate/beam_search.py:209: UserWarning: An output with one or more elements was resized since it had shape [1035], which does not match the required output shape [207, 5].This behavior is deprecated, and in a future PyTorch release outputs will not be resized unless they have zero elements. You can explicitly reuse an out tensor t by resizing it, inplace, to zero elements with t.resize_(0). (Triggered internally at  /opt/conda/conda-bld/pytorch_1603729096996/work/aten/src/ATen/native/Resize.cpp:19.)
  torch.mul(self.topk_scores, length_penalty, out=self.topk_log_probs)
/home/jefhe/anaconda3/envs/opennmt/lib/python3.8/site-packages/onmt/translate/beam_search.py:209: UserWarning: An output with one or more elements was resized since it had shape [795], which does not match the required output shape [159, 5].This behavior is deprecated, and in a future PyTorch release outputs will not be resized unless they have zero elements. You can explicitly reuse an out tensor t by resizing it, inplace, to zero elements with t.resize_(0). (Triggered internally at  /opt/conda/conda-bld/pytorch_1603729096996/work/aten/src/ATen/native/Resize.cpp:19.)
  torch.mul(self.topk_scores, length_penalty, out=self.topk_log_probs)
/home/jefhe/anaconda3/envs/opennmt/lib/python3.8/site-packages/onmt/translate/beam_search.py:209: UserWarning: An output with one or more elements was resized since it had shape [1105], which does not match the required output shape [221, 5].This behavior is deprecated, and in a future PyTorch release outputs will not be resized unless they have zero elements. You can explicitly reuse an out tensor t by resizing it, inplace, to zero elements with t.resize_(0). (Triggered internally at  /opt/conda/conda-bld/pytorch_1603729096996/work/aten/src/ATen/native/Resize.cpp:19.)
  torch.mul(self.topk_scores, length_penalty, out=self.topk_log_probs)
/home/jefhe/anaconda3/envs/opennmt/lib/python3.8/site-packages/onmt/translate/beam_search.py:209: UserWarning: An output with one or more elements was resized since it had shape [510], which does not match the required output shape [102, 5].This behavior is deprecated, and in a future PyTorch release outputs will not be resized unless they have zero elements. You can explicitly reuse an out tensor t by resizing it, inplace, to zero elements with t.resize_(0). (Triggered internally at  /opt/conda/conda-bld/pytorch_1603729096996/work/aten/src/ATen/native/Resize.cpp:19.)
  torch.mul(self.topk_scores, length_penalty, out=self.topk_log_probs)
[2020-12-18 10:57:11,037 INFO] PRED AVG SCORE: -0.4792, PRED PPL: 1.6147
[2020-12-18 10:57:11,038 INFO] GOLD AVG SCORE: -1.5644, GOLD PPL: 4.7798
# Translating with checkpoint data/wmt/run/model_step_95000.pt
[2020-12-18 10:57:26,864 INFO] Translating shard 0.
/home/jefhe/anaconda3/envs/opennmt/lib/python3.8/site-packages/onmt/translate/beam_search.py:209: UserWarning: An output with one or more elements was resized since it had shape [785], which does not match the required output shape [157, 5].This behavior is deprecated, and in a future PyTorch release outputs will not be resized unless they have zero elements. You can explicitly reuse an out tensor t by resizing it, inplace, to zero elements with t.resize_(0). (Triggered internally at  /opt/conda/conda-bld/pytorch_1603729096996/work/aten/src/ATen/native/Resize.cpp:19.)
  torch.mul(self.topk_scores, length_penalty, out=self.topk_log_probs)
/home/jefhe/anaconda3/envs/opennmt/lib/python3.8/site-packages/onmt/translate/beam_search.py:209: UserWarning: An output with one or more elements was resized since it had shape [1305], which does not match the required output shape [261, 5].This behavior is deprecated, and in a future PyTorch release outputs will not be resized unless they have zero elements. You can explicitly reuse an out tensor t by resizing it, inplace, to zero elements with t.resize_(0). (Triggered internally at  /opt/conda/conda-bld/pytorch_1603729096996/work/aten/src/ATen/native/Resize.cpp:19.)
  torch.mul(self.topk_scores, length_penalty, out=self.topk_log_probs)
/home/jefhe/anaconda3/envs/opennmt/lib/python3.8/site-packages/onmt/translate/beam_search.py:209: UserWarning: An output with one or more elements was resized since it had shape [890], which does not match the required output shape [178, 5].This behavior is deprecated, and in a future PyTorch release outputs will not be resized unless they have zero elements. You can explicitly reuse an out tensor t by resizing it, inplace, to zero elements with t.resize_(0). (Triggered internally at  /opt/conda/conda-bld/pytorch_1603729096996/work/aten/src/ATen/native/Resize.cpp:19.)
  torch.mul(self.topk_scores, length_penalty, out=self.topk_log_probs)
/home/jefhe/anaconda3/envs/opennmt/lib/python3.8/site-packages/onmt/translate/beam_search.py:209: UserWarning: An output with one or more elements was resized since it had shape [1120], which does not match the required output shape [224, 5].This behavior is deprecated, and in a future PyTorch release outputs will not be resized unless they have zero elements. You can explicitly reuse an out tensor t by resizing it, inplace, to zero elements with t.resize_(0). (Triggered internally at  /opt/conda/conda-bld/pytorch_1603729096996/work/aten/src/ATen/native/Resize.cpp:19.)
  torch.mul(self.topk_scores, length_penalty, out=self.topk_log_probs)
/home/jefhe/anaconda3/envs/opennmt/lib/python3.8/site-packages/onmt/translate/beam_search.py:209: UserWarning: An output with one or more elements was resized since it had shape [1150], which does not match the required output shape [230, 5].This behavior is deprecated, and in a future PyTorch release outputs will not be resized unless they have zero elements. You can explicitly reuse an out tensor t by resizing it, inplace, to zero elements with t.resize_(0). (Triggered internally at  /opt/conda/conda-bld/pytorch_1603729096996/work/aten/src/ATen/native/Resize.cpp:19.)
  torch.mul(self.topk_scores, length_penalty, out=self.topk_log_probs)
/home/jefhe/anaconda3/envs/opennmt/lib/python3.8/site-packages/onmt/translate/beam_search.py:209: UserWarning: An output with one or more elements was resized since it had shape [1010], which does not match the required output shape [202, 5].This behavior is deprecated, and in a future PyTorch release outputs will not be resized unless they have zero elements. You can explicitly reuse an out tensor t by resizing it, inplace, to zero elements with t.resize_(0). (Triggered internally at  /opt/conda/conda-bld/pytorch_1603729096996/work/aten/src/ATen/native/Resize.cpp:19.)
  torch.mul(self.topk_scores, length_penalty, out=self.topk_log_probs)
/home/jefhe/anaconda3/envs/opennmt/lib/python3.8/site-packages/onmt/translate/beam_search.py:209: UserWarning: An output with one or more elements was resized since it had shape [1075], which does not match the required output shape [215, 5].This behavior is deprecated, and in a future PyTorch release outputs will not be resized unless they have zero elements. You can explicitly reuse an out tensor t by resizing it, inplace, to zero elements with t.resize_(0). (Triggered internally at  /opt/conda/conda-bld/pytorch_1603729096996/work/aten/src/ATen/native/Resize.cpp:19.)
  torch.mul(self.topk_scores, length_penalty, out=self.topk_log_probs)
/home/jefhe/anaconda3/envs/opennmt/lib/python3.8/site-packages/onmt/translate/beam_search.py:209: UserWarning: An output with one or more elements was resized since it had shape [1220], which does not match the required output shape [244, 5].This behavior is deprecated, and in a future PyTorch release outputs will not be resized unless they have zero elements. You can explicitly reuse an out tensor t by resizing it, inplace, to zero elements with t.resize_(0). (Triggered internally at  /opt/conda/conda-bld/pytorch_1603729096996/work/aten/src/ATen/native/Resize.cpp:19.)
  torch.mul(self.topk_scores, length_penalty, out=self.topk_log_probs)
/home/jefhe/anaconda3/envs/opennmt/lib/python3.8/site-packages/onmt/translate/beam_search.py:209: UserWarning: An output with one or more elements was resized since it had shape [870], which does not match the required output shape [174, 5].This behavior is deprecated, and in a future PyTorch release outputs will not be resized unless they have zero elements. You can explicitly reuse an out tensor t by resizing it, inplace, to zero elements with t.resize_(0). (Triggered internally at  /opt/conda/conda-bld/pytorch_1603729096996/work/aten/src/ATen/native/Resize.cpp:19.)
  torch.mul(self.topk_scores, length_penalty, out=self.topk_log_probs)
/home/jefhe/anaconda3/envs/opennmt/lib/python3.8/site-packages/onmt/translate/beam_search.py:209: UserWarning: An output with one or more elements was resized since it had shape [1035], which does not match the required output shape [207, 5].This behavior is deprecated, and in a future PyTorch release outputs will not be resized unless they have zero elements. You can explicitly reuse an out tensor t by resizing it, inplace, to zero elements with t.resize_(0). (Triggered internally at  /opt/conda/conda-bld/pytorch_1603729096996/work/aten/src/ATen/native/Resize.cpp:19.)
  torch.mul(self.topk_scores, length_penalty, out=self.topk_log_probs)
/home/jefhe/anaconda3/envs/opennmt/lib/python3.8/site-packages/onmt/translate/beam_search.py:209: UserWarning: An output with one or more elements was resized since it had shape [795], which does not match the required output shape [159, 5].This behavior is deprecated, and in a future PyTorch release outputs will not be resized unless they have zero elements. You can explicitly reuse an out tensor t by resizing it, inplace, to zero elements with t.resize_(0). (Triggered internally at  /opt/conda/conda-bld/pytorch_1603729096996/work/aten/src/ATen/native/Resize.cpp:19.)
  torch.mul(self.topk_scores, length_penalty, out=self.topk_log_probs)
/home/jefhe/anaconda3/envs/opennmt/lib/python3.8/site-packages/onmt/translate/beam_search.py:209: UserWarning: An output with one or more elements was resized since it had shape [1105], which does not match the required output shape [221, 5].This behavior is deprecated, and in a future PyTorch release outputs will not be resized unless they have zero elements. You can explicitly reuse an out tensor t by resizing it, inplace, to zero elements with t.resize_(0). (Triggered internally at  /opt/conda/conda-bld/pytorch_1603729096996/work/aten/src/ATen/native/Resize.cpp:19.)
  torch.mul(self.topk_scores, length_penalty, out=self.topk_log_probs)
/home/jefhe/anaconda3/envs/opennmt/lib/python3.8/site-packages/onmt/translate/beam_search.py:209: UserWarning: An output with one or more elements was resized since it had shape [510], which does not match the required output shape [102, 5].This behavior is deprecated, and in a future PyTorch release outputs will not be resized unless they have zero elements. You can explicitly reuse an out tensor t by resizing it, inplace, to zero elements with t.resize_(0). (Triggered internally at  /opt/conda/conda-bld/pytorch_1603729096996/work/aten/src/ATen/native/Resize.cpp:19.)
  torch.mul(self.topk_scores, length_penalty, out=self.topk_log_probs)
[2020-12-18 10:58:14,068 INFO] PRED AVG SCORE: -0.4738, PRED PPL: 1.6060
[2020-12-18 10:58:14,069 INFO] GOLD AVG SCORE: -1.5571, GOLD PPL: 4.7452
