total lines in file = 
1131
total processing lines = 
565
initial result list = 
[-1, -1, -1, -1, -1, -1, -1, -1, -1, -1, -1, -1, -1, -1, -1, -1, -1, -1, -1, -1, -1, -1, -1, -1, -1, -1, -1, -1, -1, -1, -1, -1, -1, -1, -1, -1, -1, -1, -1, -1, -1, -1, -1, -1, -1, -1, -1, -1, -1, -1, -1, -1, -1, -1, -1, -1, -1, -1, -1, -1, -1, -1, -1, -1, -1, -1, -1, -1, -1, -1, -1, -1, -1, -1, -1, -1, -1, -1, -1, -1, -1, -1, -1, -1, -1, -1, -1, -1, -1, -1, -1, -1, -1, -1, -1, -1, -1, -1, -1, -1, -1, -1, -1, -1, -1, -1, -1, -1, -1, -1, -1, -1, -1, -1, -1, -1, -1, -1, -1, -1, -1, -1, -1, -1, -1, -1, -1, -1, -1, -1, -1, -1, -1, -1, -1, -1, -1, -1, -1, -1, -1, -1, -1, -1, -1, -1, -1, -1, -1, -1, -1, -1, -1, -1, -1, -1, -1, -1, -1, -1, -1, -1, -1, -1, -1, -1, -1, -1, -1, -1, -1, -1, -1, -1, -1, -1, -1, -1, -1, -1, -1, -1, -1, -1, -1, -1, -1, -1, -1, -1, -1, -1, -1, -1, -1, -1, -1, -1, -1, -1, -1, -1, -1, -1, -1, -1, -1, -1, -1, -1, -1, -1, -1, -1, -1, -1, -1, -1, -1, -1, -1, -1, -1, -1, -1, -1, -1, -1, -1, -1, -1, -1, -1, -1, -1, -1, -1, -1, -1, -1, -1, -1, -1, -1, -1, -1, -1, -1, -1, -1, -1, -1, -1, -1, -1, -1, -1, -1, -1, -1, -1, -1, -1, -1, -1, -1, -1, -1, -1, -1, -1, -1, -1, -1, -1, -1, -1, -1, -1, -1, -1, -1, -1, -1, -1, -1, -1, -1, -1, -1, -1, -1, -1, -1, -1, -1, -1, -1, -1, -1, -1, -1, -1, -1, -1, -1, -1, -1, -1, -1, -1, -1, -1, -1, -1, -1, -1, -1, -1, -1, -1, -1, -1, -1, -1, -1, -1, -1, -1, -1, -1, -1, -1, -1, -1, -1, -1, -1, -1, -1, -1, -1, -1, -1, -1, -1, -1, -1, -1, -1, -1, -1, -1, -1, -1, -1, -1, -1, -1, -1, -1, -1, -1, -1, -1, -1, -1, -1, -1, -1, -1, -1, -1, -1, -1, -1, -1, -1, -1, -1, -1, -1, -1, -1, -1, -1, -1, -1, -1, -1, -1, -1, -1, -1, -1, -1, -1, -1, -1, -1, -1, -1, -1, -1, -1, -1, -1, -1, -1, -1, -1, -1, -1, -1, -1, -1, -1, -1, -1, -1, -1, -1, -1, -1, -1, -1, -1, -1, -1, -1, -1, -1, -1, -1, -1, -1, -1, -1, -1, -1, -1, -1, -1, -1, -1, -1, -1, -1, -1, -1, -1, -1, -1, -1, -1, -1, -1, -1, -1, -1, -1, -1, -1, -1, -1, -1, -1, -1, -1, -1, -1, -1, -1, -1, -1, -1, -1, -1, -1, -1, -1, -1, -1, -1, -1, -1, -1, -1, -1, -1, -1, -1, -1, -1, -1, -1, -1, -1, -1, -1, -1, -1, -1, -1, -1, -1, -1, -1, -1, -1, -1, -1, -1, -1, -1, -1, -1, -1, -1, -1, -1, -1, -1, -1, -1, -1, -1, -1, -1, -1, -1, -1, -1, -1, -1, -1, -1, -1, -1, -1, -1, -1, -1, -1, -1, -1, -1, -1, -1, -1, -1, -1, -1, -1, -1, -1, -1, -1, -1, -1, -1, -1, -1, -1, -1, -1, -1, -1, -1, -1, -1, -1, -1, -1, -1, -1, -1, -1, -1, -1, -1, -1, -1, -1, -1, -1, -1, -1, -1, -1, -1, -1, -1, -1, -1, -1, -1, -1, -1, -1, -1, -1, -1, -1, -1, -1, -1, -1, -1, -1, -1, -1, -1, -1, -1, -1, -1, -1, -1, -1, -1, -1, -1, -1, -1, -1, -1, -1, -1, -1, -1, -1, -1, -1, -1, -1, -1, -1, -1, -1, -1, -1, -1, -1, -1, -1, -1, -1, -1, -1, -1, -1, -1, -1, -1, -1, -1, -1, -1, -1, -1, -1, -1, -1, -1, -1, -1, -1, -1, -1, -1, -1, -1, -1, -1, -1, -1, -1, -1, -1, -1, -1, -1, -1, -1, -1, -1, -1, -1, -1, -1, -1, -1, -1, -1, -1, -1, -1, -1, -1, -1, -1, -1, -1, -1, -1, -1, -1, -1, -1, -1, -1, -1, -1, -1, -1, -1, -1, -1, -1, -1, -1, -1, -1, -1, -1, -1, -1, -1, -1, -1, -1, -1, -1, -1, -1, -1, -1, -1, -1, -1, -1, -1, -1, -1, -1, -1, -1, -1, -1, -1, -1, -1, -1, -1, -1, -1, -1, -1, -1, -1, -1, -1, -1, -1, -1, -1, -1, -1, -1, -1, -1, -1, -1, -1, -1, -1, -1, -1, -1, -1, -1, -1, -1, -1, -1, -1, -1, -1, -1, -1, -1, -1, -1, -1, -1, -1, -1, -1, -1, -1, -1, -1, -1, -1, -1, -1, -1, -1, -1, -1, -1, -1, -1, -1, -1, -1, -1, -1, -1, -1, -1, -1, -1, -1, -1, -1, -1, -1, -1, -1, -1, -1, -1, -1, -1, -1, -1, -1, -1, -1, -1, -1, -1, -1, -1, -1, -1, -1, -1, -1, -1, -1, -1, -1, -1, -1, -1, -1, -1, -1, -1, -1, -1, -1, -1, -1, -1, -1, -1, -1, -1, -1, -1, -1, -1, -1, -1, -1, -1, -1, -1, -1, -1, -1, -1, -1, -1, -1, -1, -1, -1, -1, -1, -1, -1, -1, -1, -1, -1, -1, -1, -1, -1, -1, -1, -1, -1, -1, -1, -1, -1, -1, -1, -1, -1, -1, -1, -1, -1, -1, -1, -1, -1, -1, -1, -1, -1, -1, -1, -1, -1, -1, -1, -1, -1, -1, -1, -1, -1, -1, -1, -1, -1, -1, -1, -1, -1, -1, -1, -1, -1, -1, -1, -1, -1, -1, -1, -1, -1, -1, -1, -1, -1, -1, -1, -1, -1, -1, -1, -1, -1, -1, -1, -1, -1, -1, -1, -1, -1, -1, -1, -1, -1, -1, -1, -1, -1, -1, -1, -1, -1, -1, -1, -1, -1, -1, -1, -1, -1, -1, -1, -1, -1, -1, -1, -1, -1, -1, -1, -1, -1, -1, -1, -1, -1, -1, -1, -1, -1, -1, -1, -1, -1, -1, -1, -1, -1, -1, -1, -1, -1, -1, -1, -1, -1, -1, -1, -1, -1, -1, -1, -1, -1, -1, -1, -1, -1, -1, -1, -1, -1, -1, -1, -1, -1, -1, -1, -1, -1, -1, -1, -1, -1, -1, -1, -1, -1, -1, -1, -1, -1, -1, -1, -1, -1, -1, -1, -1, -1, -1, -1, -1, -1, -1, -1, -1, -1, -1, -1, -1, -1, -1, -1, -1, -1, -1, -1, -1, -1, -1, -1, -1, -1, -1, -1, -1, -1, -1, -1, -1, -1, -1, -1, -1, -1, -1, -1, -1, -1, -1, -1, -1, -1, -1, -1, -1, -1, -1, -1, -1]
copy tag is good, but token inside is wrong
dem
to
das
copy tag is good, but token inside is wrong
den
to
das
copy tag is good, but token inside is wrong
erster
to
ersten
copy tag is good, but token inside is wrong
üblicherweise
to
normalerweise
copy tag is good, but token inside is wrong
dem
to
das
copy tag is good, but token inside is wrong
einer
to
eine
copy tag is good, but token inside is wrong
viele
to
vielen
copy tag is good, but token inside is wrong
einen
to
ein
copy tag is good, but token inside is wrong
zweiter
to
zweiten
copy tag is good, but token inside is wrong
der
to
das
copy tag is good, but token inside is wrong
aber
to
jedoch
copy tag is good, but token inside is wrong
doch
to
jedoch
copy tag is good, but token inside is wrong
einer
to
ein
copy tag is good, but token inside is wrong
einer
to
ein
copy tag is good, but token inside is wrong
der
to
das
copy tag is good, but token inside is wrong
dem
to
das
copy tag is good, but token inside is wrong
der
to
das
copy tag is good, but token inside is wrong
dem
to
das
copy tag is good, but token inside is wrong
dem
to
das
copy tag is good, but token inside is wrong
benutzt
to
verwendet
copy tag is good, but token inside is wrong
dem
to
das
copy tag is good, but token inside is wrong
dem
to
das
copy tag is good, but token inside is wrong
der
to
das
copy tag is good, but token inside is wrong
dem
to
das
copy tag is good, but token inside is wrong
dem
to
das
copy tag is good, but token inside is wrong
einer
to
einen
copy tag is good, but token inside is wrong
umgehend
to
unverzüglich
copy tag is good, but token inside is wrong
der
to
die
copy tag is good, but token inside is wrong
dieser
to
diese
copy tag is good, but token inside is wrong
die
to
das
copy tag is good, but token inside is wrong
schon
to
bereits
copy tag is good, but token inside is wrong
muss
to
müssen
copy tag is good, but token inside is wrong
dem
to
das
copy tag is good, but token inside is wrong
der
to
das
copy tag is good, but token inside is wrong
schon
to
bereits
copy tag is good, but token inside is wrong
der
to
das
copy tag is good, but token inside is wrong
der
to
die
copy tag is good, but token inside is wrong
dem
to
das
copy tag is good, but token inside is wrong
dem
to
das
copy tag is good, but token inside is wrong
einen
to
ein
copy tag is good, but token inside is wrong
der
to
das
copy tag is good, but token inside is wrong
eine
to
ein
copy tag is good, but token inside is wrong
was
to
das
copy tag is good, but token inside is wrong
die
to
das
copy tag is good, but token inside is wrong
der
to
das
copy tag is good, but token inside is wrong
dem
to
das
copy tag is good, but token inside is wrong
erster
to
ersten
copy tag is good, but token inside is wrong
der
to
das
copy tag is good, but token inside is wrong
die
to
das
copy tag is good, but token inside is wrong
die
to
das
copy tag is good, but token inside is wrong
ebenfalls
to
auch
copy tag is good, but token inside is wrong
benutzt
to
verwendet
copy tag is good, but token inside is wrong
der
to
das
copy tag is good, but token inside is wrong
einer
to
eine
copy tag is good, but token inside is wrong
ebenfalls
to
auch
copy tag is good, but token inside is wrong
schon
to
bereits
copy tag is good, but token inside is wrong
dem
to
das
copy tag is good, but token inside is wrong
der
to
das
copy tag is good, but token inside is wrong
dem
to
das
copy tag is good, but token inside is wrong
die
to
das
copy tag is good, but token inside is wrong
erste
to
ersten
copy tag is good, but token inside is wrong
der
to
das
copy tag is good, but token inside is wrong
dem
to
das
copy tag is good, but token inside is wrong
der
to
das
copy tag is good, but token inside is wrong
nahezu
to
fast
copy tag is good, but token inside is wrong
der
to
das
copy tag is good, but token inside is wrong
der
to
das
copy tag is good, but token inside is wrong
einer
to
ein
copy tag is good, but token inside is wrong
den
to
das
copy tag is good, but token inside is wrong
ebenfalls
to
auch
copy tag is good, but token inside is wrong
der
to
das
copy tag is good, but token inside is wrong
der
to
das
copy tag is good, but token inside is wrong
aber
to
jedoch
copy tag is good, but token inside is wrong
einer
to
ein
copy tag is good, but token inside is wrong
die
to
das
copy tag is good, but token inside is wrong
der
to
das
copy tag is good, but token inside is wrong
der
to
das
copy tag is good, but token inside is wrong
schon
to
bereits
copy tag is good, but token inside is wrong
schon
to
bereits
copy tag is good, but token inside is wrong
der
to
das
copy tag is good, but token inside is wrong
der
to
das
copy tag is good, but token inside is wrong
dem
to
das
copy tag is good, but token inside is wrong
der
to
die
copy tag is good, but token inside is wrong
einen
to
ein
copy tag is good, but token inside is wrong
der
to
das
copy tag is good, but token inside is wrong
die
to
das
copy tag is good, but token inside is wrong
der
to
das
copy tag is good, but token inside is wrong
der
to
das
copy tag is good, but token inside is wrong
nahezu
to
fast
copy tag is good, but token inside is wrong
umgehend
to
unverzüglich
copy tag is good, but token inside is wrong
der
to
das
copy tag is good, but token inside is wrong
die
to
das
copy tag is good, but token inside is wrong
der
to
das
copy tag is good, but token inside is wrong
die
to
das
copy tag is good, but token inside is wrong
der
to
das
copy tag is good, but token inside is wrong
der
to
das
copy tag is good, but token inside is wrong
der
to
das
copy tag is good, but token inside is wrong
dem
to
das
copy tag is good, but token inside is wrong
der
to
das
copy tag is good, but token inside is wrong
erste
to
ersten
copy tag is good, but token inside is wrong
benutzt
to
verwendet
copy tag is good, but token inside is wrong
umgehend
to
unverzüglich
copy tag is good, but token inside is wrong
schon
to
bereits
copy tag is good, but token inside is wrong
der
to
das
copy tag is good, but token inside is wrong
der
to
das
copy tag is good, but token inside is wrong
der
to
das
copy tag is good, but token inside is wrong
der
to
das
copy tag is good, but token inside is wrong
die
to
das
copy tag is good, but token inside is wrong
die
to
das
copy tag is good, but token inside is wrong
den
to
das
copy tag is good, but token inside is wrong
häufig
to
oft
copy tag is good, but token inside is wrong
schon
to
bereits
copy tag is good, but token inside is wrong
der
to
das
copy tag is good, but token inside is wrong
einen
to
ein
copy tag is good, but token inside is wrong
nahezu
to
fast
copy tag is good, but token inside is wrong
der
to
das
copy tag is good, but token inside is wrong
der
to
das
copy tag is good, but token inside is wrong
aber
to
jedoch
copy tag is good, but token inside is wrong
ebenfalls
to
auch
copy tag is good, but token inside is wrong
zurzeit
to
derzeit
copy tag is good, but token inside is wrong
einen
to
ein
real result list = 
[1, 1, 1, 1, 5, 1, 1, 1, 1, 1, 1, 1, 1, 5, 1, 1, 1, 1, 2, 1, 1, 1, 1, 5, 1, 1, 1, 1, 1, 1, 1, 1, 1, 1, 1, 1, 5, 1, 1, 1, 1, 1, 1, 1, 2, 1, 1, 1, 1, 1, 1, 5, 1, 1, 1, 1, 1, 1, 1, 2, 1, 2, 1, 1, 1, 1, 1, 1, 2, 1, 1, 1, 2, 1, 1, 1, 1, 1, 1, 1, 1, 1, 1, 2, 1, 1, 1, 1, 5, 1, 2, 2, 1, 1, 1, 1, 1, 1, 1, 1, 1, 1, 1, 1, 1, 1, 1, 1, 2, 1, 5, 1, 1, 1, 1, 1, 1, 1, 1, 2, 1, 1, 1, 1, 2, 1, 1, 1, 1, 1, 1, 1, 5, 1, 1, 1, 1, 1, 1, 2, 1, 1, 1, 1, 1, 1, 1, 1, 1, 1, 5, 1, 1, 2, 1, 1, 5, 1, 1, 1, 1, 1, 1, 1, 1, 1, 1, 1, 1, 1, 1, 1, 1, 1, 1, 1, 1, 1, 1, 1, 1, 1, 1, 2, 1, 1, 1, 1, 2, 1, 1, 1, 1, 1, 1, 1, 1, 1, 1, 1, 1, 1, 1, 1, 1, 1, 1, 1, 1, 1, 1, 1, 1, 1, 1, 1, 1, 1, 1, 1, 1, 1, 1, 1, 1, 1, 5, 1, 2, 1, 5, 5, 1, 1, 1, 1, 1, 5, 1, 1, 1, 1, 1, 1, 1, 1, 1, 1, 1, 1, 1, 1, 1, 1, 1, 1, 1, 1, 1, 1, 1, 1, 1, 1, 1, 1, 2, 1, 1, 1, 1, 1, 1, 1, 1, 1, 1, 1, 1, 2, 2, 1, 1, 1, 2, 1, 1, 1, 1, 1, 1, 1, 1, 1, 1, 1, 1, 1, 1, 1, 1, 2, 1, 1, 1, 1, 1, 1, 1, 1, 2, 1, 1, 1, 1, 1, 1, 2, 2, 1, 1, 1, 1, 1, 1, 5, 1, 1, 1, 1, 1, 1, 1, 1, 1, 1, 2, 2, 1, 1, 1, 1, 1, 1, 1, 2, 2, 1, 1, 5, 5, 1, 1, 1, 1, 1, 1, 1, 1, 1, 1, 1, 1, 1, 1, 5, 2, 1, 1, 1, 1, 2, 1, 1, 1, 2, 1, 1, 1, 2, 1, 1, 1, 1, 1, 1, 1, 1, 1, 1, 1, 2, 1, 1, 1, 1, 1, 1, 1, 2, 1, 1, 1, 1, 1, 1, 1, 1, 1, 1, 2, 1, 1, 1, 1, 1, 2, 1, 1, 1, 2, 1, 1, 1, 1, 1, 5, 1, 1, 1, 2, 1, 1, 1, 2, 1, 1, 1, 1, 1, 1, 1, 1, 1, 1, 1, 1, 1, 1, 1, 1, 1, 1, 1, 1, 1, 1, 1, 1, 2, 1, 1, 1, 1, 2, 1, 1, 1, 1, 1, 5, 1, 1, 1, 1, 1, 1, 1, 5, 1, 1, 1, 1, 1, 1, 1, 1, 1, 1, 1, 2, 1, 1, 5, 1, 1, 1, 1, 1, 1, 1, 5, 1, 1, 1, 1, 1, 1, 1, 1, 1, 1, 1, 2, 2, 1, 1, 1, 2, 1, 1, 1, 2, 1, 1, 1, 1, 5, 1, 1, 1, 1, 1, 1, 1, 1, 1, 1, 1, 1, 1, 1, 1, 2, 1, 1, 1, 1, 1, 1, 1, 1, 1, 1, 1, 1, 1, 1, 1, 1, 1, 2, 1, 1, 1, 1, 1, 5, 2, 5, 1, 1, 1, 2, 1, 1, 1, 1, 1, 1, 1, 1, 1, 1, 1, 1, 1, 2, 1, 5, 1, 1, 1, 1, 1, 1, 1, 2, 1, 1, 1, 1, 1, 1, 2, 2, 5, 1, 1, 1, 1, 2, 1, 1, 1, 2, 2, 1, 1, 1, 1, 1, 2, 1, 2, 1, 1, 1, 1, 2, 2, 2, 1, 1, 1, 1, 1, 1, 2, 2, 1, 1, 2, 1, 2, 1, 1, 1, 1, 1, 1, 2, 1, 1, 1, 1, 1, 1, 1, 1, 1, 1, 1, 1, 1, 1, 1, 1, 2, 1, 1, 1, 1, 1, 1, 1, 1, 1, 1, 1, 1, 1, 1, 1, 1, 1, 1, 1, 1, 1, 1, 1, 1, 1, 1, 1, 2, 1, 1, 1, 1, 1, 1, 1, 1, 5, 1, 1, 5, 1, 1, 5, 5, 1, 1, 1, 1, 1, 1, 1, 2, 1, 2, 1, 1, 1, 1, 2, 1, 1, 1, 1, 1, 1, 1, 5, 1, 1, 1, 1, 1, 1, 1, 1, 1, 1, 1, 1, 1, 1, 1, 1, 5, 1, 1, 1, 1, 1, 1, 1, 1, 1, 1, 1, 1, 1, 1, 1, 1, 1, 1, 1, 1, 1, 1, 1, 1, 2, 1, 1, 1, 1, 1, 1, 2, 1, 2, 2, 2, 1, 1, 1, 2, 1, 1, 5, 1, 1, 1, 1, 1, 1, 1, 1, 2, 1, 1, 1, 1, 1, 1, 1, 1, 1, 1, 5, 1, 1, 1, 1, 1, 1, 2, 1, 5, 2, 1, 2, 5, 1, 1, 1, 1, 1, 1, 1, 1, 1, 1, 1, 1, 1, 1, 1, 5, 5, 1, 1, 1, 1, 2, 5, 1, 1, 1, 1, 2, 1, 2, 1, 1, 1, 1, 1, 2, 1, 1, 1, 1, 1, 1, 1, 1, 1, 1, 1, 1, 1, 1, 1, 1, 1, 1, 1, 1, 1, 1, 1, 1, 1, 1, 1, 1, 1, 1, 2, 2, 1, 1, 1, 1, 1, 1, 1, 1, 1, 1, 2, 1, 1, 1, 1, 1, 5, 1, 1, 1, 1, 1, 2, 1, 1, 1, 2, 1, 1, 2, 1, 1, 1, 1, 1, 1, 1, 1, 1, 1, 1, 1, 1, 1, 1, 1, 1, 1, 1, 1, 1, 1, 1, 1, 1, 1, 1, 1, 1, 1, 1, 1, 2, 1, 1, 2, 1, 1, 2, 1, 1, 1, 1, 1, 1, 1, 1, 1, 1, 1, 2, 1, 1, 1, 1, 1, 2, 2, 1, 1, 1, 1, 1, 1, 1, 1, 1, 1, 1, 1, 1, 2, 1, 5, 2, 5, 1, 1, 1, 2, 2, 1, 1, 1, 1, 1, 1, 1, 1, 1, 1, 2, 1, 1, 1, 1, 1, 1, 1, 1, 1, 1, 1, 1, 2, 1, 1, 2, 2, 1, 2, 1, 1, 1, 1, 1, 1, 1, 1, 1, 1, 1, 1, 1, 1, 1, 2, 1, 1, 2, 1, 1, 1, 5, 1, 1, 1, 1, 1, 2, 1, 1, 1, 1, 1, 1, 1, 1, 1, 1, 1, 5, 1, 5, 1, 1, 1, 1, 1, 1, 2, 2, 1, 2, 1, 5, 1, 2, 1, 1, 2, 5, 1, 2, 1, 1, 1, 1, 1, 1, 1, 1, 2, 1, 1, 1, 1, 1, 1, 5, 2, 2, 1, 1, 1, 1, 1, 1, 2, 1, 1, 1, 1, 5]
correct = 
959
half correct = 
121
false_positive = 
0
false_negative = 
51
ratio_correct = 
0.9495049504950495
finish processing!
