# Translating with checkpoint data/wmt/run/model_step_100000.pt
[2020-12-22 14:58:26,276 INFO] Translating shard 0.
/home/jefhe/anaconda3/envs/opennmt/lib/python3.8/site-packages/onmt/translate/beam_search.py:209: UserWarning: An output with one or more elements was resized since it had shape [1090], which does not match the required output shape [218, 5].This behavior is deprecated, and in a future PyTorch release outputs will not be resized unless they have zero elements. You can explicitly reuse an out tensor t by resizing it, inplace, to zero elements with t.resize_(0). (Triggered internally at  /opt/conda/conda-bld/pytorch_1603729096996/work/aten/src/ATen/native/Resize.cpp:19.)
  torch.mul(self.topk_scores, length_penalty, out=self.topk_log_probs)
/home/jefhe/anaconda3/envs/opennmt/lib/python3.8/site-packages/onmt/translate/beam_search.py:209: UserWarning: An output with one or more elements was resized since it had shape [890], which does not match the required output shape [178, 5].This behavior is deprecated, and in a future PyTorch release outputs will not be resized unless they have zero elements. You can explicitly reuse an out tensor t by resizing it, inplace, to zero elements with t.resize_(0). (Triggered internally at  /opt/conda/conda-bld/pytorch_1603729096996/work/aten/src/ATen/native/Resize.cpp:19.)
  torch.mul(self.topk_scores, length_penalty, out=self.topk_log_probs)
/home/jefhe/anaconda3/envs/opennmt/lib/python3.8/site-packages/onmt/translate/beam_search.py:209: UserWarning: An output with one or more elements was resized since it had shape [1010], which does not match the required output shape [202, 5].This behavior is deprecated, and in a future PyTorch release outputs will not be resized unless they have zero elements. You can explicitly reuse an out tensor t by resizing it, inplace, to zero elements with t.resize_(0). (Triggered internally at  /opt/conda/conda-bld/pytorch_1603729096996/work/aten/src/ATen/native/Resize.cpp:19.)
  torch.mul(self.topk_scores, length_penalty, out=self.topk_log_probs)
/home/jefhe/anaconda3/envs/opennmt/lib/python3.8/site-packages/onmt/translate/beam_search.py:209: UserWarning: An output with one or more elements was resized since it had shape [870], which does not match the required output shape [174, 5].This behavior is deprecated, and in a future PyTorch release outputs will not be resized unless they have zero elements. You can explicitly reuse an out tensor t by resizing it, inplace, to zero elements with t.resize_(0). (Triggered internally at  /opt/conda/conda-bld/pytorch_1603729096996/work/aten/src/ATen/native/Resize.cpp:19.)
  torch.mul(self.topk_scores, length_penalty, out=self.topk_log_probs)
/home/jefhe/anaconda3/envs/opennmt/lib/python3.8/site-packages/onmt/translate/beam_search.py:209: UserWarning: An output with one or more elements was resized since it had shape [795], which does not match the required output shape [159, 5].This behavior is deprecated, and in a future PyTorch release outputs will not be resized unless they have zero elements. You can explicitly reuse an out tensor t by resizing it, inplace, to zero elements with t.resize_(0). (Triggered internally at  /opt/conda/conda-bld/pytorch_1603729096996/work/aten/src/ATen/native/Resize.cpp:19.)
  torch.mul(self.topk_scores, length_penalty, out=self.topk_log_probs)
/home/jefhe/anaconda3/envs/opennmt/lib/python3.8/site-packages/onmt/translate/beam_search.py:209: UserWarning: An output with one or more elements was resized since it had shape [855], which does not match the required output shape [171, 5].This behavior is deprecated, and in a future PyTorch release outputs will not be resized unless they have zero elements. You can explicitly reuse an out tensor t by resizing it, inplace, to zero elements with t.resize_(0). (Triggered internally at  /opt/conda/conda-bld/pytorch_1603729096996/work/aten/src/ATen/native/Resize.cpp:19.)
  torch.mul(self.topk_scores, length_penalty, out=self.topk_log_probs)
[2020-12-22 14:58:48,208 INFO] PRED AVG SCORE: -0.4700, PRED PPL: 1.6001
[2020-12-22 14:58:48,208 INFO] GOLD AVG SCORE: -1.5812, GOLD PPL: 4.8610
# Translating with checkpoint data/wmt/run/model_step_55000.pt
[2020-12-22 14:58:54,354 INFO] Translating shard 0.
/home/jefhe/anaconda3/envs/opennmt/lib/python3.8/site-packages/onmt/translate/beam_search.py:209: UserWarning: An output with one or more elements was resized since it had shape [1090], which does not match the required output shape [218, 5].This behavior is deprecated, and in a future PyTorch release outputs will not be resized unless they have zero elements. You can explicitly reuse an out tensor t by resizing it, inplace, to zero elements with t.resize_(0). (Triggered internally at  /opt/conda/conda-bld/pytorch_1603729096996/work/aten/src/ATen/native/Resize.cpp:19.)
  torch.mul(self.topk_scores, length_penalty, out=self.topk_log_probs)
/home/jefhe/anaconda3/envs/opennmt/lib/python3.8/site-packages/onmt/translate/beam_search.py:209: UserWarning: An output with one or more elements was resized since it had shape [890], which does not match the required output shape [178, 5].This behavior is deprecated, and in a future PyTorch release outputs will not be resized unless they have zero elements. You can explicitly reuse an out tensor t by resizing it, inplace, to zero elements with t.resize_(0). (Triggered internally at  /opt/conda/conda-bld/pytorch_1603729096996/work/aten/src/ATen/native/Resize.cpp:19.)
  torch.mul(self.topk_scores, length_penalty, out=self.topk_log_probs)
/home/jefhe/anaconda3/envs/opennmt/lib/python3.8/site-packages/onmt/translate/beam_search.py:209: UserWarning: An output with one or more elements was resized since it had shape [1010], which does not match the required output shape [202, 5].This behavior is deprecated, and in a future PyTorch release outputs will not be resized unless they have zero elements. You can explicitly reuse an out tensor t by resizing it, inplace, to zero elements with t.resize_(0). (Triggered internally at  /opt/conda/conda-bld/pytorch_1603729096996/work/aten/src/ATen/native/Resize.cpp:19.)
  torch.mul(self.topk_scores, length_penalty, out=self.topk_log_probs)
/home/jefhe/anaconda3/envs/opennmt/lib/python3.8/site-packages/onmt/translate/beam_search.py:209: UserWarning: An output with one or more elements was resized since it had shape [870], which does not match the required output shape [174, 5].This behavior is deprecated, and in a future PyTorch release outputs will not be resized unless they have zero elements. You can explicitly reuse an out tensor t by resizing it, inplace, to zero elements with t.resize_(0). (Triggered internally at  /opt/conda/conda-bld/pytorch_1603729096996/work/aten/src/ATen/native/Resize.cpp:19.)
  torch.mul(self.topk_scores, length_penalty, out=self.topk_log_probs)
/home/jefhe/anaconda3/envs/opennmt/lib/python3.8/site-packages/onmt/translate/beam_search.py:209: UserWarning: An output with one or more elements was resized since it had shape [795], which does not match the required output shape [159, 5].This behavior is deprecated, and in a future PyTorch release outputs will not be resized unless they have zero elements. You can explicitly reuse an out tensor t by resizing it, inplace, to zero elements with t.resize_(0). (Triggered internally at  /opt/conda/conda-bld/pytorch_1603729096996/work/aten/src/ATen/native/Resize.cpp:19.)
  torch.mul(self.topk_scores, length_penalty, out=self.topk_log_probs)
/home/jefhe/anaconda3/envs/opennmt/lib/python3.8/site-packages/onmt/translate/beam_search.py:209: UserWarning: An output with one or more elements was resized since it had shape [855], which does not match the required output shape [171, 5].This behavior is deprecated, and in a future PyTorch release outputs will not be resized unless they have zero elements. You can explicitly reuse an out tensor t by resizing it, inplace, to zero elements with t.resize_(0). (Triggered internally at  /opt/conda/conda-bld/pytorch_1603729096996/work/aten/src/ATen/native/Resize.cpp:19.)
  torch.mul(self.topk_scores, length_penalty, out=self.topk_log_probs)
[2020-12-22 14:59:15,398 INFO] PRED AVG SCORE: -0.4958, PRED PPL: 1.6419
[2020-12-22 14:59:15,398 INFO] GOLD AVG SCORE: -1.6318, GOLD PPL: 5.1129
# Translating with checkpoint data/wmt/run/model_step_60000.pt
[2020-12-22 14:59:21,590 INFO] Translating shard 0.
/home/jefhe/anaconda3/envs/opennmt/lib/python3.8/site-packages/onmt/translate/beam_search.py:209: UserWarning: An output with one or more elements was resized since it had shape [1090], which does not match the required output shape [218, 5].This behavior is deprecated, and in a future PyTorch release outputs will not be resized unless they have zero elements. You can explicitly reuse an out tensor t by resizing it, inplace, to zero elements with t.resize_(0). (Triggered internally at  /opt/conda/conda-bld/pytorch_1603729096996/work/aten/src/ATen/native/Resize.cpp:19.)
  torch.mul(self.topk_scores, length_penalty, out=self.topk_log_probs)
/home/jefhe/anaconda3/envs/opennmt/lib/python3.8/site-packages/onmt/translate/beam_search.py:209: UserWarning: An output with one or more elements was resized since it had shape [890], which does not match the required output shape [178, 5].This behavior is deprecated, and in a future PyTorch release outputs will not be resized unless they have zero elements. You can explicitly reuse an out tensor t by resizing it, inplace, to zero elements with t.resize_(0). (Triggered internally at  /opt/conda/conda-bld/pytorch_1603729096996/work/aten/src/ATen/native/Resize.cpp:19.)
  torch.mul(self.topk_scores, length_penalty, out=self.topk_log_probs)
/home/jefhe/anaconda3/envs/opennmt/lib/python3.8/site-packages/onmt/translate/beam_search.py:209: UserWarning: An output with one or more elements was resized since it had shape [1010], which does not match the required output shape [202, 5].This behavior is deprecated, and in a future PyTorch release outputs will not be resized unless they have zero elements. You can explicitly reuse an out tensor t by resizing it, inplace, to zero elements with t.resize_(0). (Triggered internally at  /opt/conda/conda-bld/pytorch_1603729096996/work/aten/src/ATen/native/Resize.cpp:19.)
  torch.mul(self.topk_scores, length_penalty, out=self.topk_log_probs)
/home/jefhe/anaconda3/envs/opennmt/lib/python3.8/site-packages/onmt/translate/beam_search.py:209: UserWarning: An output with one or more elements was resized since it had shape [870], which does not match the required output shape [174, 5].This behavior is deprecated, and in a future PyTorch release outputs will not be resized unless they have zero elements. You can explicitly reuse an out tensor t by resizing it, inplace, to zero elements with t.resize_(0). (Triggered internally at  /opt/conda/conda-bld/pytorch_1603729096996/work/aten/src/ATen/native/Resize.cpp:19.)
  torch.mul(self.topk_scores, length_penalty, out=self.topk_log_probs)
/home/jefhe/anaconda3/envs/opennmt/lib/python3.8/site-packages/onmt/translate/beam_search.py:209: UserWarning: An output with one or more elements was resized since it had shape [795], which does not match the required output shape [159, 5].This behavior is deprecated, and in a future PyTorch release outputs will not be resized unless they have zero elements. You can explicitly reuse an out tensor t by resizing it, inplace, to zero elements with t.resize_(0). (Triggered internally at  /opt/conda/conda-bld/pytorch_1603729096996/work/aten/src/ATen/native/Resize.cpp:19.)
  torch.mul(self.topk_scores, length_penalty, out=self.topk_log_probs)
/home/jefhe/anaconda3/envs/opennmt/lib/python3.8/site-packages/onmt/translate/beam_search.py:209: UserWarning: An output with one or more elements was resized since it had shape [855], which does not match the required output shape [171, 5].This behavior is deprecated, and in a future PyTorch release outputs will not be resized unless they have zero elements. You can explicitly reuse an out tensor t by resizing it, inplace, to zero elements with t.resize_(0). (Triggered internally at  /opt/conda/conda-bld/pytorch_1603729096996/work/aten/src/ATen/native/Resize.cpp:19.)
  torch.mul(self.topk_scores, length_penalty, out=self.topk_log_probs)
[2020-12-22 14:59:43,047 INFO] PRED AVG SCORE: -0.4882, PRED PPL: 1.6294
[2020-12-22 14:59:43,047 INFO] GOLD AVG SCORE: -1.6276, GOLD PPL: 5.0915
# Translating with checkpoint data/wmt/run/model_step_65000.pt
[2020-12-22 14:59:49,111 INFO] Translating shard 0.
/home/jefhe/anaconda3/envs/opennmt/lib/python3.8/site-packages/onmt/translate/beam_search.py:209: UserWarning: An output with one or more elements was resized since it had shape [1090], which does not match the required output shape [218, 5].This behavior is deprecated, and in a future PyTorch release outputs will not be resized unless they have zero elements. You can explicitly reuse an out tensor t by resizing it, inplace, to zero elements with t.resize_(0). (Triggered internally at  /opt/conda/conda-bld/pytorch_1603729096996/work/aten/src/ATen/native/Resize.cpp:19.)
  torch.mul(self.topk_scores, length_penalty, out=self.topk_log_probs)
/home/jefhe/anaconda3/envs/opennmt/lib/python3.8/site-packages/onmt/translate/beam_search.py:209: UserWarning: An output with one or more elements was resized since it had shape [890], which does not match the required output shape [178, 5].This behavior is deprecated, and in a future PyTorch release outputs will not be resized unless they have zero elements. You can explicitly reuse an out tensor t by resizing it, inplace, to zero elements with t.resize_(0). (Triggered internally at  /opt/conda/conda-bld/pytorch_1603729096996/work/aten/src/ATen/native/Resize.cpp:19.)
  torch.mul(self.topk_scores, length_penalty, out=self.topk_log_probs)
/home/jefhe/anaconda3/envs/opennmt/lib/python3.8/site-packages/onmt/translate/beam_search.py:209: UserWarning: An output with one or more elements was resized since it had shape [1010], which does not match the required output shape [202, 5].This behavior is deprecated, and in a future PyTorch release outputs will not be resized unless they have zero elements. You can explicitly reuse an out tensor t by resizing it, inplace, to zero elements with t.resize_(0). (Triggered internally at  /opt/conda/conda-bld/pytorch_1603729096996/work/aten/src/ATen/native/Resize.cpp:19.)
  torch.mul(self.topk_scores, length_penalty, out=self.topk_log_probs)
/home/jefhe/anaconda3/envs/opennmt/lib/python3.8/site-packages/onmt/translate/beam_search.py:209: UserWarning: An output with one or more elements was resized since it had shape [870], which does not match the required output shape [174, 5].This behavior is deprecated, and in a future PyTorch release outputs will not be resized unless they have zero elements. You can explicitly reuse an out tensor t by resizing it, inplace, to zero elements with t.resize_(0). (Triggered internally at  /opt/conda/conda-bld/pytorch_1603729096996/work/aten/src/ATen/native/Resize.cpp:19.)
  torch.mul(self.topk_scores, length_penalty, out=self.topk_log_probs)
/home/jefhe/anaconda3/envs/opennmt/lib/python3.8/site-packages/onmt/translate/beam_search.py:209: UserWarning: An output with one or more elements was resized since it had shape [795], which does not match the required output shape [159, 5].This behavior is deprecated, and in a future PyTorch release outputs will not be resized unless they have zero elements. You can explicitly reuse an out tensor t by resizing it, inplace, to zero elements with t.resize_(0). (Triggered internally at  /opt/conda/conda-bld/pytorch_1603729096996/work/aten/src/ATen/native/Resize.cpp:19.)
  torch.mul(self.topk_scores, length_penalty, out=self.topk_log_probs)
/home/jefhe/anaconda3/envs/opennmt/lib/python3.8/site-packages/onmt/translate/beam_search.py:209: UserWarning: An output with one or more elements was resized since it had shape [855], which does not match the required output shape [171, 5].This behavior is deprecated, and in a future PyTorch release outputs will not be resized unless they have zero elements. You can explicitly reuse an out tensor t by resizing it, inplace, to zero elements with t.resize_(0). (Triggered internally at  /opt/conda/conda-bld/pytorch_1603729096996/work/aten/src/ATen/native/Resize.cpp:19.)
  torch.mul(self.topk_scores, length_penalty, out=self.topk_log_probs)
[2020-12-22 15:00:09,331 INFO] PRED AVG SCORE: -0.4970, PRED PPL: 1.6437
[2020-12-22 15:00:09,331 INFO] GOLD AVG SCORE: -1.6098, GOLD PPL: 5.0019
# Translating with checkpoint data/wmt/run/model_step_70000.pt
[2020-12-22 15:00:15,512 INFO] Translating shard 0.
/home/jefhe/anaconda3/envs/opennmt/lib/python3.8/site-packages/onmt/translate/beam_search.py:209: UserWarning: An output with one or more elements was resized since it had shape [1090], which does not match the required output shape [218, 5].This behavior is deprecated, and in a future PyTorch release outputs will not be resized unless they have zero elements. You can explicitly reuse an out tensor t by resizing it, inplace, to zero elements with t.resize_(0). (Triggered internally at  /opt/conda/conda-bld/pytorch_1603729096996/work/aten/src/ATen/native/Resize.cpp:19.)
  torch.mul(self.topk_scores, length_penalty, out=self.topk_log_probs)
/home/jefhe/anaconda3/envs/opennmt/lib/python3.8/site-packages/onmt/translate/beam_search.py:209: UserWarning: An output with one or more elements was resized since it had shape [890], which does not match the required output shape [178, 5].This behavior is deprecated, and in a future PyTorch release outputs will not be resized unless they have zero elements. You can explicitly reuse an out tensor t by resizing it, inplace, to zero elements with t.resize_(0). (Triggered internally at  /opt/conda/conda-bld/pytorch_1603729096996/work/aten/src/ATen/native/Resize.cpp:19.)
  torch.mul(self.topk_scores, length_penalty, out=self.topk_log_probs)
/home/jefhe/anaconda3/envs/opennmt/lib/python3.8/site-packages/onmt/translate/beam_search.py:209: UserWarning: An output with one or more elements was resized since it had shape [1010], which does not match the required output shape [202, 5].This behavior is deprecated, and in a future PyTorch release outputs will not be resized unless they have zero elements. You can explicitly reuse an out tensor t by resizing it, inplace, to zero elements with t.resize_(0). (Triggered internally at  /opt/conda/conda-bld/pytorch_1603729096996/work/aten/src/ATen/native/Resize.cpp:19.)
  torch.mul(self.topk_scores, length_penalty, out=self.topk_log_probs)
/home/jefhe/anaconda3/envs/opennmt/lib/python3.8/site-packages/onmt/translate/beam_search.py:209: UserWarning: An output with one or more elements was resized since it had shape [870], which does not match the required output shape [174, 5].This behavior is deprecated, and in a future PyTorch release outputs will not be resized unless they have zero elements. You can explicitly reuse an out tensor t by resizing it, inplace, to zero elements with t.resize_(0). (Triggered internally at  /opt/conda/conda-bld/pytorch_1603729096996/work/aten/src/ATen/native/Resize.cpp:19.)
  torch.mul(self.topk_scores, length_penalty, out=self.topk_log_probs)
/home/jefhe/anaconda3/envs/opennmt/lib/python3.8/site-packages/onmt/translate/beam_search.py:209: UserWarning: An output with one or more elements was resized since it had shape [795], which does not match the required output shape [159, 5].This behavior is deprecated, and in a future PyTorch release outputs will not be resized unless they have zero elements. You can explicitly reuse an out tensor t by resizing it, inplace, to zero elements with t.resize_(0). (Triggered internally at  /opt/conda/conda-bld/pytorch_1603729096996/work/aten/src/ATen/native/Resize.cpp:19.)
  torch.mul(self.topk_scores, length_penalty, out=self.topk_log_probs)
/home/jefhe/anaconda3/envs/opennmt/lib/python3.8/site-packages/onmt/translate/beam_search.py:209: UserWarning: An output with one or more elements was resized since it had shape [855], which does not match the required output shape [171, 5].This behavior is deprecated, and in a future PyTorch release outputs will not be resized unless they have zero elements. You can explicitly reuse an out tensor t by resizing it, inplace, to zero elements with t.resize_(0). (Triggered internally at  /opt/conda/conda-bld/pytorch_1603729096996/work/aten/src/ATen/native/Resize.cpp:19.)
  torch.mul(self.topk_scores, length_penalty, out=self.topk_log_probs)
[2020-12-22 15:00:35,807 INFO] PRED AVG SCORE: -0.4857, PRED PPL: 1.6254
[2020-12-22 15:00:35,808 INFO] GOLD AVG SCORE: -1.6075, GOLD PPL: 4.9903
# Translating with checkpoint data/wmt/run/model_step_75000.pt
[2020-12-22 15:00:41,834 INFO] Translating shard 0.
/home/jefhe/anaconda3/envs/opennmt/lib/python3.8/site-packages/onmt/translate/beam_search.py:209: UserWarning: An output with one or more elements was resized since it had shape [1090], which does not match the required output shape [218, 5].This behavior is deprecated, and in a future PyTorch release outputs will not be resized unless they have zero elements. You can explicitly reuse an out tensor t by resizing it, inplace, to zero elements with t.resize_(0). (Triggered internally at  /opt/conda/conda-bld/pytorch_1603729096996/work/aten/src/ATen/native/Resize.cpp:19.)
  torch.mul(self.topk_scores, length_penalty, out=self.topk_log_probs)
/home/jefhe/anaconda3/envs/opennmt/lib/python3.8/site-packages/onmt/translate/beam_search.py:209: UserWarning: An output with one or more elements was resized since it had shape [890], which does not match the required output shape [178, 5].This behavior is deprecated, and in a future PyTorch release outputs will not be resized unless they have zero elements. You can explicitly reuse an out tensor t by resizing it, inplace, to zero elements with t.resize_(0). (Triggered internally at  /opt/conda/conda-bld/pytorch_1603729096996/work/aten/src/ATen/native/Resize.cpp:19.)
  torch.mul(self.topk_scores, length_penalty, out=self.topk_log_probs)
/home/jefhe/anaconda3/envs/opennmt/lib/python3.8/site-packages/onmt/translate/beam_search.py:209: UserWarning: An output with one or more elements was resized since it had shape [1010], which does not match the required output shape [202, 5].This behavior is deprecated, and in a future PyTorch release outputs will not be resized unless they have zero elements. You can explicitly reuse an out tensor t by resizing it, inplace, to zero elements with t.resize_(0). (Triggered internally at  /opt/conda/conda-bld/pytorch_1603729096996/work/aten/src/ATen/native/Resize.cpp:19.)
  torch.mul(self.topk_scores, length_penalty, out=self.topk_log_probs)
/home/jefhe/anaconda3/envs/opennmt/lib/python3.8/site-packages/onmt/translate/beam_search.py:209: UserWarning: An output with one or more elements was resized since it had shape [870], which does not match the required output shape [174, 5].This behavior is deprecated, and in a future PyTorch release outputs will not be resized unless they have zero elements. You can explicitly reuse an out tensor t by resizing it, inplace, to zero elements with t.resize_(0). (Triggered internally at  /opt/conda/conda-bld/pytorch_1603729096996/work/aten/src/ATen/native/Resize.cpp:19.)
  torch.mul(self.topk_scores, length_penalty, out=self.topk_log_probs)
/home/jefhe/anaconda3/envs/opennmt/lib/python3.8/site-packages/onmt/translate/beam_search.py:209: UserWarning: An output with one or more elements was resized since it had shape [795], which does not match the required output shape [159, 5].This behavior is deprecated, and in a future PyTorch release outputs will not be resized unless they have zero elements. You can explicitly reuse an out tensor t by resizing it, inplace, to zero elements with t.resize_(0). (Triggered internally at  /opt/conda/conda-bld/pytorch_1603729096996/work/aten/src/ATen/native/Resize.cpp:19.)
  torch.mul(self.topk_scores, length_penalty, out=self.topk_log_probs)
/home/jefhe/anaconda3/envs/opennmt/lib/python3.8/site-packages/onmt/translate/beam_search.py:209: UserWarning: An output with one or more elements was resized since it had shape [855], which does not match the required output shape [171, 5].This behavior is deprecated, and in a future PyTorch release outputs will not be resized unless they have zero elements. You can explicitly reuse an out tensor t by resizing it, inplace, to zero elements with t.resize_(0). (Triggered internally at  /opt/conda/conda-bld/pytorch_1603729096996/work/aten/src/ATen/native/Resize.cpp:19.)
  torch.mul(self.topk_scores, length_penalty, out=self.topk_log_probs)
[2020-12-22 15:01:03,063 INFO] PRED AVG SCORE: -0.4883, PRED PPL: 1.6295
[2020-12-22 15:01:03,063 INFO] GOLD AVG SCORE: -1.5996, GOLD PPL: 4.9509
# Translating with checkpoint data/wmt/run/model_step_80000.pt
[2020-12-22 15:01:09,061 INFO] Translating shard 0.
/home/jefhe/anaconda3/envs/opennmt/lib/python3.8/site-packages/onmt/translate/beam_search.py:209: UserWarning: An output with one or more elements was resized since it had shape [1090], which does not match the required output shape [218, 5].This behavior is deprecated, and in a future PyTorch release outputs will not be resized unless they have zero elements. You can explicitly reuse an out tensor t by resizing it, inplace, to zero elements with t.resize_(0). (Triggered internally at  /opt/conda/conda-bld/pytorch_1603729096996/work/aten/src/ATen/native/Resize.cpp:19.)
  torch.mul(self.topk_scores, length_penalty, out=self.topk_log_probs)
/home/jefhe/anaconda3/envs/opennmt/lib/python3.8/site-packages/onmt/translate/beam_search.py:209: UserWarning: An output with one or more elements was resized since it had shape [890], which does not match the required output shape [178, 5].This behavior is deprecated, and in a future PyTorch release outputs will not be resized unless they have zero elements. You can explicitly reuse an out tensor t by resizing it, inplace, to zero elements with t.resize_(0). (Triggered internally at  /opt/conda/conda-bld/pytorch_1603729096996/work/aten/src/ATen/native/Resize.cpp:19.)
  torch.mul(self.topk_scores, length_penalty, out=self.topk_log_probs)
/home/jefhe/anaconda3/envs/opennmt/lib/python3.8/site-packages/onmt/translate/beam_search.py:209: UserWarning: An output with one or more elements was resized since it had shape [1010], which does not match the required output shape [202, 5].This behavior is deprecated, and in a future PyTorch release outputs will not be resized unless they have zero elements. You can explicitly reuse an out tensor t by resizing it, inplace, to zero elements with t.resize_(0). (Triggered internally at  /opt/conda/conda-bld/pytorch_1603729096996/work/aten/src/ATen/native/Resize.cpp:19.)
  torch.mul(self.topk_scores, length_penalty, out=self.topk_log_probs)
/home/jefhe/anaconda3/envs/opennmt/lib/python3.8/site-packages/onmt/translate/beam_search.py:209: UserWarning: An output with one or more elements was resized since it had shape [870], which does not match the required output shape [174, 5].This behavior is deprecated, and in a future PyTorch release outputs will not be resized unless they have zero elements. You can explicitly reuse an out tensor t by resizing it, inplace, to zero elements with t.resize_(0). (Triggered internally at  /opt/conda/conda-bld/pytorch_1603729096996/work/aten/src/ATen/native/Resize.cpp:19.)
  torch.mul(self.topk_scores, length_penalty, out=self.topk_log_probs)
/home/jefhe/anaconda3/envs/opennmt/lib/python3.8/site-packages/onmt/translate/beam_search.py:209: UserWarning: An output with one or more elements was resized since it had shape [795], which does not match the required output shape [159, 5].This behavior is deprecated, and in a future PyTorch release outputs will not be resized unless they have zero elements. You can explicitly reuse an out tensor t by resizing it, inplace, to zero elements with t.resize_(0). (Triggered internally at  /opt/conda/conda-bld/pytorch_1603729096996/work/aten/src/ATen/native/Resize.cpp:19.)
  torch.mul(self.topk_scores, length_penalty, out=self.topk_log_probs)
/home/jefhe/anaconda3/envs/opennmt/lib/python3.8/site-packages/onmt/translate/beam_search.py:209: UserWarning: An output with one or more elements was resized since it had shape [855], which does not match the required output shape [171, 5].This behavior is deprecated, and in a future PyTorch release outputs will not be resized unless they have zero elements. You can explicitly reuse an out tensor t by resizing it, inplace, to zero elements with t.resize_(0). (Triggered internally at  /opt/conda/conda-bld/pytorch_1603729096996/work/aten/src/ATen/native/Resize.cpp:19.)
  torch.mul(self.topk_scores, length_penalty, out=self.topk_log_probs)
[2020-12-22 15:01:30,330 INFO] PRED AVG SCORE: -0.4811, PRED PPL: 1.6178
[2020-12-22 15:01:30,330 INFO] GOLD AVG SCORE: -1.6024, GOLD PPL: 4.9651
# Translating with checkpoint data/wmt/run/model_step_85000.pt
[2020-12-22 15:01:36,357 INFO] Translating shard 0.
/home/jefhe/anaconda3/envs/opennmt/lib/python3.8/site-packages/onmt/translate/beam_search.py:209: UserWarning: An output with one or more elements was resized since it had shape [1090], which does not match the required output shape [218, 5].This behavior is deprecated, and in a future PyTorch release outputs will not be resized unless they have zero elements. You can explicitly reuse an out tensor t by resizing it, inplace, to zero elements with t.resize_(0). (Triggered internally at  /opt/conda/conda-bld/pytorch_1603729096996/work/aten/src/ATen/native/Resize.cpp:19.)
  torch.mul(self.topk_scores, length_penalty, out=self.topk_log_probs)
/home/jefhe/anaconda3/envs/opennmt/lib/python3.8/site-packages/onmt/translate/beam_search.py:209: UserWarning: An output with one or more elements was resized since it had shape [890], which does not match the required output shape [178, 5].This behavior is deprecated, and in a future PyTorch release outputs will not be resized unless they have zero elements. You can explicitly reuse an out tensor t by resizing it, inplace, to zero elements with t.resize_(0). (Triggered internally at  /opt/conda/conda-bld/pytorch_1603729096996/work/aten/src/ATen/native/Resize.cpp:19.)
  torch.mul(self.topk_scores, length_penalty, out=self.topk_log_probs)
/home/jefhe/anaconda3/envs/opennmt/lib/python3.8/site-packages/onmt/translate/beam_search.py:209: UserWarning: An output with one or more elements was resized since it had shape [1010], which does not match the required output shape [202, 5].This behavior is deprecated, and in a future PyTorch release outputs will not be resized unless they have zero elements. You can explicitly reuse an out tensor t by resizing it, inplace, to zero elements with t.resize_(0). (Triggered internally at  /opt/conda/conda-bld/pytorch_1603729096996/work/aten/src/ATen/native/Resize.cpp:19.)
  torch.mul(self.topk_scores, length_penalty, out=self.topk_log_probs)
/home/jefhe/anaconda3/envs/opennmt/lib/python3.8/site-packages/onmt/translate/beam_search.py:209: UserWarning: An output with one or more elements was resized since it had shape [870], which does not match the required output shape [174, 5].This behavior is deprecated, and in a future PyTorch release outputs will not be resized unless they have zero elements. You can explicitly reuse an out tensor t by resizing it, inplace, to zero elements with t.resize_(0). (Triggered internally at  /opt/conda/conda-bld/pytorch_1603729096996/work/aten/src/ATen/native/Resize.cpp:19.)
  torch.mul(self.topk_scores, length_penalty, out=self.topk_log_probs)
/home/jefhe/anaconda3/envs/opennmt/lib/python3.8/site-packages/onmt/translate/beam_search.py:209: UserWarning: An output with one or more elements was resized since it had shape [795], which does not match the required output shape [159, 5].This behavior is deprecated, and in a future PyTorch release outputs will not be resized unless they have zero elements. You can explicitly reuse an out tensor t by resizing it, inplace, to zero elements with t.resize_(0). (Triggered internally at  /opt/conda/conda-bld/pytorch_1603729096996/work/aten/src/ATen/native/Resize.cpp:19.)
  torch.mul(self.topk_scores, length_penalty, out=self.topk_log_probs)
/home/jefhe/anaconda3/envs/opennmt/lib/python3.8/site-packages/onmt/translate/beam_search.py:209: UserWarning: An output with one or more elements was resized since it had shape [855], which does not match the required output shape [171, 5].This behavior is deprecated, and in a future PyTorch release outputs will not be resized unless they have zero elements. You can explicitly reuse an out tensor t by resizing it, inplace, to zero elements with t.resize_(0). (Triggered internally at  /opt/conda/conda-bld/pytorch_1603729096996/work/aten/src/ATen/native/Resize.cpp:19.)
  torch.mul(self.topk_scores, length_penalty, out=self.topk_log_probs)
[2020-12-22 15:01:56,835 INFO] PRED AVG SCORE: -0.4927, PRED PPL: 1.6367
[2020-12-22 15:01:56,835 INFO] GOLD AVG SCORE: -1.5882, GOLD PPL: 4.8949
# Translating with checkpoint data/wmt/run/model_step_90000.pt
[2020-12-22 15:02:03,211 INFO] Translating shard 0.
/home/jefhe/anaconda3/envs/opennmt/lib/python3.8/site-packages/onmt/translate/beam_search.py:209: UserWarning: An output with one or more elements was resized since it had shape [1090], which does not match the required output shape [218, 5].This behavior is deprecated, and in a future PyTorch release outputs will not be resized unless they have zero elements. You can explicitly reuse an out tensor t by resizing it, inplace, to zero elements with t.resize_(0). (Triggered internally at  /opt/conda/conda-bld/pytorch_1603729096996/work/aten/src/ATen/native/Resize.cpp:19.)
  torch.mul(self.topk_scores, length_penalty, out=self.topk_log_probs)
/home/jefhe/anaconda3/envs/opennmt/lib/python3.8/site-packages/onmt/translate/beam_search.py:209: UserWarning: An output with one or more elements was resized since it had shape [890], which does not match the required output shape [178, 5].This behavior is deprecated, and in a future PyTorch release outputs will not be resized unless they have zero elements. You can explicitly reuse an out tensor t by resizing it, inplace, to zero elements with t.resize_(0). (Triggered internally at  /opt/conda/conda-bld/pytorch_1603729096996/work/aten/src/ATen/native/Resize.cpp:19.)
  torch.mul(self.topk_scores, length_penalty, out=self.topk_log_probs)
/home/jefhe/anaconda3/envs/opennmt/lib/python3.8/site-packages/onmt/translate/beam_search.py:209: UserWarning: An output with one or more elements was resized since it had shape [1010], which does not match the required output shape [202, 5].This behavior is deprecated, and in a future PyTorch release outputs will not be resized unless they have zero elements. You can explicitly reuse an out tensor t by resizing it, inplace, to zero elements with t.resize_(0). (Triggered internally at  /opt/conda/conda-bld/pytorch_1603729096996/work/aten/src/ATen/native/Resize.cpp:19.)
  torch.mul(self.topk_scores, length_penalty, out=self.topk_log_probs)
/home/jefhe/anaconda3/envs/opennmt/lib/python3.8/site-packages/onmt/translate/beam_search.py:209: UserWarning: An output with one or more elements was resized since it had shape [870], which does not match the required output shape [174, 5].This behavior is deprecated, and in a future PyTorch release outputs will not be resized unless they have zero elements. You can explicitly reuse an out tensor t by resizing it, inplace, to zero elements with t.resize_(0). (Triggered internally at  /opt/conda/conda-bld/pytorch_1603729096996/work/aten/src/ATen/native/Resize.cpp:19.)
  torch.mul(self.topk_scores, length_penalty, out=self.topk_log_probs)
/home/jefhe/anaconda3/envs/opennmt/lib/python3.8/site-packages/onmt/translate/beam_search.py:209: UserWarning: An output with one or more elements was resized since it had shape [795], which does not match the required output shape [159, 5].This behavior is deprecated, and in a future PyTorch release outputs will not be resized unless they have zero elements. You can explicitly reuse an out tensor t by resizing it, inplace, to zero elements with t.resize_(0). (Triggered internally at  /opt/conda/conda-bld/pytorch_1603729096996/work/aten/src/ATen/native/Resize.cpp:19.)
  torch.mul(self.topk_scores, length_penalty, out=self.topk_log_probs)
/home/jefhe/anaconda3/envs/opennmt/lib/python3.8/site-packages/onmt/translate/beam_search.py:209: UserWarning: An output with one or more elements was resized since it had shape [855], which does not match the required output shape [171, 5].This behavior is deprecated, and in a future PyTorch release outputs will not be resized unless they have zero elements. You can explicitly reuse an out tensor t by resizing it, inplace, to zero elements with t.resize_(0). (Triggered internally at  /opt/conda/conda-bld/pytorch_1603729096996/work/aten/src/ATen/native/Resize.cpp:19.)
  torch.mul(self.topk_scores, length_penalty, out=self.topk_log_probs)
[2020-12-22 15:02:24,673 INFO] PRED AVG SCORE: -0.4812, PRED PPL: 1.6180
[2020-12-22 15:02:24,673 INFO] GOLD AVG SCORE: -1.5862, GOLD PPL: 4.8854
# Translating with checkpoint data/wmt/run/model_step_95000.pt
[2020-12-22 15:02:30,503 INFO] Translating shard 0.
/home/jefhe/anaconda3/envs/opennmt/lib/python3.8/site-packages/onmt/translate/beam_search.py:209: UserWarning: An output with one or more elements was resized since it had shape [1090], which does not match the required output shape [218, 5].This behavior is deprecated, and in a future PyTorch release outputs will not be resized unless they have zero elements. You can explicitly reuse an out tensor t by resizing it, inplace, to zero elements with t.resize_(0). (Triggered internally at  /opt/conda/conda-bld/pytorch_1603729096996/work/aten/src/ATen/native/Resize.cpp:19.)
  torch.mul(self.topk_scores, length_penalty, out=self.topk_log_probs)
/home/jefhe/anaconda3/envs/opennmt/lib/python3.8/site-packages/onmt/translate/beam_search.py:209: UserWarning: An output with one or more elements was resized since it had shape [890], which does not match the required output shape [178, 5].This behavior is deprecated, and in a future PyTorch release outputs will not be resized unless they have zero elements. You can explicitly reuse an out tensor t by resizing it, inplace, to zero elements with t.resize_(0). (Triggered internally at  /opt/conda/conda-bld/pytorch_1603729096996/work/aten/src/ATen/native/Resize.cpp:19.)
  torch.mul(self.topk_scores, length_penalty, out=self.topk_log_probs)
/home/jefhe/anaconda3/envs/opennmt/lib/python3.8/site-packages/onmt/translate/beam_search.py:209: UserWarning: An output with one or more elements was resized since it had shape [1010], which does not match the required output shape [202, 5].This behavior is deprecated, and in a future PyTorch release outputs will not be resized unless they have zero elements. You can explicitly reuse an out tensor t by resizing it, inplace, to zero elements with t.resize_(0). (Triggered internally at  /opt/conda/conda-bld/pytorch_1603729096996/work/aten/src/ATen/native/Resize.cpp:19.)
  torch.mul(self.topk_scores, length_penalty, out=self.topk_log_probs)
/home/jefhe/anaconda3/envs/opennmt/lib/python3.8/site-packages/onmt/translate/beam_search.py:209: UserWarning: An output with one or more elements was resized since it had shape [870], which does not match the required output shape [174, 5].This behavior is deprecated, and in a future PyTorch release outputs will not be resized unless they have zero elements. You can explicitly reuse an out tensor t by resizing it, inplace, to zero elements with t.resize_(0). (Triggered internally at  /opt/conda/conda-bld/pytorch_1603729096996/work/aten/src/ATen/native/Resize.cpp:19.)
  torch.mul(self.topk_scores, length_penalty, out=self.topk_log_probs)
/home/jefhe/anaconda3/envs/opennmt/lib/python3.8/site-packages/onmt/translate/beam_search.py:209: UserWarning: An output with one or more elements was resized since it had shape [795], which does not match the required output shape [159, 5].This behavior is deprecated, and in a future PyTorch release outputs will not be resized unless they have zero elements. You can explicitly reuse an out tensor t by resizing it, inplace, to zero elements with t.resize_(0). (Triggered internally at  /opt/conda/conda-bld/pytorch_1603729096996/work/aten/src/ATen/native/Resize.cpp:19.)
  torch.mul(self.topk_scores, length_penalty, out=self.topk_log_probs)
/home/jefhe/anaconda3/envs/opennmt/lib/python3.8/site-packages/onmt/translate/beam_search.py:209: UserWarning: An output with one or more elements was resized since it had shape [855], which does not match the required output shape [171, 5].This behavior is deprecated, and in a future PyTorch release outputs will not be resized unless they have zero elements. You can explicitly reuse an out tensor t by resizing it, inplace, to zero elements with t.resize_(0). (Triggered internally at  /opt/conda/conda-bld/pytorch_1603729096996/work/aten/src/ATen/native/Resize.cpp:19.)
  torch.mul(self.topk_scores, length_penalty, out=self.topk_log_probs)
[2020-12-22 15:02:50,844 INFO] PRED AVG SCORE: -0.4778, PRED PPL: 1.6125
[2020-12-22 15:02:50,844 INFO] GOLD AVG SCORE: -1.5796, GOLD PPL: 4.8528
