# Translating with checkpoint data/wmt/run/model_step_100000.pt
[2020-12-22 11:47:33,817 INFO] Translating shard 0.
/home/jefhe/anaconda3/envs/opennmt/lib/python3.8/site-packages/onmt/translate/beam_search.py:209: UserWarning: An output with one or more elements was resized since it had shape [890], which does not match the required output shape [178, 5].This behavior is deprecated, and in a future PyTorch release outputs will not be resized unless they have zero elements. You can explicitly reuse an out tensor t by resizing it, inplace, to zero elements with t.resize_(0). (Triggered internally at  /opt/conda/conda-bld/pytorch_1603729096996/work/aten/src/ATen/native/Resize.cpp:19.)
  torch.mul(self.topk_scores, length_penalty, out=self.topk_log_probs)
/home/jefhe/anaconda3/envs/opennmt/lib/python3.8/site-packages/onmt/translate/beam_search.py:209: UserWarning: An output with one or more elements was resized since it had shape [1020], which does not match the required output shape [204, 5].This behavior is deprecated, and in a future PyTorch release outputs will not be resized unless they have zero elements. You can explicitly reuse an out tensor t by resizing it, inplace, to zero elements with t.resize_(0). (Triggered internally at  /opt/conda/conda-bld/pytorch_1603729096996/work/aten/src/ATen/native/Resize.cpp:19.)
  torch.mul(self.topk_scores, length_penalty, out=self.topk_log_probs)
/home/jefhe/anaconda3/envs/opennmt/lib/python3.8/site-packages/onmt/translate/beam_search.py:209: UserWarning: An output with one or more elements was resized since it had shape [920], which does not match the required output shape [184, 5].This behavior is deprecated, and in a future PyTorch release outputs will not be resized unless they have zero elements. You can explicitly reuse an out tensor t by resizing it, inplace, to zero elements with t.resize_(0). (Triggered internally at  /opt/conda/conda-bld/pytorch_1603729096996/work/aten/src/ATen/native/Resize.cpp:19.)
  torch.mul(self.topk_scores, length_penalty, out=self.topk_log_probs)
/home/jefhe/anaconda3/envs/opennmt/lib/python3.8/site-packages/onmt/translate/beam_search.py:209: UserWarning: An output with one or more elements was resized since it had shape [65], which does not match the required output shape [13, 5].This behavior is deprecated, and in a future PyTorch release outputs will not be resized unless they have zero elements. You can explicitly reuse an out tensor t by resizing it, inplace, to zero elements with t.resize_(0). (Triggered internally at  /opt/conda/conda-bld/pytorch_1603729096996/work/aten/src/ATen/native/Resize.cpp:19.)
  torch.mul(self.topk_scores, length_penalty, out=self.topk_log_probs)
[2020-12-22 11:47:47,019 INFO] PRED AVG SCORE: -0.5925, PRED PPL: 1.8085
[2020-12-22 11:47:47,019 INFO] GOLD AVG SCORE: -2.5932, GOLD PPL: 13.3728
# Translating with checkpoint data/wmt/run/model_step_55000.pt
[2020-12-22 11:47:53,029 INFO] Translating shard 0.
/home/jefhe/anaconda3/envs/opennmt/lib/python3.8/site-packages/onmt/translate/beam_search.py:209: UserWarning: An output with one or more elements was resized since it had shape [890], which does not match the required output shape [178, 5].This behavior is deprecated, and in a future PyTorch release outputs will not be resized unless they have zero elements. You can explicitly reuse an out tensor t by resizing it, inplace, to zero elements with t.resize_(0). (Triggered internally at  /opt/conda/conda-bld/pytorch_1603729096996/work/aten/src/ATen/native/Resize.cpp:19.)
  torch.mul(self.topk_scores, length_penalty, out=self.topk_log_probs)
/home/jefhe/anaconda3/envs/opennmt/lib/python3.8/site-packages/onmt/translate/beam_search.py:209: UserWarning: An output with one or more elements was resized since it had shape [1020], which does not match the required output shape [204, 5].This behavior is deprecated, and in a future PyTorch release outputs will not be resized unless they have zero elements. You can explicitly reuse an out tensor t by resizing it, inplace, to zero elements with t.resize_(0). (Triggered internally at  /opt/conda/conda-bld/pytorch_1603729096996/work/aten/src/ATen/native/Resize.cpp:19.)
  torch.mul(self.topk_scores, length_penalty, out=self.topk_log_probs)
/home/jefhe/anaconda3/envs/opennmt/lib/python3.8/site-packages/onmt/translate/beam_search.py:209: UserWarning: An output with one or more elements was resized since it had shape [920], which does not match the required output shape [184, 5].This behavior is deprecated, and in a future PyTorch release outputs will not be resized unless they have zero elements. You can explicitly reuse an out tensor t by resizing it, inplace, to zero elements with t.resize_(0). (Triggered internally at  /opt/conda/conda-bld/pytorch_1603729096996/work/aten/src/ATen/native/Resize.cpp:19.)
  torch.mul(self.topk_scores, length_penalty, out=self.topk_log_probs)
/home/jefhe/anaconda3/envs/opennmt/lib/python3.8/site-packages/onmt/translate/beam_search.py:209: UserWarning: An output with one or more elements was resized since it had shape [65], which does not match the required output shape [13, 5].This behavior is deprecated, and in a future PyTorch release outputs will not be resized unless they have zero elements. You can explicitly reuse an out tensor t by resizing it, inplace, to zero elements with t.resize_(0). (Triggered internally at  /opt/conda/conda-bld/pytorch_1603729096996/work/aten/src/ATen/native/Resize.cpp:19.)
  torch.mul(self.topk_scores, length_penalty, out=self.topk_log_probs)
[2020-12-22 11:48:05,906 INFO] PRED AVG SCORE: -0.6122, PRED PPL: 1.8445
[2020-12-22 11:48:05,907 INFO] GOLD AVG SCORE: -2.6914, GOLD PPL: 14.7529
# Translating with checkpoint data/wmt/run/model_step_60000.pt
[2020-12-22 11:48:11,736 INFO] Translating shard 0.
/home/jefhe/anaconda3/envs/opennmt/lib/python3.8/site-packages/onmt/translate/beam_search.py:209: UserWarning: An output with one or more elements was resized since it had shape [890], which does not match the required output shape [178, 5].This behavior is deprecated, and in a future PyTorch release outputs will not be resized unless they have zero elements. You can explicitly reuse an out tensor t by resizing it, inplace, to zero elements with t.resize_(0). (Triggered internally at  /opt/conda/conda-bld/pytorch_1603729096996/work/aten/src/ATen/native/Resize.cpp:19.)
  torch.mul(self.topk_scores, length_penalty, out=self.topk_log_probs)
/home/jefhe/anaconda3/envs/opennmt/lib/python3.8/site-packages/onmt/translate/beam_search.py:209: UserWarning: An output with one or more elements was resized since it had shape [1020], which does not match the required output shape [204, 5].This behavior is deprecated, and in a future PyTorch release outputs will not be resized unless they have zero elements. You can explicitly reuse an out tensor t by resizing it, inplace, to zero elements with t.resize_(0). (Triggered internally at  /opt/conda/conda-bld/pytorch_1603729096996/work/aten/src/ATen/native/Resize.cpp:19.)
  torch.mul(self.topk_scores, length_penalty, out=self.topk_log_probs)
/home/jefhe/anaconda3/envs/opennmt/lib/python3.8/site-packages/onmt/translate/beam_search.py:209: UserWarning: An output with one or more elements was resized since it had shape [920], which does not match the required output shape [184, 5].This behavior is deprecated, and in a future PyTorch release outputs will not be resized unless they have zero elements. You can explicitly reuse an out tensor t by resizing it, inplace, to zero elements with t.resize_(0). (Triggered internally at  /opt/conda/conda-bld/pytorch_1603729096996/work/aten/src/ATen/native/Resize.cpp:19.)
  torch.mul(self.topk_scores, length_penalty, out=self.topk_log_probs)
/home/jefhe/anaconda3/envs/opennmt/lib/python3.8/site-packages/onmt/translate/beam_search.py:209: UserWarning: An output with one or more elements was resized since it had shape [65], which does not match the required output shape [13, 5].This behavior is deprecated, and in a future PyTorch release outputs will not be resized unless they have zero elements. You can explicitly reuse an out tensor t by resizing it, inplace, to zero elements with t.resize_(0). (Triggered internally at  /opt/conda/conda-bld/pytorch_1603729096996/work/aten/src/ATen/native/Resize.cpp:19.)
  torch.mul(self.topk_scores, length_penalty, out=self.topk_log_probs)
[2020-12-22 11:48:24,991 INFO] PRED AVG SCORE: -0.6105, PRED PPL: 1.8413
[2020-12-22 11:48:24,991 INFO] GOLD AVG SCORE: -2.6783, GOLD PPL: 14.5605
# Translating with checkpoint data/wmt/run/model_step_65000.pt
[2020-12-22 11:48:30,770 INFO] Translating shard 0.
/home/jefhe/anaconda3/envs/opennmt/lib/python3.8/site-packages/onmt/translate/beam_search.py:209: UserWarning: An output with one or more elements was resized since it had shape [890], which does not match the required output shape [178, 5].This behavior is deprecated, and in a future PyTorch release outputs will not be resized unless they have zero elements. You can explicitly reuse an out tensor t by resizing it, inplace, to zero elements with t.resize_(0). (Triggered internally at  /opt/conda/conda-bld/pytorch_1603729096996/work/aten/src/ATen/native/Resize.cpp:19.)
  torch.mul(self.topk_scores, length_penalty, out=self.topk_log_probs)
/home/jefhe/anaconda3/envs/opennmt/lib/python3.8/site-packages/onmt/translate/beam_search.py:209: UserWarning: An output with one or more elements was resized since it had shape [1020], which does not match the required output shape [204, 5].This behavior is deprecated, and in a future PyTorch release outputs will not be resized unless they have zero elements. You can explicitly reuse an out tensor t by resizing it, inplace, to zero elements with t.resize_(0). (Triggered internally at  /opt/conda/conda-bld/pytorch_1603729096996/work/aten/src/ATen/native/Resize.cpp:19.)
  torch.mul(self.topk_scores, length_penalty, out=self.topk_log_probs)
/home/jefhe/anaconda3/envs/opennmt/lib/python3.8/site-packages/onmt/translate/beam_search.py:209: UserWarning: An output with one or more elements was resized since it had shape [920], which does not match the required output shape [184, 5].This behavior is deprecated, and in a future PyTorch release outputs will not be resized unless they have zero elements. You can explicitly reuse an out tensor t by resizing it, inplace, to zero elements with t.resize_(0). (Triggered internally at  /opt/conda/conda-bld/pytorch_1603729096996/work/aten/src/ATen/native/Resize.cpp:19.)
  torch.mul(self.topk_scores, length_penalty, out=self.topk_log_probs)
/home/jefhe/anaconda3/envs/opennmt/lib/python3.8/site-packages/onmt/translate/beam_search.py:209: UserWarning: An output with one or more elements was resized since it had shape [65], which does not match the required output shape [13, 5].This behavior is deprecated, and in a future PyTorch release outputs will not be resized unless they have zero elements. You can explicitly reuse an out tensor t by resizing it, inplace, to zero elements with t.resize_(0). (Triggered internally at  /opt/conda/conda-bld/pytorch_1603729096996/work/aten/src/ATen/native/Resize.cpp:19.)
  torch.mul(self.topk_scores, length_penalty, out=self.topk_log_probs)
[2020-12-22 11:48:44,473 INFO] PRED AVG SCORE: -0.5949, PRED PPL: 1.8128
[2020-12-22 11:48:44,474 INFO] GOLD AVG SCORE: -2.6322, GOLD PPL: 13.9046
# Translating with checkpoint data/wmt/run/model_step_70000.pt
[2020-12-22 11:48:50,339 INFO] Translating shard 0.
/home/jefhe/anaconda3/envs/opennmt/lib/python3.8/site-packages/onmt/translate/beam_search.py:209: UserWarning: An output with one or more elements was resized since it had shape [890], which does not match the required output shape [178, 5].This behavior is deprecated, and in a future PyTorch release outputs will not be resized unless they have zero elements. You can explicitly reuse an out tensor t by resizing it, inplace, to zero elements with t.resize_(0). (Triggered internally at  /opt/conda/conda-bld/pytorch_1603729096996/work/aten/src/ATen/native/Resize.cpp:19.)
  torch.mul(self.topk_scores, length_penalty, out=self.topk_log_probs)
/home/jefhe/anaconda3/envs/opennmt/lib/python3.8/site-packages/onmt/translate/beam_search.py:209: UserWarning: An output with one or more elements was resized since it had shape [1020], which does not match the required output shape [204, 5].This behavior is deprecated, and in a future PyTorch release outputs will not be resized unless they have zero elements. You can explicitly reuse an out tensor t by resizing it, inplace, to zero elements with t.resize_(0). (Triggered internally at  /opt/conda/conda-bld/pytorch_1603729096996/work/aten/src/ATen/native/Resize.cpp:19.)
  torch.mul(self.topk_scores, length_penalty, out=self.topk_log_probs)
/home/jefhe/anaconda3/envs/opennmt/lib/python3.8/site-packages/onmt/translate/beam_search.py:209: UserWarning: An output with one or more elements was resized since it had shape [920], which does not match the required output shape [184, 5].This behavior is deprecated, and in a future PyTorch release outputs will not be resized unless they have zero elements. You can explicitly reuse an out tensor t by resizing it, inplace, to zero elements with t.resize_(0). (Triggered internally at  /opt/conda/conda-bld/pytorch_1603729096996/work/aten/src/ATen/native/Resize.cpp:19.)
  torch.mul(self.topk_scores, length_penalty, out=self.topk_log_probs)
/home/jefhe/anaconda3/envs/opennmt/lib/python3.8/site-packages/onmt/translate/beam_search.py:209: UserWarning: An output with one or more elements was resized since it had shape [65], which does not match the required output shape [13, 5].This behavior is deprecated, and in a future PyTorch release outputs will not be resized unless they have zero elements. You can explicitly reuse an out tensor t by resizing it, inplace, to zero elements with t.resize_(0). (Triggered internally at  /opt/conda/conda-bld/pytorch_1603729096996/work/aten/src/ATen/native/Resize.cpp:19.)
  torch.mul(self.topk_scores, length_penalty, out=self.topk_log_probs)
[2020-12-22 11:49:03,658 INFO] PRED AVG SCORE: -0.5990, PRED PPL: 1.8203
[2020-12-22 11:49:03,658 INFO] GOLD AVG SCORE: -2.6242, GOLD PPL: 13.7936
# Translating with checkpoint data/wmt/run/model_step_75000.pt
[2020-12-22 11:49:09,675 INFO] Translating shard 0.
/home/jefhe/anaconda3/envs/opennmt/lib/python3.8/site-packages/onmt/translate/beam_search.py:209: UserWarning: An output with one or more elements was resized since it had shape [890], which does not match the required output shape [178, 5].This behavior is deprecated, and in a future PyTorch release outputs will not be resized unless they have zero elements. You can explicitly reuse an out tensor t by resizing it, inplace, to zero elements with t.resize_(0). (Triggered internally at  /opt/conda/conda-bld/pytorch_1603729096996/work/aten/src/ATen/native/Resize.cpp:19.)
  torch.mul(self.topk_scores, length_penalty, out=self.topk_log_probs)
/home/jefhe/anaconda3/envs/opennmt/lib/python3.8/site-packages/onmt/translate/beam_search.py:209: UserWarning: An output with one or more elements was resized since it had shape [1020], which does not match the required output shape [204, 5].This behavior is deprecated, and in a future PyTorch release outputs will not be resized unless they have zero elements. You can explicitly reuse an out tensor t by resizing it, inplace, to zero elements with t.resize_(0). (Triggered internally at  /opt/conda/conda-bld/pytorch_1603729096996/work/aten/src/ATen/native/Resize.cpp:19.)
  torch.mul(self.topk_scores, length_penalty, out=self.topk_log_probs)
/home/jefhe/anaconda3/envs/opennmt/lib/python3.8/site-packages/onmt/translate/beam_search.py:209: UserWarning: An output with one or more elements was resized since it had shape [920], which does not match the required output shape [184, 5].This behavior is deprecated, and in a future PyTorch release outputs will not be resized unless they have zero elements. You can explicitly reuse an out tensor t by resizing it, inplace, to zero elements with t.resize_(0). (Triggered internally at  /opt/conda/conda-bld/pytorch_1603729096996/work/aten/src/ATen/native/Resize.cpp:19.)
  torch.mul(self.topk_scores, length_penalty, out=self.topk_log_probs)
/home/jefhe/anaconda3/envs/opennmt/lib/python3.8/site-packages/onmt/translate/beam_search.py:209: UserWarning: An output with one or more elements was resized since it had shape [65], which does not match the required output shape [13, 5].This behavior is deprecated, and in a future PyTorch release outputs will not be resized unless they have zero elements. You can explicitly reuse an out tensor t by resizing it, inplace, to zero elements with t.resize_(0). (Triggered internally at  /opt/conda/conda-bld/pytorch_1603729096996/work/aten/src/ATen/native/Resize.cpp:19.)
  torch.mul(self.topk_scores, length_penalty, out=self.topk_log_probs)
[2020-12-22 11:49:23,521 INFO] PRED AVG SCORE: -0.6033, PRED PPL: 1.8281
[2020-12-22 11:49:23,522 INFO] GOLD AVG SCORE: -2.6421, GOLD PPL: 14.0427
# Translating with checkpoint data/wmt/run/model_step_80000.pt
[2020-12-22 11:49:29,308 INFO] Translating shard 0.
/home/jefhe/anaconda3/envs/opennmt/lib/python3.8/site-packages/onmt/translate/beam_search.py:209: UserWarning: An output with one or more elements was resized since it had shape [890], which does not match the required output shape [178, 5].This behavior is deprecated, and in a future PyTorch release outputs will not be resized unless they have zero elements. You can explicitly reuse an out tensor t by resizing it, inplace, to zero elements with t.resize_(0). (Triggered internally at  /opt/conda/conda-bld/pytorch_1603729096996/work/aten/src/ATen/native/Resize.cpp:19.)
  torch.mul(self.topk_scores, length_penalty, out=self.topk_log_probs)
/home/jefhe/anaconda3/envs/opennmt/lib/python3.8/site-packages/onmt/translate/beam_search.py:209: UserWarning: An output with one or more elements was resized since it had shape [1020], which does not match the required output shape [204, 5].This behavior is deprecated, and in a future PyTorch release outputs will not be resized unless they have zero elements. You can explicitly reuse an out tensor t by resizing it, inplace, to zero elements with t.resize_(0). (Triggered internally at  /opt/conda/conda-bld/pytorch_1603729096996/work/aten/src/ATen/native/Resize.cpp:19.)
  torch.mul(self.topk_scores, length_penalty, out=self.topk_log_probs)
/home/jefhe/anaconda3/envs/opennmt/lib/python3.8/site-packages/onmt/translate/beam_search.py:209: UserWarning: An output with one or more elements was resized since it had shape [920], which does not match the required output shape [184, 5].This behavior is deprecated, and in a future PyTorch release outputs will not be resized unless they have zero elements. You can explicitly reuse an out tensor t by resizing it, inplace, to zero elements with t.resize_(0). (Triggered internally at  /opt/conda/conda-bld/pytorch_1603729096996/work/aten/src/ATen/native/Resize.cpp:19.)
  torch.mul(self.topk_scores, length_penalty, out=self.topk_log_probs)
/home/jefhe/anaconda3/envs/opennmt/lib/python3.8/site-packages/onmt/translate/beam_search.py:209: UserWarning: An output with one or more elements was resized since it had shape [65], which does not match the required output shape [13, 5].This behavior is deprecated, and in a future PyTorch release outputs will not be resized unless they have zero elements. You can explicitly reuse an out tensor t by resizing it, inplace, to zero elements with t.resize_(0). (Triggered internally at  /opt/conda/conda-bld/pytorch_1603729096996/work/aten/src/ATen/native/Resize.cpp:19.)
  torch.mul(self.topk_scores, length_penalty, out=self.topk_log_probs)
[2020-12-22 11:49:42,570 INFO] PRED AVG SCORE: -0.6010, PRED PPL: 1.8240
[2020-12-22 11:49:42,571 INFO] GOLD AVG SCORE: -2.6242, GOLD PPL: 13.7938
# Translating with checkpoint data/wmt/run/model_step_85000.pt
[2020-12-22 11:49:48,453 INFO] Translating shard 0.
/home/jefhe/anaconda3/envs/opennmt/lib/python3.8/site-packages/onmt/translate/beam_search.py:209: UserWarning: An output with one or more elements was resized since it had shape [890], which does not match the required output shape [178, 5].This behavior is deprecated, and in a future PyTorch release outputs will not be resized unless they have zero elements. You can explicitly reuse an out tensor t by resizing it, inplace, to zero elements with t.resize_(0). (Triggered internally at  /opt/conda/conda-bld/pytorch_1603729096996/work/aten/src/ATen/native/Resize.cpp:19.)
  torch.mul(self.topk_scores, length_penalty, out=self.topk_log_probs)
/home/jefhe/anaconda3/envs/opennmt/lib/python3.8/site-packages/onmt/translate/beam_search.py:209: UserWarning: An output with one or more elements was resized since it had shape [1020], which does not match the required output shape [204, 5].This behavior is deprecated, and in a future PyTorch release outputs will not be resized unless they have zero elements. You can explicitly reuse an out tensor t by resizing it, inplace, to zero elements with t.resize_(0). (Triggered internally at  /opt/conda/conda-bld/pytorch_1603729096996/work/aten/src/ATen/native/Resize.cpp:19.)
  torch.mul(self.topk_scores, length_penalty, out=self.topk_log_probs)
/home/jefhe/anaconda3/envs/opennmt/lib/python3.8/site-packages/onmt/translate/beam_search.py:209: UserWarning: An output with one or more elements was resized since it had shape [920], which does not match the required output shape [184, 5].This behavior is deprecated, and in a future PyTorch release outputs will not be resized unless they have zero elements. You can explicitly reuse an out tensor t by resizing it, inplace, to zero elements with t.resize_(0). (Triggered internally at  /opt/conda/conda-bld/pytorch_1603729096996/work/aten/src/ATen/native/Resize.cpp:19.)
  torch.mul(self.topk_scores, length_penalty, out=self.topk_log_probs)
/home/jefhe/anaconda3/envs/opennmt/lib/python3.8/site-packages/onmt/translate/beam_search.py:209: UserWarning: An output with one or more elements was resized since it had shape [65], which does not match the required output shape [13, 5].This behavior is deprecated, and in a future PyTorch release outputs will not be resized unless they have zero elements. You can explicitly reuse an out tensor t by resizing it, inplace, to zero elements with t.resize_(0). (Triggered internally at  /opt/conda/conda-bld/pytorch_1603729096996/work/aten/src/ATen/native/Resize.cpp:19.)
  torch.mul(self.topk_scores, length_penalty, out=self.topk_log_probs)
[2020-12-22 11:50:01,557 INFO] PRED AVG SCORE: -0.5908, PRED PPL: 1.8054
[2020-12-22 11:50:01,558 INFO] GOLD AVG SCORE: -2.6051, GOLD PPL: 13.5324
# Translating with checkpoint data/wmt/run/model_step_90000.pt
[2020-12-22 11:50:07,259 INFO] Translating shard 0.
/home/jefhe/anaconda3/envs/opennmt/lib/python3.8/site-packages/onmt/translate/beam_search.py:209: UserWarning: An output with one or more elements was resized since it had shape [890], which does not match the required output shape [178, 5].This behavior is deprecated, and in a future PyTorch release outputs will not be resized unless they have zero elements. You can explicitly reuse an out tensor t by resizing it, inplace, to zero elements with t.resize_(0). (Triggered internally at  /opt/conda/conda-bld/pytorch_1603729096996/work/aten/src/ATen/native/Resize.cpp:19.)
  torch.mul(self.topk_scores, length_penalty, out=self.topk_log_probs)
/home/jefhe/anaconda3/envs/opennmt/lib/python3.8/site-packages/onmt/translate/beam_search.py:209: UserWarning: An output with one or more elements was resized since it had shape [1020], which does not match the required output shape [204, 5].This behavior is deprecated, and in a future PyTorch release outputs will not be resized unless they have zero elements. You can explicitly reuse an out tensor t by resizing it, inplace, to zero elements with t.resize_(0). (Triggered internally at  /opt/conda/conda-bld/pytorch_1603729096996/work/aten/src/ATen/native/Resize.cpp:19.)
  torch.mul(self.topk_scores, length_penalty, out=self.topk_log_probs)
/home/jefhe/anaconda3/envs/opennmt/lib/python3.8/site-packages/onmt/translate/beam_search.py:209: UserWarning: An output with one or more elements was resized since it had shape [920], which does not match the required output shape [184, 5].This behavior is deprecated, and in a future PyTorch release outputs will not be resized unless they have zero elements. You can explicitly reuse an out tensor t by resizing it, inplace, to zero elements with t.resize_(0). (Triggered internally at  /opt/conda/conda-bld/pytorch_1603729096996/work/aten/src/ATen/native/Resize.cpp:19.)
  torch.mul(self.topk_scores, length_penalty, out=self.topk_log_probs)
/home/jefhe/anaconda3/envs/opennmt/lib/python3.8/site-packages/onmt/translate/beam_search.py:209: UserWarning: An output with one or more elements was resized since it had shape [65], which does not match the required output shape [13, 5].This behavior is deprecated, and in a future PyTorch release outputs will not be resized unless they have zero elements. You can explicitly reuse an out tensor t by resizing it, inplace, to zero elements with t.resize_(0). (Triggered internally at  /opt/conda/conda-bld/pytorch_1603729096996/work/aten/src/ATen/native/Resize.cpp:19.)
  torch.mul(self.topk_scores, length_penalty, out=self.topk_log_probs)
[2020-12-22 11:50:20,537 INFO] PRED AVG SCORE: -0.5796, PRED PPL: 1.7853
[2020-12-22 11:50:20,537 INFO] GOLD AVG SCORE: -2.5788, GOLD PPL: 13.1815
# Translating with checkpoint data/wmt/run/model_step_95000.pt
[2020-12-22 11:50:26,330 INFO] Translating shard 0.
/home/jefhe/anaconda3/envs/opennmt/lib/python3.8/site-packages/onmt/translate/beam_search.py:209: UserWarning: An output with one or more elements was resized since it had shape [890], which does not match the required output shape [178, 5].This behavior is deprecated, and in a future PyTorch release outputs will not be resized unless they have zero elements. You can explicitly reuse an out tensor t by resizing it, inplace, to zero elements with t.resize_(0). (Triggered internally at  /opt/conda/conda-bld/pytorch_1603729096996/work/aten/src/ATen/native/Resize.cpp:19.)
  torch.mul(self.topk_scores, length_penalty, out=self.topk_log_probs)
/home/jefhe/anaconda3/envs/opennmt/lib/python3.8/site-packages/onmt/translate/beam_search.py:209: UserWarning: An output with one or more elements was resized since it had shape [1020], which does not match the required output shape [204, 5].This behavior is deprecated, and in a future PyTorch release outputs will not be resized unless they have zero elements. You can explicitly reuse an out tensor t by resizing it, inplace, to zero elements with t.resize_(0). (Triggered internally at  /opt/conda/conda-bld/pytorch_1603729096996/work/aten/src/ATen/native/Resize.cpp:19.)
  torch.mul(self.topk_scores, length_penalty, out=self.topk_log_probs)
/home/jefhe/anaconda3/envs/opennmt/lib/python3.8/site-packages/onmt/translate/beam_search.py:209: UserWarning: An output with one or more elements was resized since it had shape [920], which does not match the required output shape [184, 5].This behavior is deprecated, and in a future PyTorch release outputs will not be resized unless they have zero elements. You can explicitly reuse an out tensor t by resizing it, inplace, to zero elements with t.resize_(0). (Triggered internally at  /opt/conda/conda-bld/pytorch_1603729096996/work/aten/src/ATen/native/Resize.cpp:19.)
  torch.mul(self.topk_scores, length_penalty, out=self.topk_log_probs)
/home/jefhe/anaconda3/envs/opennmt/lib/python3.8/site-packages/onmt/translate/beam_search.py:209: UserWarning: An output with one or more elements was resized since it had shape [65], which does not match the required output shape [13, 5].This behavior is deprecated, and in a future PyTorch release outputs will not be resized unless they have zero elements. You can explicitly reuse an out tensor t by resizing it, inplace, to zero elements with t.resize_(0). (Triggered internally at  /opt/conda/conda-bld/pytorch_1603729096996/work/aten/src/ATen/native/Resize.cpp:19.)
  torch.mul(self.topk_scores, length_penalty, out=self.topk_log_probs)
[2020-12-22 11:50:39,377 INFO] PRED AVG SCORE: -0.5892, PRED PPL: 1.8026
[2020-12-22 11:50:39,377 INFO] GOLD AVG SCORE: -2.6035, GOLD PPL: 13.5111
